[ 2017-04-17T11:22:10+08:00 ] 127.0.0.1 127.0.0.1 GET /
[ log ] www.game.com/ [运行时间：0.130749s][吞吐率：7.65req/s] [内存消耗：3,885.31kb] [文件加载：51]
[ info ] [ LANG ] /Users/zhujunjie/www/game/thinkphp/lang/zh-cn.php
[ info ] [ ROUTE ] array (
  'type' => 'module',
  'module' => 
  array (
    0 => '',
    1 => NULL,
    2 => NULL,
  ),
)
[ info ] [ HEADER ] array (
  'host' => 'www.game.com',
  'connection' => 'keep-alive',
  'upgrade-insecure-requests' => '1',
  'user-agent' => 'Mozilla/5.0 (Macintosh; Intel Mac OS X 10_11_6) AppleWebKit/537.36 (KHTML, like Gecko) Chrome/56.0.2924.87 Safari/537.36',
  'accept' => 'text/html,application/xhtml+xml,application/xml;q=0.9,image/webp,*/*;q=0.8',
  'accept-encoding' => 'gzip, deflate, sdch',
  'accept-language' => 'zh-CN,zh;q=0.8,en;q=0.6',
  'cookie' => 'pgv_pvi=2990879744; laravel_session=eyJpdiI6InltZXhJVVQwSmQ2SUYzRnlGakFRVUE9PSIsInZhbHVlIjoiczBCaDhRRVY0V0FZYlhVZkJidFMrM21Ga2E0WjJQbXpsTXRWbVpacjFKWTZ1ejNXd2d4YWNCY1ZMZTRXQld5YXRYeEpcL0xJdEtYV3FTK0FhbVRvTGdBPT0iLCJtYWMiOiIyNGFmYWE0ODNjMGY2MzFkOWQ5N2EwNTAxYjc0YzRiNjhhOTJmMjNjNjUxMmU1ZjgwNmI3OWI2MjBhNzIyOTRhIn0%3D; _ga=GA1.2.1467539281.1490195187; Hm_lvt_741e9d38531a1c46006e455cfaca6af6=1490195187',
  'content-type' => '',
  'content-length' => '',
)
[ info ] [ PARAM ] array (
)
[ info ] [ RUN ] app\index\controller\Index->index[ /Users/zhujunjie/www/game/apps/index/controller/Index.php ]
[ info ] [ SESSION ] INIT array (
  'id' => '',
  'var_session_id' => '',
  'prefix' => 'think',
  'type' => '',
  'auto_start' => true,
)
[ info ] [ DB ] INIT mysql
[ info ] [ DB ] INIT mysql
[ info ] [ DB ] INIT mysql
[ info ] [ DB ] INIT mysql
[ info ] [ DB ] INIT mysql
[ info ] [ VIEW ] /Users/zhujunjie/www/game/public/../apps/index/view/index/index.html [ array (
  0 => 'user',
  1 => 'keyword',
  2 => 'data',
  3 => 'count',
  4 => 'config',
  5 => 'gamelist',
) ]
[ info ] [ LOG ] INIT File
[ sql ] [ DB ] CONNECT:[ UseTime:0.001549s ] mysql:dbname=game;host=127.0.0.1;port=3306;charset=utf8
[ sql ] [ SQL ] select T1.id,T1.user,T1.gid,T1.integral,T1.pintegral,T1.mistake,T1.pmistake,T1.total,T1.allit,T1.meback,T1.nextback,T1.misback,T1.misnextback,T1.exchange,T1.mistexhange,T1.name,T2.buytotal,T2.recovery,T2.addtime from (select u.id,u.user,i.gid,i.integral,i.mistake,i.pmistake,i.recovery,i.pintegral,i.total,i.allit,i.meback,i.nextback,i.misback,i.misnextback,i.exchange,i.mistexhange,g.name from g_user as u  left join g_ingame as i on u.id=i.uid left join g_game as g on g.id=i.gid where g.state=1 and  1= 1 ) as T1  left join (select uid,gid,max(addtime)as addtime,sum(case when state=1  then cgamebi  else 0 end) as buytotal, sum(case when state=2  then cgamebi  else 0 end) as recovery from  g_recharge  group by uid,gid) AS T2 on T1.id = T2.uid and T1.gid = T2.gid order by T1.user asc ,T2.addtime desc [ RunTime:0.009872s ]
[ sql ] [ DB ] CONNECT:[ UseTime:0.001301s ] mysql:dbname=game;host=127.0.0.1;port=3306;charset=utf8
[ sql ] [ SQL ] SHOW COLUMNS FROM `g_ingame` [ RunTime:0.001308s ]
[ sql ] [ SQL ] SELECT COUNT(*) AS tp_count FROM `g_ingame` WHERE  `pid` = 1  AND `gid` = 1 LIMIT 1     [ RunTime:0.000678s ]
[ sql ] [ SQL ] SELECT COUNT(*) AS tp_count FROM `g_ingame` WHERE  `pid` = 2  AND `gid` = 1 LIMIT 1     [ RunTime:0.000373s ]
[ sql ] [ DB ] CONNECT:[ UseTime:0.000803s ] mysql:dbname=game;host=127.0.0.1;port=3306;charset=utf8
[ sql ] [ SQL ] SHOW COLUMNS FROM `g_user` [ RunTime:0.000843s ]
[ sql ] [ SQL ] SELECT MAX(user) AS tp_max FROM `g_user` LIMIT 1   [ RunTime:0.000312s ]
[ sql ] [ DB ] CONNECT:[ UseTime:0.000776s ] mysql:dbname=game;host=127.0.0.1;port=3306;charset=utf8
[ sql ] [ SQL ] SHOW COLUMNS FROM `g_game` [ RunTime:0.000747s ]
[ sql ] [ SQL ] SELECT * FROM `g_game` WHERE  `state` = 1   [ RunTime:0.000363s ]
[ sql ] [ DB ] CONNECT:[ UseTime:0.000778s ] mysql:dbname=game;host=127.0.0.1;port=3306;charset=utf8
[ sql ] [ SQL ] SHOW COLUMNS FROM `g_config` [ RunTime:0.001450s ]
[ sql ] [ SQL ] SELECT * FROM `g_config` LIMIT 1   [ RunTime:0.000505s ]

---------------------------------------------------------------
[ 2017-04-17T11:35:18+08:00 ] 127.0.0.1 127.0.0.1 POST /index/index/exchange.html
[ log ] www.game.com/index/index/exchange.html [运行时间：0.043803s][吞吐率：22.83req/s] [内存消耗：3,729.13kb] [文件加载：50]
[ info ] [ LANG ] /Users/zhujunjie/www/game/thinkphp/lang/zh-cn.php
[ info ] [ ROUTE ] array (
  'type' => 'module',
  'module' => 
  array (
    0 => 'index',
    1 => 'index',
    2 => 'exchange',
  ),
)
[ info ] [ HEADER ] array (
  'host' => 'www.game.com',
  'connection' => 'keep-alive',
  'content-length' => '32',
  'accept' => '*/*',
  'origin' => 'http://www.game.com',
  'x-requested-with' => 'XMLHttpRequest',
  'user-agent' => 'Mozilla/5.0 (Macintosh; Intel Mac OS X 10_11_6) AppleWebKit/537.36 (KHTML, like Gecko) Chrome/56.0.2924.87 Safari/537.36',
  'content-type' => 'application/x-www-form-urlencoded; charset=UTF-8',
  'referer' => 'http://www.game.com/',
  'accept-encoding' => 'gzip, deflate',
  'accept-language' => 'zh-CN,zh;q=0.8,en;q=0.6',
  'cookie' => 'pgv_pvi=2990879744; laravel_session=eyJpdiI6InltZXhJVVQwSmQ2SUYzRnlGakFRVUE9PSIsInZhbHVlIjoiczBCaDhRRVY0V0FZYlhVZkJidFMrM21Ga2E0WjJQbXpsTXRWbVpacjFKWTZ1ejNXd2d4YWNCY1ZMZTRXQld5YXRYeEpcL0xJdEtYV3FTK0FhbVRvTGdBPT0iLCJtYWMiOiIyNGFmYWE0ODNjMGY2MzFkOWQ5N2EwNTAxYjc0YzRiNjhhOTJmMjNjNjUxMmU1ZjgwNmI3OWI2MjBhNzIyOTRhIn0%3D; _ga=GA1.2.1467539281.1490195187; Hm_lvt_741e9d38531a1c46006e455cfaca6af6=1490195187; PHPSESSID=jl0ja78dgdvhoujsgpobor79g6',
)
[ info ] [ PARAM ] array (
  'uid' => '1',
  'gid' => '1',
  'cgamebi' => '6000',
  'state' => '4',
)
[ info ] [ RUN ] app\index\controller\Index->exchange[ /Users/zhujunjie/www/game/apps/index/controller/Index.php ]
[ info ] [ DB ] INIT mysql
[ info ] [ DB ] INIT mysql
[ info ] [ DB ] INIT mysql
[ info ] [ LOG ] INIT File
[ sql ] [ DB ] CONNECT:[ UseTime:0.001007s ] mysql:dbname=game;host=127.0.0.1;port=3306;charset=utf8
[ sql ] [ SQL ] SHOW COLUMNS FROM `g_ingame` [ RunTime:0.000853s ]
[ sql ] [ SQL ] SELECT `integral`,`pintegral`,`mistake`,`pmistake`,`exchange`,`pexchange`,`mistexhange`,`pmistexhange` FROM `g_ingame` WHERE  `uid` = 1  AND `gid` = 1 LIMIT 1     [ RunTime:0.000453s ]
[ sql ] [ DB ] CONNECT:[ UseTime:0.000764s ] mysql:dbname=game;host=127.0.0.1;port=3306;charset=utf8
[ sql ] [ SQL ] UPDATE `g_ingame`  SET `mistake`=73170,`exchange`=6000  WHERE  `uid` = 1  AND `gid` = 1       [ RunTime:0.001762s ]
[ sql ] [ DB ] CONNECT:[ UseTime:0.000726s ] mysql:dbname=game;host=127.0.0.1;port=3306;charset=utf8
[ sql ] [ SQL ] SHOW COLUMNS FROM `g_recharge` [ RunTime:0.000845s ]
[ sql ] [ SQL ] INSERT INTO `g_recharge` (`uid` , `gid` , `cgamebi` , `state` , `money` , `addtime`) VALUES (1 , 1 , 6000 , 4 , '0' , 1492400118)        [ RunTime:0.000540s ]

---------------------------------------------------------------
[ 2017-04-17T11:35:20+08:00 ] 127.0.0.1 127.0.0.1 GET /
[ log ] www.game.com/ [运行时间：0.061508s][吞吐率：16.26req/s] [内存消耗：3,884.98kb] [文件加载：51]
[ info ] [ LANG ] /Users/zhujunjie/www/game/thinkphp/lang/zh-cn.php
[ info ] [ ROUTE ] array (
  'type' => 'module',
  'module' => 
  array (
    0 => '',
    1 => NULL,
    2 => NULL,
  ),
)
[ info ] [ HEADER ] array (
  'host' => 'www.game.com',
  'connection' => 'keep-alive',
  'cache-control' => 'max-age=0',
  'upgrade-insecure-requests' => '1',
  'user-agent' => 'Mozilla/5.0 (Macintosh; Intel Mac OS X 10_11_6) AppleWebKit/537.36 (KHTML, like Gecko) Chrome/56.0.2924.87 Safari/537.36',
  'accept' => 'text/html,application/xhtml+xml,application/xml;q=0.9,image/webp,*/*;q=0.8',
  'referer' => 'http://www.game.com/',
  'accept-encoding' => 'gzip, deflate, sdch',
  'accept-language' => 'zh-CN,zh;q=0.8,en;q=0.6',
  'cookie' => 'pgv_pvi=2990879744; laravel_session=eyJpdiI6InltZXhJVVQwSmQ2SUYzRnlGakFRVUE9PSIsInZhbHVlIjoiczBCaDhRRVY0V0FZYlhVZkJidFMrM21Ga2E0WjJQbXpsTXRWbVpacjFKWTZ1ejNXd2d4YWNCY1ZMZTRXQld5YXRYeEpcL0xJdEtYV3FTK0FhbVRvTGdBPT0iLCJtYWMiOiIyNGFmYWE0ODNjMGY2MzFkOWQ5N2EwNTAxYjc0YzRiNjhhOTJmMjNjNjUxMmU1ZjgwNmI3OWI2MjBhNzIyOTRhIn0%3D; _ga=GA1.2.1467539281.1490195187; Hm_lvt_741e9d38531a1c46006e455cfaca6af6=1490195187; PHPSESSID=jl0ja78dgdvhoujsgpobor79g6',
  'content-type' => '',
  'content-length' => '',
)
[ info ] [ PARAM ] array (
)
[ info ] [ RUN ] app\index\controller\Index->index[ /Users/zhujunjie/www/game/apps/index/controller/Index.php ]
[ info ] [ SESSION ] INIT array (
  'id' => '',
  'var_session_id' => '',
  'prefix' => 'think',
  'type' => '',
  'auto_start' => true,
)
[ info ] [ DB ] INIT mysql
[ info ] [ DB ] INIT mysql
[ info ] [ DB ] INIT mysql
[ info ] [ DB ] INIT mysql
[ info ] [ DB ] INIT mysql
[ info ] [ VIEW ] /Users/zhujunjie/www/game/public/../apps/index/view/index/index.html [ array (
  0 => 'user',
  1 => 'keyword',
  2 => 'data',
  3 => 'count',
  4 => 'config',
  5 => 'gamelist',
) ]
[ info ] [ LOG ] INIT File
[ sql ] [ DB ] CONNECT:[ UseTime:0.000940s ] mysql:dbname=game;host=127.0.0.1;port=3306;charset=utf8
[ sql ] [ SQL ] select T1.id,T1.user,T1.gid,T1.integral,T1.pintegral,T1.mistake,T1.pmistake,T1.total,T1.allit,T1.meback,T1.nextback,T1.misback,T1.misnextback,T1.exchange,T1.mistexhange,T1.name,T2.buytotal,T2.recovery,T2.addtime from (select u.id,u.user,i.gid,i.integral,i.mistake,i.pmistake,i.recovery,i.pintegral,i.total,i.allit,i.meback,i.nextback,i.misback,i.misnextback,i.exchange,i.mistexhange,g.name from g_user as u  left join g_ingame as i on u.id=i.uid left join g_game as g on g.id=i.gid where g.state=1 and  1= 1 ) as T1  left join (select uid,gid,max(addtime)as addtime,sum(case when state=1  then cgamebi  else 0 end) as buytotal, sum(case when state=2  then cgamebi  else 0 end) as recovery from  g_recharge  group by uid,gid) AS T2 on T1.id = T2.uid and T1.gid = T2.gid order by T1.user asc ,T2.addtime desc [ RunTime:0.002725s ]
[ sql ] [ DB ] CONNECT:[ UseTime:0.001351s ] mysql:dbname=game;host=127.0.0.1;port=3306;charset=utf8
[ sql ] [ SQL ] SHOW COLUMNS FROM `g_ingame` [ RunTime:0.000812s ]
[ sql ] [ SQL ] SELECT COUNT(*) AS tp_count FROM `g_ingame` WHERE  `pid` = 1  AND `gid` = 1 LIMIT 1     [ RunTime:0.000383s ]
[ sql ] [ SQL ] SELECT COUNT(*) AS tp_count FROM `g_ingame` WHERE  `pid` = 2  AND `gid` = 1 LIMIT 1     [ RunTime:0.000373s ]
[ sql ] [ DB ] CONNECT:[ UseTime:0.000784s ] mysql:dbname=game;host=127.0.0.1;port=3306;charset=utf8
[ sql ] [ SQL ] SHOW COLUMNS FROM `g_user` [ RunTime:0.000685s ]
[ sql ] [ SQL ] SELECT MAX(user) AS tp_max FROM `g_user` LIMIT 1   [ RunTime:0.000270s ]
[ sql ] [ DB ] CONNECT:[ UseTime:0.000717s ] mysql:dbname=game;host=127.0.0.1;port=3306;charset=utf8
[ sql ] [ SQL ] SHOW COLUMNS FROM `g_game` [ RunTime:0.000644s ]
[ sql ] [ SQL ] SELECT * FROM `g_game` WHERE  `state` = 1   [ RunTime:0.000323s ]
[ sql ] [ DB ] CONNECT:[ UseTime:0.000728s ] mysql:dbname=game;host=127.0.0.1;port=3306;charset=utf8
[ sql ] [ SQL ] SHOW COLUMNS FROM `g_config` [ RunTime:0.000623s ]
[ sql ] [ SQL ] SELECT * FROM `g_config` LIMIT 1   [ RunTime:0.000281s ]

---------------------------------------------------------------
[ 2017-04-17T11:35:38+08:00 ] 127.0.0.1 127.0.0.1 POST /index/index/exchange.html
[ log ] www.game.com/index/index/exchange.html [运行时间：0.031179s][吞吐率：32.07req/s] [内存消耗：3,729.33kb] [文件加载：50]
[ info ] [ LANG ] /Users/zhujunjie/www/game/thinkphp/lang/zh-cn.php
[ info ] [ ROUTE ] array (
  'type' => 'module',
  'module' => 
  array (
    0 => 'index',
    1 => 'index',
    2 => 'exchange',
  ),
)
[ info ] [ HEADER ] array (
  'host' => 'www.game.com',
  'connection' => 'keep-alive',
  'content-length' => '32',
  'accept' => '*/*',
  'origin' => 'http://www.game.com',
  'x-requested-with' => 'XMLHttpRequest',
  'user-agent' => 'Mozilla/5.0 (Macintosh; Intel Mac OS X 10_11_6) AppleWebKit/537.36 (KHTML, like Gecko) Chrome/56.0.2924.87 Safari/537.36',
  'content-type' => 'application/x-www-form-urlencoded; charset=UTF-8',
  'referer' => 'http://www.game.com/',
  'accept-encoding' => 'gzip, deflate',
  'accept-language' => 'zh-CN,zh;q=0.8,en;q=0.6',
  'cookie' => 'pgv_pvi=2990879744; laravel_session=eyJpdiI6InltZXhJVVQwSmQ2SUYzRnlGakFRVUE9PSIsInZhbHVlIjoiczBCaDhRRVY0V0FZYlhVZkJidFMrM21Ga2E0WjJQbXpsTXRWbVpacjFKWTZ1ejNXd2d4YWNCY1ZMZTRXQld5YXRYeEpcL0xJdEtYV3FTK0FhbVRvTGdBPT0iLCJtYWMiOiIyNGFmYWE0ODNjMGY2MzFkOWQ5N2EwNTAxYjc0YzRiNjhhOTJmMjNjNjUxMmU1ZjgwNmI3OWI2MjBhNzIyOTRhIn0%3D; _ga=GA1.2.1467539281.1490195187; Hm_lvt_741e9d38531a1c46006e455cfaca6af6=1490195187; PHPSESSID=jl0ja78dgdvhoujsgpobor79g6',
)
[ info ] [ PARAM ] array (
  'uid' => '1',
  'gid' => '1',
  'cgamebi' => '6000',
  'state' => '7',
)
[ info ] [ RUN ] app\index\controller\Index->exchange[ /Users/zhujunjie/www/game/apps/index/controller/Index.php ]
[ info ] [ DB ] INIT mysql
[ info ] [ DB ] INIT mysql
[ info ] [ DB ] INIT mysql
[ info ] [ LOG ] INIT File
[ sql ] [ DB ] CONNECT:[ UseTime:0.001075s ] mysql:dbname=game;host=127.0.0.1;port=3306;charset=utf8
[ sql ] [ SQL ] SHOW COLUMNS FROM `g_ingame` [ RunTime:0.000712s ]
[ sql ] [ SQL ] SELECT `integral`,`pintegral`,`mistake`,`pmistake`,`exchange`,`pexchange`,`mistexhange`,`pmistexhange` FROM `g_ingame` WHERE  `uid` = 1  AND `gid` = 1 LIMIT 1     [ RunTime:0.000438s ]
[ sql ] [ DB ] CONNECT:[ UseTime:0.000814s ] mysql:dbname=game;host=127.0.0.1;port=3306;charset=utf8
[ sql ] [ SQL ] UPDATE `g_ingame`  SET `mistexhange`=6000,`pintegral`=63600  WHERE  `uid` = 1  AND `gid` = 1       [ RunTime:0.000400s ]
[ sql ] [ DB ] CONNECT:[ UseTime:0.000762s ] mysql:dbname=game;host=127.0.0.1;port=3306;charset=utf8
[ sql ] [ SQL ] SHOW COLUMNS FROM `g_recharge` [ RunTime:0.000676s ]
[ sql ] [ SQL ] INSERT INTO `g_recharge` (`uid` , `gid` , `cgamebi` , `state` , `money` , `addtime`) VALUES (1 , 1 , 6000 , 7 , '0' , 1492400138)        [ RunTime:0.001410s ]

---------------------------------------------------------------
[ 2017-04-17T11:35:39+08:00 ] 127.0.0.1 127.0.0.1 GET /
[ log ] www.game.com/ [运行时间：0.052726s][吞吐率：18.97req/s] [内存消耗：3,884.98kb] [文件加载：51]
[ info ] [ LANG ] /Users/zhujunjie/www/game/thinkphp/lang/zh-cn.php
[ info ] [ ROUTE ] array (
  'type' => 'module',
  'module' => 
  array (
    0 => '',
    1 => NULL,
    2 => NULL,
  ),
)
[ info ] [ HEADER ] array (
  'host' => 'www.game.com',
  'connection' => 'keep-alive',
  'cache-control' => 'max-age=0',
  'upgrade-insecure-requests' => '1',
  'user-agent' => 'Mozilla/5.0 (Macintosh; Intel Mac OS X 10_11_6) AppleWebKit/537.36 (KHTML, like Gecko) Chrome/56.0.2924.87 Safari/537.36',
  'accept' => 'text/html,application/xhtml+xml,application/xml;q=0.9,image/webp,*/*;q=0.8',
  'referer' => 'http://www.game.com/',
  'accept-encoding' => 'gzip, deflate, sdch',
  'accept-language' => 'zh-CN,zh;q=0.8,en;q=0.6',
  'cookie' => 'pgv_pvi=2990879744; laravel_session=eyJpdiI6InltZXhJVVQwSmQ2SUYzRnlGakFRVUE9PSIsInZhbHVlIjoiczBCaDhRRVY0V0FZYlhVZkJidFMrM21Ga2E0WjJQbXpsTXRWbVpacjFKWTZ1ejNXd2d4YWNCY1ZMZTRXQld5YXRYeEpcL0xJdEtYV3FTK0FhbVRvTGdBPT0iLCJtYWMiOiIyNGFmYWE0ODNjMGY2MzFkOWQ5N2EwNTAxYjc0YzRiNjhhOTJmMjNjNjUxMmU1ZjgwNmI3OWI2MjBhNzIyOTRhIn0%3D; _ga=GA1.2.1467539281.1490195187; Hm_lvt_741e9d38531a1c46006e455cfaca6af6=1490195187; PHPSESSID=jl0ja78dgdvhoujsgpobor79g6',
  'content-type' => '',
  'content-length' => '',
)
[ info ] [ PARAM ] array (
)
[ info ] [ RUN ] app\index\controller\Index->index[ /Users/zhujunjie/www/game/apps/index/controller/Index.php ]
[ info ] [ SESSION ] INIT array (
  'id' => '',
  'var_session_id' => '',
  'prefix' => 'think',
  'type' => '',
  'auto_start' => true,
)
[ info ] [ DB ] INIT mysql
[ info ] [ DB ] INIT mysql
[ info ] [ DB ] INIT mysql
[ info ] [ DB ] INIT mysql
[ info ] [ DB ] INIT mysql
[ info ] [ VIEW ] /Users/zhujunjie/www/game/public/../apps/index/view/index/index.html [ array (
  0 => 'user',
  1 => 'keyword',
  2 => 'data',
  3 => 'count',
  4 => 'config',
  5 => 'gamelist',
) ]
[ info ] [ LOG ] INIT File
[ sql ] [ DB ] CONNECT:[ UseTime:0.001588s ] mysql:dbname=game;host=127.0.0.1;port=3306;charset=utf8
[ sql ] [ SQL ] select T1.id,T1.user,T1.gid,T1.integral,T1.pintegral,T1.mistake,T1.pmistake,T1.total,T1.allit,T1.meback,T1.nextback,T1.misback,T1.misnextback,T1.exchange,T1.mistexhange,T1.name,T2.buytotal,T2.recovery,T2.addtime from (select u.id,u.user,i.gid,i.integral,i.mistake,i.pmistake,i.recovery,i.pintegral,i.total,i.allit,i.meback,i.nextback,i.misback,i.misnextback,i.exchange,i.mistexhange,g.name from g_user as u  left join g_ingame as i on u.id=i.uid left join g_game as g on g.id=i.gid where g.state=1 and  1= 1 ) as T1  left join (select uid,gid,max(addtime)as addtime,sum(case when state=1  then cgamebi  else 0 end) as buytotal, sum(case when state=2  then cgamebi  else 0 end) as recovery from  g_recharge  group by uid,gid) AS T2 on T1.id = T2.uid and T1.gid = T2.gid order by T1.user asc ,T2.addtime desc [ RunTime:0.001334s ]
[ sql ] [ DB ] CONNECT:[ UseTime:0.000774s ] mysql:dbname=game;host=127.0.0.1;port=3306;charset=utf8
[ sql ] [ SQL ] SHOW COLUMNS FROM `g_ingame` [ RunTime:0.000716s ]
[ sql ] [ SQL ] SELECT COUNT(*) AS tp_count FROM `g_ingame` WHERE  `pid` = 1  AND `gid` = 1 LIMIT 1     [ RunTime:0.000341s ]
[ sql ] [ SQL ] SELECT COUNT(*) AS tp_count FROM `g_ingame` WHERE  `pid` = 2  AND `gid` = 1 LIMIT 1     [ RunTime:0.000351s ]
[ sql ] [ DB ] CONNECT:[ UseTime:0.000722s ] mysql:dbname=game;host=127.0.0.1;port=3306;charset=utf8
[ sql ] [ SQL ] SHOW COLUMNS FROM `g_user` [ RunTime:0.000834s ]
[ sql ] [ SQL ] SELECT MAX(user) AS tp_max FROM `g_user` LIMIT 1   [ RunTime:0.000293s ]
[ sql ] [ DB ] CONNECT:[ UseTime:0.000707s ] mysql:dbname=game;host=127.0.0.1;port=3306;charset=utf8
[ sql ] [ SQL ] SHOW COLUMNS FROM `g_game` [ RunTime:0.000610s ]
[ sql ] [ SQL ] SELECT * FROM `g_game` WHERE  `state` = 1   [ RunTime:0.000332s ]
[ sql ] [ DB ] CONNECT:[ UseTime:0.000739s ] mysql:dbname=game;host=127.0.0.1;port=3306;charset=utf8
[ sql ] [ SQL ] SHOW COLUMNS FROM `g_config` [ RunTime:0.000619s ]
[ sql ] [ SQL ] SELECT * FROM `g_config` LIMIT 1   [ RunTime:0.000262s ]

---------------------------------------------------------------
[ 2017-04-17T11:35:56+08:00 ] 127.0.0.1 127.0.0.1 POST /index/index/exchange.html
[ log ] www.game.com/index/index/exchange.html [运行时间：0.030613s][吞吐率：32.67req/s] [内存消耗：3,729.06kb] [文件加载：50]
[ info ] [ LANG ] /Users/zhujunjie/www/game/thinkphp/lang/zh-cn.php
[ info ] [ ROUTE ] array (
  'type' => 'module',
  'module' => 
  array (
    0 => 'index',
    1 => 'index',
    2 => 'exchange',
  ),
)
[ info ] [ HEADER ] array (
  'host' => 'www.game.com',
  'connection' => 'keep-alive',
  'content-length' => '32',
  'accept' => '*/*',
  'origin' => 'http://www.game.com',
  'x-requested-with' => 'XMLHttpRequest',
  'user-agent' => 'Mozilla/5.0 (Macintosh; Intel Mac OS X 10_11_6) AppleWebKit/537.36 (KHTML, like Gecko) Chrome/56.0.2924.87 Safari/537.36',
  'content-type' => 'application/x-www-form-urlencoded; charset=UTF-8',
  'referer' => 'http://www.game.com/',
  'accept-encoding' => 'gzip, deflate',
  'accept-language' => 'zh-CN,zh;q=0.8,en;q=0.6',
  'cookie' => 'pgv_pvi=2990879744; laravel_session=eyJpdiI6InltZXhJVVQwSmQ2SUYzRnlGakFRVUE9PSIsInZhbHVlIjoiczBCaDhRRVY0V0FZYlhVZkJidFMrM21Ga2E0WjJQbXpsTXRWbVpacjFKWTZ1ejNXd2d4YWNCY1ZMZTRXQld5YXRYeEpcL0xJdEtYV3FTK0FhbVRvTGdBPT0iLCJtYWMiOiIyNGFmYWE0ODNjMGY2MzFkOWQ5N2EwNTAxYjc0YzRiNjhhOTJmMjNjNjUxMmU1ZjgwNmI3OWI2MjBhNzIyOTRhIn0%3D; _ga=GA1.2.1467539281.1490195187; Hm_lvt_741e9d38531a1c46006e455cfaca6af6=1490195187; PHPSESSID=jl0ja78dgdvhoujsgpobor79g6',
)
[ info ] [ PARAM ] array (
  'uid' => '1',
  'gid' => '1',
  'cgamebi' => '6000',
  'state' => '8',
)
[ info ] [ RUN ] app\index\controller\Index->exchange[ /Users/zhujunjie/www/game/apps/index/controller/Index.php ]
[ info ] [ DB ] INIT mysql
[ info ] [ DB ] INIT mysql
[ info ] [ DB ] INIT mysql
[ info ] [ LOG ] INIT File
[ sql ] [ DB ] CONNECT:[ UseTime:0.001036s ] mysql:dbname=game;host=127.0.0.1;port=3306;charset=utf8
[ sql ] [ SQL ] SHOW COLUMNS FROM `g_ingame` [ RunTime:0.000773s ]
[ sql ] [ SQL ] SELECT `integral`,`pintegral`,`mistake`,`pmistake`,`exchange`,`pexchange`,`mistexhange`,`pmistexhange` FROM `g_ingame` WHERE  `uid` = 1  AND `gid` = 1 LIMIT 1     [ RunTime:0.000419s ]
[ sql ] [ DB ] CONNECT:[ UseTime:0.000792s ] mysql:dbname=game;host=127.0.0.1;port=3306;charset=utf8
[ sql ] [ SQL ] UPDATE `g_ingame`  SET `mistexhange`=12000,`pmistake`=0  WHERE  `uid` = 1  AND `gid` = 1       [ RunTime:0.000403s ]
[ sql ] [ DB ] CONNECT:[ UseTime:0.000744s ] mysql:dbname=game;host=127.0.0.1;port=3306;charset=utf8
[ sql ] [ SQL ] SHOW COLUMNS FROM `g_recharge` [ RunTime:0.000581s ]
[ sql ] [ SQL ] INSERT INTO `g_recharge` (`uid` , `gid` , `cgamebi` , `state` , `money` , `addtime`) VALUES (1 , 1 , 6000 , 8 , '0' , 1492400156)        [ RunTime:0.001336s ]

---------------------------------------------------------------
[ 2017-04-17T11:35:58+08:00 ] 127.0.0.1 127.0.0.1 GET /
[ log ] www.game.com/ [运行时间：0.058731s][吞吐率：17.03req/s] [内存消耗：3,884.98kb] [文件加载：51]
[ info ] [ LANG ] /Users/zhujunjie/www/game/thinkphp/lang/zh-cn.php
[ info ] [ ROUTE ] array (
  'type' => 'module',
  'module' => 
  array (
    0 => '',
    1 => NULL,
    2 => NULL,
  ),
)
[ info ] [ HEADER ] array (
  'host' => 'www.game.com',
  'connection' => 'keep-alive',
  'cache-control' => 'max-age=0',
  'upgrade-insecure-requests' => '1',
  'user-agent' => 'Mozilla/5.0 (Macintosh; Intel Mac OS X 10_11_6) AppleWebKit/537.36 (KHTML, like Gecko) Chrome/56.0.2924.87 Safari/537.36',
  'accept' => 'text/html,application/xhtml+xml,application/xml;q=0.9,image/webp,*/*;q=0.8',
  'referer' => 'http://www.game.com/',
  'accept-encoding' => 'gzip, deflate, sdch',
  'accept-language' => 'zh-CN,zh;q=0.8,en;q=0.6',
  'cookie' => 'pgv_pvi=2990879744; laravel_session=eyJpdiI6InltZXhJVVQwSmQ2SUYzRnlGakFRVUE9PSIsInZhbHVlIjoiczBCaDhRRVY0V0FZYlhVZkJidFMrM21Ga2E0WjJQbXpsTXRWbVpacjFKWTZ1ejNXd2d4YWNCY1ZMZTRXQld5YXRYeEpcL0xJdEtYV3FTK0FhbVRvTGdBPT0iLCJtYWMiOiIyNGFmYWE0ODNjMGY2MzFkOWQ5N2EwNTAxYjc0YzRiNjhhOTJmMjNjNjUxMmU1ZjgwNmI3OWI2MjBhNzIyOTRhIn0%3D; _ga=GA1.2.1467539281.1490195187; Hm_lvt_741e9d38531a1c46006e455cfaca6af6=1490195187; PHPSESSID=jl0ja78dgdvhoujsgpobor79g6',
  'content-type' => '',
  'content-length' => '',
)
[ info ] [ PARAM ] array (
)
[ info ] [ RUN ] app\index\controller\Index->index[ /Users/zhujunjie/www/game/apps/index/controller/Index.php ]
[ info ] [ SESSION ] INIT array (
  'id' => '',
  'var_session_id' => '',
  'prefix' => 'think',
  'type' => '',
  'auto_start' => true,
)
[ info ] [ DB ] INIT mysql
[ info ] [ DB ] INIT mysql
[ info ] [ DB ] INIT mysql
[ info ] [ DB ] INIT mysql
[ info ] [ DB ] INIT mysql
[ info ] [ VIEW ] /Users/zhujunjie/www/game/public/../apps/index/view/index/index.html [ array (
  0 => 'user',
  1 => 'keyword',
  2 => 'data',
  3 => 'count',
  4 => 'config',
  5 => 'gamelist',
) ]
[ info ] [ LOG ] INIT File
[ sql ] [ DB ] CONNECT:[ UseTime:0.002982s ] mysql:dbname=game;host=127.0.0.1;port=3306;charset=utf8
[ sql ] [ SQL ] select T1.id,T1.user,T1.gid,T1.integral,T1.pintegral,T1.mistake,T1.pmistake,T1.total,T1.allit,T1.meback,T1.nextback,T1.misback,T1.misnextback,T1.exchange,T1.mistexhange,T1.name,T2.buytotal,T2.recovery,T2.addtime from (select u.id,u.user,i.gid,i.integral,i.mistake,i.pmistake,i.recovery,i.pintegral,i.total,i.allit,i.meback,i.nextback,i.misback,i.misnextback,i.exchange,i.mistexhange,g.name from g_user as u  left join g_ingame as i on u.id=i.uid left join g_game as g on g.id=i.gid where g.state=1 and  1= 1 ) as T1  left join (select uid,gid,max(addtime)as addtime,sum(case when state=1  then cgamebi  else 0 end) as buytotal, sum(case when state=2  then cgamebi  else 0 end) as recovery from  g_recharge  group by uid,gid) AS T2 on T1.id = T2.uid and T1.gid = T2.gid order by T1.user asc ,T2.addtime desc [ RunTime:0.002188s ]
[ sql ] [ DB ] CONNECT:[ UseTime:0.000799s ] mysql:dbname=game;host=127.0.0.1;port=3306;charset=utf8
[ sql ] [ SQL ] SHOW COLUMNS FROM `g_ingame` [ RunTime:0.000712s ]
[ sql ] [ SQL ] SELECT COUNT(*) AS tp_count FROM `g_ingame` WHERE  `pid` = 1  AND `gid` = 1 LIMIT 1     [ RunTime:0.000398s ]
[ sql ] [ SQL ] SELECT COUNT(*) AS tp_count FROM `g_ingame` WHERE  `pid` = 2  AND `gid` = 1 LIMIT 1     [ RunTime:0.000403s ]
[ sql ] [ DB ] CONNECT:[ UseTime:0.000747s ] mysql:dbname=game;host=127.0.0.1;port=3306;charset=utf8
[ sql ] [ SQL ] SHOW COLUMNS FROM `g_user` [ RunTime:0.000557s ]
[ sql ] [ SQL ] SELECT MAX(user) AS tp_max FROM `g_user` LIMIT 1   [ RunTime:0.000304s ]
[ sql ] [ DB ] CONNECT:[ UseTime:0.000708s ] mysql:dbname=game;host=127.0.0.1;port=3306;charset=utf8
[ sql ] [ SQL ] SHOW COLUMNS FROM `g_game` [ RunTime:0.000554s ]
[ sql ] [ SQL ] SELECT * FROM `g_game` WHERE  `state` = 1   [ RunTime:0.000814s ]
[ sql ] [ DB ] CONNECT:[ UseTime:0.001639s ] mysql:dbname=game;host=127.0.0.1;port=3306;charset=utf8
[ sql ] [ SQL ] SHOW COLUMNS FROM `g_config` [ RunTime:0.001163s ]
[ sql ] [ SQL ] SELECT * FROM `g_config` LIMIT 1   [ RunTime:0.000458s ]

---------------------------------------------------------------
[ 2017-04-17T11:47:47+08:00 ] 127.0.0.1 127.0.0.1 GET /index/index/offwork.html
[ log ] www.game.com/index/index/offwork.html [运行时间：0.054044s][吞吐率：18.50req/s] [内存消耗：3,824.54kb] [文件加载：53]
[ info ] [ LANG ] /Users/zhujunjie/www/game/thinkphp/lang/zh-cn.php
[ info ] [ ROUTE ] array (
  'type' => 'module',
  'module' => 
  array (
    0 => 'index',
    1 => 'index',
    2 => 'offwork',
  ),
)
[ info ] [ HEADER ] array (
  'host' => 'www.game.com',
  'connection' => 'keep-alive',
  'upgrade-insecure-requests' => '1',
  'user-agent' => 'Mozilla/5.0 (Macintosh; Intel Mac OS X 10_11_6) AppleWebKit/537.36 (KHTML, like Gecko) Chrome/56.0.2924.87 Safari/537.36',
  'accept' => 'text/html,application/xhtml+xml,application/xml;q=0.9,image/webp,*/*;q=0.8',
  'referer' => 'http://www.game.com/',
  'accept-encoding' => 'gzip, deflate, sdch',
  'accept-language' => 'zh-CN,zh;q=0.8,en;q=0.6',
  'cookie' => 'pgv_pvi=2990879744; laravel_session=eyJpdiI6InltZXhJVVQwSmQ2SUYzRnlGakFRVUE9PSIsInZhbHVlIjoiczBCaDhRRVY0V0FZYlhVZkJidFMrM21Ga2E0WjJQbXpsTXRWbVpacjFKWTZ1ejNXd2d4YWNCY1ZMZTRXQld5YXRYeEpcL0xJdEtYV3FTK0FhbVRvTGdBPT0iLCJtYWMiOiIyNGFmYWE0ODNjMGY2MzFkOWQ5N2EwNTAxYjc0YzRiNjhhOTJmMjNjNjUxMmU1ZjgwNmI3OWI2MjBhNzIyOTRhIn0%3D; _ga=GA1.2.1467539281.1490195187; Hm_lvt_741e9d38531a1c46006e455cfaca6af6=1490195187; PHPSESSID=jl0ja78dgdvhoujsgpobor79g6',
  'content-type' => '',
  'content-length' => '',
)
[ info ] [ PARAM ] array (
)
[ info ] [ RUN ] app\index\controller\Index->offWork[ /Users/zhujunjie/www/game/apps/index/controller/Index.php ]
[ info ] [ DB ] INIT mysql
[ info ] [ DB ] INIT mysql
[ info ] [ DB ] INIT mysql
[ info ] [ LOG ] INIT File
[ sql ] [ DB ] CONNECT:[ UseTime:0.000819s ] mysql:dbname=game;host=127.0.0.1;port=3306;charset=utf8
[ sql ] [ SQL ] SHOW COLUMNS FROM `g_time` [ RunTime:0.002990s ]
[ sql ] [ SQL ] SELECT `towork` FROM `g_time` WHERE  `id` = 1 LIMIT 1    [ RunTime:0.001036s ]
[ sql ] [ DB ] CONNECT:[ UseTime:0.000790s ] mysql:dbname=game;host=127.0.0.1;port=3306;charset=utf8
[ sql ] [ SQL ] SHOW COLUMNS FROM `g_recharge` [ RunTime:0.000611s ]
[ sql ] [ SQL ] SELECT `u`.`user`,`e`.`cgamebi`,`e`.`money`,`e`.`state`,`e`.`addtime`,`g`.`name` FROM `g_recharge` `e` INNER JOIN `g_game` `g` ON `e`.`gid`=`g`.`id` INNER JOIN `g_user` `u` ON `u`.`id`=`e`.`uid` WHERE  (   e.addtime between 1490703061 and 1492400867 ) ORDER BY e.id desc  [ RunTime:0.000715s ]
[ sql ] [ DB ] CONNECT:[ UseTime:0.000791s ] mysql:dbname=game;host=127.0.0.1;port=3306;charset=utf8
[ sql ] [ SQL ] select (select name from g_game where id=gid) as name,sum(case when state=1  then cgamebi  else 0 end) as buytotal,sum(case when state=1  then money  else 0 end) as moneytotal, sum(case when state=2  then cgamebi  else 0 end) as recovery, sum(case when state=3  then cgamebi  else 0 end) as integral, sum(case when state=4  then cgamebi  else 0 end) as mistake,sum(case when state=7  then cgamebi  else 0 end) as ptake, sum(case when state=8  then cgamebi  else 0 end) as pmistatake from  g_recharge where addtime between 1490703061 and 1492400867 group by gid [ RunTime:0.000784s ]
[ error ] [8]未定义数组索引: pmistake[/Users/zhujunjie/www/game/apps/index/controller/Index.php:478]

---------------------------------------------------------------
[ 2017-04-17T11:48:08+08:00 ] 127.0.0.1 127.0.0.1 GET /index/index/offwork.html
[ log ] www.game.com/index/index/offwork.html [运行时间：0.138435s][吞吐率：7.22req/s] [内存消耗：10,003.20kb] [文件加载：103]
[ info ] [ LANG ] /Users/zhujunjie/www/game/thinkphp/lang/zh-cn.php
[ info ] [ ROUTE ] array (
  'type' => 'module',
  'module' => 
  array (
    0 => 'index',
    1 => 'index',
    2 => 'offwork',
  ),
)
[ info ] [ HEADER ] array (
  'host' => 'www.game.com',
  'connection' => 'keep-alive',
  'upgrade-insecure-requests' => '1',
  'user-agent' => 'Mozilla/5.0 (Macintosh; Intel Mac OS X 10_11_6) AppleWebKit/537.36 (KHTML, like Gecko) Chrome/56.0.2924.87 Safari/537.36',
  'accept' => 'text/html,application/xhtml+xml,application/xml;q=0.9,image/webp,*/*;q=0.8',
  'referer' => 'http://www.game.com/',
  'accept-encoding' => 'gzip, deflate, sdch',
  'accept-language' => 'zh-CN,zh;q=0.8,en;q=0.6',
  'cookie' => 'pgv_pvi=2990879744; laravel_session=eyJpdiI6InltZXhJVVQwSmQ2SUYzRnlGakFRVUE9PSIsInZhbHVlIjoiczBCaDhRRVY0V0FZYlhVZkJidFMrM21Ga2E0WjJQbXpsTXRWbVpacjFKWTZ1ejNXd2d4YWNCY1ZMZTRXQld5YXRYeEpcL0xJdEtYV3FTK0FhbVRvTGdBPT0iLCJtYWMiOiIyNGFmYWE0ODNjMGY2MzFkOWQ5N2EwNTAxYjc0YzRiNjhhOTJmMjNjNjUxMmU1ZjgwNmI3OWI2MjBhNzIyOTRhIn0%3D; _ga=GA1.2.1467539281.1490195187; Hm_lvt_741e9d38531a1c46006e455cfaca6af6=1490195187; PHPSESSID=jl0ja78dgdvhoujsgpobor79g6',
  'content-type' => '',
  'content-length' => '',
)
[ info ] [ PARAM ] array (
)
[ info ] [ RUN ] app\index\controller\Index->offWork[ /Users/zhujunjie/www/game/apps/index/controller/Index.php ]
[ info ] [ DB ] INIT mysql
[ info ] [ DB ] INIT mysql
[ info ] [ DB ] INIT mysql
[ info ] [ LOG ] INIT File
[ sql ] [ DB ] CONNECT:[ UseTime:0.001719s ] mysql:dbname=game;host=127.0.0.1;port=3306;charset=utf8
[ sql ] [ SQL ] SHOW COLUMNS FROM `g_time` [ RunTime:0.001004s ]
[ sql ] [ SQL ] SELECT `towork` FROM `g_time` WHERE  `id` = 1 LIMIT 1    [ RunTime:0.000549s ]
[ sql ] [ DB ] CONNECT:[ UseTime:0.000919s ] mysql:dbname=game;host=127.0.0.1;port=3306;charset=utf8
[ sql ] [ SQL ] SHOW COLUMNS FROM `g_recharge` [ RunTime:0.000637s ]
[ sql ] [ SQL ] SELECT `u`.`user`,`e`.`cgamebi`,`e`.`money`,`e`.`state`,`e`.`addtime`,`g`.`name` FROM `g_recharge` `e` INNER JOIN `g_game` `g` ON `e`.`gid`=`g`.`id` INNER JOIN `g_user` `u` ON `u`.`id`=`e`.`uid` WHERE  (   e.addtime between 1490703061 and 1492400888 ) ORDER BY e.id desc  [ RunTime:0.000763s ]
[ sql ] [ DB ] CONNECT:[ UseTime:0.000918s ] mysql:dbname=game;host=127.0.0.1;port=3306;charset=utf8
[ sql ] [ SQL ] select (select name from g_game where id=gid) as name,sum(case when state=1  then cgamebi  else 0 end) as buytotal,sum(case when state=1  then money  else 0 end) as moneytotal, sum(case when state=2  then cgamebi  else 0 end) as recovery, sum(case when state=3  then cgamebi  else 0 end) as integral, sum(case when state=4  then cgamebi  else 0 end) as mistake,sum(case when state=7  then cgamebi  else 0 end) as ptake, sum(case when state=8  then cgamebi  else 0 end) as pmistatake from  g_recharge where addtime between 1490703061 and 1492400888 group by gid [ RunTime:0.000731s ]

---------------------------------------------------------------
[ 2017-04-17T11:50:53+08:00 ] 127.0.0.1 127.0.0.1 GET /index/index/offwork.html
[ log ] www.game.com/index/index/offwork.html [运行时间：0.101444s][吞吐率：9.86req/s] [内存消耗：10,003.06kb] [文件加载：103]
[ info ] [ LANG ] /Users/zhujunjie/www/game/thinkphp/lang/zh-cn.php
[ info ] [ ROUTE ] array (
  'type' => 'module',
  'module' => 
  array (
    0 => 'index',
    1 => 'index',
    2 => 'offwork',
  ),
)
[ info ] [ HEADER ] array (
  'host' => 'www.game.com',
  'connection' => 'keep-alive',
  'upgrade-insecure-requests' => '1',
  'user-agent' => 'Mozilla/5.0 (Macintosh; Intel Mac OS X 10_11_6) AppleWebKit/537.36 (KHTML, like Gecko) Chrome/56.0.2924.87 Safari/537.36',
  'accept' => 'text/html,application/xhtml+xml,application/xml;q=0.9,image/webp,*/*;q=0.8',
  'referer' => 'http://www.game.com/',
  'accept-encoding' => 'gzip, deflate, sdch',
  'accept-language' => 'zh-CN,zh;q=0.8,en;q=0.6',
  'cookie' => 'pgv_pvi=2990879744; laravel_session=eyJpdiI6InltZXhJVVQwSmQ2SUYzRnlGakFRVUE9PSIsInZhbHVlIjoiczBCaDhRRVY0V0FZYlhVZkJidFMrM21Ga2E0WjJQbXpsTXRWbVpacjFKWTZ1ejNXd2d4YWNCY1ZMZTRXQld5YXRYeEpcL0xJdEtYV3FTK0FhbVRvTGdBPT0iLCJtYWMiOiIyNGFmYWE0ODNjMGY2MzFkOWQ5N2EwNTAxYjc0YzRiNjhhOTJmMjNjNjUxMmU1ZjgwNmI3OWI2MjBhNzIyOTRhIn0%3D; _ga=GA1.2.1467539281.1490195187; Hm_lvt_741e9d38531a1c46006e455cfaca6af6=1490195187; PHPSESSID=jl0ja78dgdvhoujsgpobor79g6',
  'content-type' => '',
  'content-length' => '',
)
[ info ] [ PARAM ] array (
)
[ info ] [ RUN ] app\index\controller\Index->offWork[ /Users/zhujunjie/www/game/apps/index/controller/Index.php ]
[ info ] [ DB ] INIT mysql
[ info ] [ DB ] INIT mysql
[ info ] [ DB ] INIT mysql
[ info ] [ LOG ] INIT File
[ sql ] [ DB ] CONNECT:[ UseTime:0.001281s ] mysql:dbname=game;host=127.0.0.1;port=3306;charset=utf8
[ sql ] [ SQL ] SHOW COLUMNS FROM `g_time` [ RunTime:0.001174s ]
[ sql ] [ SQL ] SELECT `towork` FROM `g_time` WHERE  `id` = 1 LIMIT 1    [ RunTime:0.000603s ]
[ sql ] [ DB ] CONNECT:[ UseTime:0.000957s ] mysql:dbname=game;host=127.0.0.1;port=3306;charset=utf8
[ sql ] [ SQL ] SHOW COLUMNS FROM `g_recharge` [ RunTime:0.000816s ]
[ sql ] [ SQL ] SELECT `u`.`user`,`e`.`cgamebi`,`e`.`money`,`e`.`state`,`e`.`addtime`,`g`.`name` FROM `g_recharge` `e` INNER JOIN `g_game` `g` ON `e`.`gid`=`g`.`id` INNER JOIN `g_user` `u` ON `u`.`id`=`e`.`uid` WHERE  (   e.addtime between 1490703061 and 1492401053 ) ORDER BY e.id desc  [ RunTime:0.000985s ]
[ sql ] [ DB ] CONNECT:[ UseTime:0.000839s ] mysql:dbname=game;host=127.0.0.1;port=3306;charset=utf8
[ sql ] [ SQL ] select (select name from g_game where id=gid) as name,sum(case when state=1  then cgamebi  else 0 end) as buytotal,sum(case when state=1  then money  else 0 end) as moneytotal, sum(case when state=2  then cgamebi  else 0 end) as recovery, sum(case when state=3  then cgamebi  else 0 end) as integral, sum(case when state=4  then cgamebi  else 0 end) as mistake,sum(case when state=7  then cgamebi  else 0 end) as ptake, sum(case when state=8  then cgamebi  else 0 end) as pmistatake from  g_recharge where addtime between 1490703061 and 1492401053 group by gid [ RunTime:0.000869s ]

---------------------------------------------------------------
