[ 2017-09-18T17:11:11+08:00 ] 127.0.0.1 127.0.0.1 GET /
[ log ] www.game.com/ [运行时间：0.245781s][吞吐率：4.07req/s] [内存消耗：4,043.72kb] [文件加载：51]
[ info ] [ LANG ] /Users/zhujunjie/www/game/thinkphp/lang/zh-cn.php
[ info ] [ ROUTE ] array (
  'type' => 'module',
  'module' => 
  array (
    0 => '',
    1 => NULL,
    2 => NULL,
  ),
)
[ info ] [ HEADER ] array (
  'host' => 'www.game.com',
  'connection' => 'keep-alive',
  'cache-control' => 'max-age=0',
  'upgrade-insecure-requests' => '1',
  'user-agent' => 'Mozilla/5.0 (Macintosh; Intel Mac OS X 10_11_6) AppleWebKit/537.36 (KHTML, like Gecko) Chrome/60.0.3112.113 Safari/537.36',
  'accept' => 'text/html,application/xhtml+xml,application/xml;q=0.9,image/webp,image/apng,*/*;q=0.8',
  'accept-encoding' => 'gzip, deflate',
  'accept-language' => 'zh-CN,zh;q=0.8,en;q=0.6',
  'cookie' => 'pgv_pvi=2990879744; laravel_session=eyJpdiI6InltZXhJVVQwSmQ2SUYzRnlGakFRVUE9PSIsInZhbHVlIjoiczBCaDhRRVY0V0FZYlhVZkJidFMrM21Ga2E0WjJQbXpsTXRWbVpacjFKWTZ1ejNXd2d4YWNCY1ZMZTRXQld5YXRYeEpcL0xJdEtYV3FTK0FhbVRvTGdBPT0iLCJtYWMiOiIyNGFmYWE0ODNjMGY2MzFkOWQ5N2EwNTAxYjc0YzRiNjhhOTJmMjNjNjUxMmU1ZjgwNmI3OWI2MjBhNzIyOTRhIn0%3D; _ga=GA1.2.1467539281.1490195187; Hm_lvt_741e9d38531a1c46006e455cfaca6af6=1490195187',
  'content-type' => '',
  'content-length' => '',
)
[ info ] [ PARAM ] array (
)
[ info ] [ RUN ] app\index\controller\Index->index[ /Users/zhujunjie/www/game/apps/index/controller/Index.php ]
[ info ] [ SESSION ] INIT array (
  'id' => '',
  'var_session_id' => '',
  'prefix' => 'think',
  'type' => '',
  'auto_start' => true,
)
[ info ] [ DB ] INIT mysql
[ info ] [ DB ] INIT mysql
[ info ] [ DB ] INIT mysql
[ info ] [ DB ] INIT mysql
[ info ] [ DB ] INIT mysql
[ info ] [ VIEW ] /Users/zhujunjie/www/game/public/../apps/index/view/index/index.html [ array (
  0 => 'user',
  1 => 'keyword',
  2 => 'data',
  3 => 'count',
  4 => 'config',
  5 => 'gamelist',
) ]
[ info ] [ LOG ] INIT File
[ sql ] [ DB ] CONNECT:[ UseTime:0.002281s ] mysql:dbname=game;host=127.0.0.1;port=3306;charset=utf8
[ sql ] [ SQL ] select T1.id,T1.user,T1.gid,T1.integral,T1.pintegral,T1.mistake,T1.pmistake,T1.total,T1.allit,T1.meback,T1.nextback,T1.misback,T1.misnextback,T1.exchange,T1.mistexhange,T1.name,T2.buytotal,T2.recovery,T2.addtime from (select u.id,u.user,i.gid,i.integral,i.mistake,i.pmistake,i.recovery,i.pintegral,i.total,i.allit,i.meback,i.nextback,i.misback,i.misnextback,i.exchange,i.mistexhange,g.name from g_user as u  left join g_ingame as i on u.id=i.uid left join g_game as g on g.id=i.gid where g.state=1 and  1= 1 ) as T1  left join (select uid,gid,max(addtime)as addtime,sum(case when state=1  then cgamebi  else 0 end) as buytotal, sum(case when state=2  then cgamebi  else 0 end) as recovery from  g_recharge  group by uid,gid) AS T2 on T1.id = T2.uid and T1.gid = T2.gid order by T1.user asc ,T2.addtime desc limit 30 [ RunTime:0.098604s ]
[ sql ] [ DB ] CONNECT:[ UseTime:0.001429s ] mysql:dbname=game;host=127.0.0.1;port=3306;charset=utf8
[ sql ] [ SQL ] SHOW COLUMNS FROM `g_ingame` [ RunTime:0.002160s ]
[ sql ] [ SQL ] SELECT COUNT(*) AS tp_count FROM `g_ingame` WHERE  `pid` = 9  AND `gid` = 1 LIMIT 1     [ RunTime:0.000500s ]
[ sql ] [ SQL ] SELECT COUNT(*) AS tp_count FROM `g_ingame` WHERE  `pid` = 9  AND `gid` = 3 LIMIT 1     [ RunTime:0.000401s ]
[ sql ] [ SQL ] SELECT COUNT(*) AS tp_count FROM `g_ingame` WHERE  `pid` = 104  AND `gid` = 6 LIMIT 1     [ RunTime:0.000465s ]
[ sql ] [ SQL ] SELECT COUNT(*) AS tp_count FROM `g_ingame` WHERE  `pid` = 104  AND `gid` = 2 LIMIT 1     [ RunTime:0.000422s ]
[ sql ] [ SQL ] SELECT COUNT(*) AS tp_count FROM `g_ingame` WHERE  `pid` = 87  AND `gid` = 2 LIMIT 1     [ RunTime:0.000439s ]
[ sql ] [ SQL ] SELECT COUNT(*) AS tp_count FROM `g_ingame` WHERE  `pid` = 160  AND `gid` = 2 LIMIT 1     [ RunTime:0.000472s ]
[ sql ] [ SQL ] SELECT COUNT(*) AS tp_count FROM `g_ingame` WHERE  `pid` = 142  AND `gid` = 2 LIMIT 1     [ RunTime:0.000433s ]
[ sql ] [ SQL ] SELECT COUNT(*) AS tp_count FROM `g_ingame` WHERE  `pid` = 70  AND `gid` = 2 LIMIT 1     [ RunTime:0.000387s ]
[ sql ] [ SQL ] SELECT COUNT(*) AS tp_count FROM `g_ingame` WHERE  `pid` = 77  AND `gid` = 2 LIMIT 1     [ RunTime:0.000420s ]
[ sql ] [ SQL ] SELECT COUNT(*) AS tp_count FROM `g_ingame` WHERE  `pid` = 77  AND `gid` = 5 LIMIT 1     [ RunTime:0.000445s ]
[ sql ] [ SQL ] SELECT COUNT(*) AS tp_count FROM `g_ingame` WHERE  `pid` = 85  AND `gid` = 1 LIMIT 1     [ RunTime:0.000487s ]
[ sql ] [ SQL ] SELECT COUNT(*) AS tp_count FROM `g_ingame` WHERE  `pid` = 38  AND `gid` = 2 LIMIT 1     [ RunTime:0.000398s ]
[ sql ] [ SQL ] SELECT COUNT(*) AS tp_count FROM `g_ingame` WHERE  `pid` = 207  AND `gid` = 2 LIMIT 1     [ RunTime:0.000375s ]
[ sql ] [ SQL ] SELECT COUNT(*) AS tp_count FROM `g_ingame` WHERE  `pid` = 11  AND `gid` = 3 LIMIT 1     [ RunTime:0.000322s ]
[ sql ] [ SQL ] SELECT COUNT(*) AS tp_count FROM `g_ingame` WHERE  `pid` = 11  AND `gid` = 1 LIMIT 1     [ RunTime:0.000343s ]
[ sql ] [ SQL ] SELECT COUNT(*) AS tp_count FROM `g_ingame` WHERE  `pid` = 129  AND `gid` = 1 LIMIT 1     [ RunTime:0.000325s ]
[ sql ] [ SQL ] SELECT COUNT(*) AS tp_count FROM `g_ingame` WHERE  `pid` = 41  AND `gid` = 2 LIMIT 1     [ RunTime:0.000303s ]
[ sql ] [ SQL ] SELECT COUNT(*) AS tp_count FROM `g_ingame` WHERE  `pid` = 22  AND `gid` = 2 LIMIT 1     [ RunTime:0.000320s ]
[ sql ] [ SQL ] SELECT COUNT(*) AS tp_count FROM `g_ingame` WHERE  `pid` = 22  AND `gid` = 3 LIMIT 1     [ RunTime:0.000347s ]
[ sql ] [ SQL ] SELECT COUNT(*) AS tp_count FROM `g_ingame` WHERE  `pid` = 42  AND `gid` = 2 LIMIT 1     [ RunTime:0.000303s ]
[ sql ] [ SQL ] SELECT COUNT(*) AS tp_count FROM `g_ingame` WHERE  `pid` = 32  AND `gid` = 1 LIMIT 1     [ RunTime:0.000338s ]
[ sql ] [ SQL ] SELECT COUNT(*) AS tp_count FROM `g_ingame` WHERE  `pid` = 32  AND `gid` = 2 LIMIT 1     [ RunTime:0.000404s ]
[ sql ] [ SQL ] SELECT COUNT(*) AS tp_count FROM `g_ingame` WHERE  `pid` = 43  AND `gid` = 2 LIMIT 1     [ RunTime:0.000384s ]
[ sql ] [ SQL ] SELECT COUNT(*) AS tp_count FROM `g_ingame` WHERE  `pid` = 31  AND `gid` = 2 LIMIT 1     [ RunTime:0.000317s ]
[ sql ] [ SQL ] SELECT COUNT(*) AS tp_count FROM `g_ingame` WHERE  `pid` = 71  AND `gid` = 2 LIMIT 1     [ RunTime:0.000306s ]
[ sql ] [ SQL ] SELECT COUNT(*) AS tp_count FROM `g_ingame` WHERE  `pid` = 71  AND `gid` = 5 LIMIT 1     [ RunTime:0.000320s ]
[ sql ] [ SQL ] SELECT COUNT(*) AS tp_count FROM `g_ingame` WHERE  `pid` = 59  AND `gid` = 1 LIMIT 1     [ RunTime:0.000310s ]
[ sql ] [ SQL ] SELECT COUNT(*) AS tp_count FROM `g_ingame` WHERE  `pid` = 60  AND `gid` = 1 LIMIT 1     [ RunTime:0.000307s ]
[ sql ] [ SQL ] SELECT COUNT(*) AS tp_count FROM `g_ingame` WHERE  `pid` = 60  AND `gid` = 3 LIMIT 1     [ RunTime:0.000293s ]
[ sql ] [ SQL ] SELECT COUNT(*) AS tp_count FROM `g_ingame` WHERE  `pid` = 249  AND `gid` = 2 LIMIT 1     [ RunTime:0.000359s ]
[ sql ] [ DB ] CONNECT:[ UseTime:0.000821s ] mysql:dbname=game;host=127.0.0.1;port=3306;charset=utf8
[ sql ] [ SQL ] SHOW COLUMNS FROM `g_user` [ RunTime:0.000719s ]
[ sql ] [ SQL ] SELECT MAX(user) AS tp_max FROM `g_user` LIMIT 1   [ RunTime:0.000344s ]
[ sql ] [ DB ] CONNECT:[ UseTime:0.000829s ] mysql:dbname=game;host=127.0.0.1;port=3306;charset=utf8
[ sql ] [ SQL ] SHOW COLUMNS FROM `g_game` [ RunTime:0.000773s ]
[ sql ] [ SQL ] SELECT * FROM `g_game` WHERE  `state` = 1   [ RunTime:0.000404s ]
[ sql ] [ DB ] CONNECT:[ UseTime:0.000857s ] mysql:dbname=game;host=127.0.0.1;port=3306;charset=utf8
[ sql ] [ SQL ] SHOW COLUMNS FROM `g_config` [ RunTime:0.001519s ]
[ sql ] [ SQL ] SELECT * FROM `g_config` LIMIT 1   [ RunTime:0.000487s ]

---------------------------------------------------------------
[ 2017-09-18T17:15:49+08:00 ] 127.0.0.1 127.0.0.1 GET /
[ log ] localhost/ [运行时间：0.142228s][吞吐率：7.03req/s] [内存消耗：4,043.23kb] [文件加载：51]
[ info ] [ LANG ] /Users/zhujunjie/www/game/thinkphp/lang/zh-cn.php
[ info ] [ ROUTE ] array (
  'type' => 'module',
  'module' => 
  array (
    0 => '',
    1 => NULL,
    2 => NULL,
  ),
)
[ info ] [ HEADER ] array (
  'host' => 'localhost',
  'connection' => 'keep-alive',
  'upgrade-insecure-requests' => '1',
  'user-agent' => 'Mozilla/5.0 (Macintosh; Intel Mac OS X 10_11_6) AppleWebKit/537.36 (KHTML, like Gecko) Chrome/60.0.3112.113 Safari/537.36',
  'accept' => 'text/html,application/xhtml+xml,application/xml;q=0.9,image/webp,image/apng,*/*;q=0.8',
  'accept-encoding' => 'gzip, deflate, br',
  'accept-language' => 'zh-CN,zh;q=0.8,en;q=0.6',
  'cookie' => 'pgv_pvi=5277088768',
  'content-type' => '',
  'content-length' => '',
)
[ info ] [ PARAM ] array (
)
[ info ] [ RUN ] app\index\controller\Index->index[ /Users/zhujunjie/www/game/apps/index/controller/Index.php ]
[ info ] [ SESSION ] INIT array (
  'id' => '',
  'var_session_id' => '',
  'prefix' => 'think',
  'type' => '',
  'auto_start' => true,
)
[ info ] [ DB ] INIT mysql
[ info ] [ DB ] INIT mysql
[ info ] [ DB ] INIT mysql
[ info ] [ DB ] INIT mysql
[ info ] [ DB ] INIT mysql
[ info ] [ VIEW ] /Users/zhujunjie/www/game/public/../apps/index/view/index/index.html [ array (
  0 => 'user',
  1 => 'keyword',
  2 => 'data',
  3 => 'count',
  4 => 'config',
  5 => 'gamelist',
) ]
[ info ] [ LOG ] INIT File
[ sql ] [ DB ] CONNECT:[ UseTime:0.001259s ] mysql:dbname=game;host=127.0.0.1;port=3306;charset=utf8
[ sql ] [ SQL ] select T1.id,T1.user,T1.gid,T1.integral,T1.pintegral,T1.mistake,T1.pmistake,T1.total,T1.allit,T1.meback,T1.nextback,T1.misback,T1.misnextback,T1.exchange,T1.mistexhange,T1.name,T2.buytotal,T2.recovery,T2.addtime from (select u.id,u.user,i.gid,i.integral,i.mistake,i.pmistake,i.recovery,i.pintegral,i.total,i.allit,i.meback,i.nextback,i.misback,i.misnextback,i.exchange,i.mistexhange,g.name from g_user as u  left join g_ingame as i on u.id=i.uid left join g_game as g on g.id=i.gid where g.state=1 and  1= 1 ) as T1  left join (select uid,gid,max(addtime)as addtime,sum(case when state=1  then cgamebi  else 0 end) as buytotal, sum(case when state=2  then cgamebi  else 0 end) as recovery from  g_recharge  group by uid,gid) AS T2 on T1.id = T2.uid and T1.gid = T2.gid order by T1.user asc ,T2.addtime desc limit 30 [ RunTime:0.074627s ]
[ sql ] [ DB ] CONNECT:[ UseTime:0.000911s ] mysql:dbname=game;host=127.0.0.1;port=3306;charset=utf8
[ sql ] [ SQL ] SHOW COLUMNS FROM `g_ingame` [ RunTime:0.000788s ]
[ sql ] [ SQL ] SELECT COUNT(*) AS tp_count FROM `g_ingame` WHERE  `pid` = 9  AND `gid` = 1 LIMIT 1     [ RunTime:0.000593s ]
[ sql ] [ SQL ] SELECT COUNT(*) AS tp_count FROM `g_ingame` WHERE  `pid` = 9  AND `gid` = 3 LIMIT 1     [ RunTime:0.000454s ]
[ sql ] [ SQL ] SELECT COUNT(*) AS tp_count FROM `g_ingame` WHERE  `pid` = 104  AND `gid` = 6 LIMIT 1     [ RunTime:0.000395s ]
[ sql ] [ SQL ] SELECT COUNT(*) AS tp_count FROM `g_ingame` WHERE  `pid` = 104  AND `gid` = 2 LIMIT 1     [ RunTime:0.000411s ]
[ sql ] [ SQL ] SELECT COUNT(*) AS tp_count FROM `g_ingame` WHERE  `pid` = 87  AND `gid` = 2 LIMIT 1     [ RunTime:0.000376s ]
[ sql ] [ SQL ] SELECT COUNT(*) AS tp_count FROM `g_ingame` WHERE  `pid` = 160  AND `gid` = 2 LIMIT 1     [ RunTime:0.000393s ]
[ sql ] [ SQL ] SELECT COUNT(*) AS tp_count FROM `g_ingame` WHERE  `pid` = 142  AND `gid` = 2 LIMIT 1     [ RunTime:0.000415s ]
[ sql ] [ SQL ] SELECT COUNT(*) AS tp_count FROM `g_ingame` WHERE  `pid` = 70  AND `gid` = 2 LIMIT 1     [ RunTime:0.000405s ]
[ sql ] [ SQL ] SELECT COUNT(*) AS tp_count FROM `g_ingame` WHERE  `pid` = 77  AND `gid` = 2 LIMIT 1     [ RunTime:0.000412s ]
[ sql ] [ SQL ] SELECT COUNT(*) AS tp_count FROM `g_ingame` WHERE  `pid` = 77  AND `gid` = 5 LIMIT 1     [ RunTime:0.000396s ]
[ sql ] [ SQL ] SELECT COUNT(*) AS tp_count FROM `g_ingame` WHERE  `pid` = 85  AND `gid` = 1 LIMIT 1     [ RunTime:0.000412s ]
[ sql ] [ SQL ] SELECT COUNT(*) AS tp_count FROM `g_ingame` WHERE  `pid` = 38  AND `gid` = 2 LIMIT 1     [ RunTime:0.000337s ]
[ sql ] [ SQL ] SELECT COUNT(*) AS tp_count FROM `g_ingame` WHERE  `pid` = 207  AND `gid` = 2 LIMIT 1     [ RunTime:0.000351s ]
[ sql ] [ SQL ] SELECT COUNT(*) AS tp_count FROM `g_ingame` WHERE  `pid` = 11  AND `gid` = 3 LIMIT 1     [ RunTime:0.000352s ]
[ sql ] [ SQL ] SELECT COUNT(*) AS tp_count FROM `g_ingame` WHERE  `pid` = 11  AND `gid` = 1 LIMIT 1     [ RunTime:0.000330s ]
[ sql ] [ SQL ] SELECT COUNT(*) AS tp_count FROM `g_ingame` WHERE  `pid` = 129  AND `gid` = 1 LIMIT 1     [ RunTime:0.000326s ]
[ sql ] [ SQL ] SELECT COUNT(*) AS tp_count FROM `g_ingame` WHERE  `pid` = 41  AND `gid` = 2 LIMIT 1     [ RunTime:0.000284s ]
[ sql ] [ SQL ] SELECT COUNT(*) AS tp_count FROM `g_ingame` WHERE  `pid` = 22  AND `gid` = 2 LIMIT 1     [ RunTime:0.000312s ]
[ sql ] [ SQL ] SELECT COUNT(*) AS tp_count FROM `g_ingame` WHERE  `pid` = 22  AND `gid` = 3 LIMIT 1     [ RunTime:0.000310s ]
[ sql ] [ SQL ] SELECT COUNT(*) AS tp_count FROM `g_ingame` WHERE  `pid` = 42  AND `gid` = 2 LIMIT 1     [ RunTime:0.000303s ]
[ sql ] [ SQL ] SELECT COUNT(*) AS tp_count FROM `g_ingame` WHERE  `pid` = 32  AND `gid` = 1 LIMIT 1     [ RunTime:0.000335s ]
[ sql ] [ SQL ] SELECT COUNT(*) AS tp_count FROM `g_ingame` WHERE  `pid` = 32  AND `gid` = 2 LIMIT 1     [ RunTime:0.000317s ]
[ sql ] [ SQL ] SELECT COUNT(*) AS tp_count FROM `g_ingame` WHERE  `pid` = 43  AND `gid` = 2 LIMIT 1     [ RunTime:0.000380s ]
[ sql ] [ SQL ] SELECT COUNT(*) AS tp_count FROM `g_ingame` WHERE  `pid` = 31  AND `gid` = 2 LIMIT 1     [ RunTime:0.000312s ]
[ sql ] [ SQL ] SELECT COUNT(*) AS tp_count FROM `g_ingame` WHERE  `pid` = 71  AND `gid` = 2 LIMIT 1     [ RunTime:0.000321s ]
[ sql ] [ SQL ] SELECT COUNT(*) AS tp_count FROM `g_ingame` WHERE  `pid` = 71  AND `gid` = 5 LIMIT 1     [ RunTime:0.000335s ]
[ sql ] [ SQL ] SELECT COUNT(*) AS tp_count FROM `g_ingame` WHERE  `pid` = 59  AND `gid` = 1 LIMIT 1     [ RunTime:0.000308s ]
[ sql ] [ SQL ] SELECT COUNT(*) AS tp_count FROM `g_ingame` WHERE  `pid` = 60  AND `gid` = 1 LIMIT 1     [ RunTime:0.000322s ]
[ sql ] [ SQL ] SELECT COUNT(*) AS tp_count FROM `g_ingame` WHERE  `pid` = 60  AND `gid` = 3 LIMIT 1     [ RunTime:0.000303s ]
[ sql ] [ SQL ] SELECT COUNT(*) AS tp_count FROM `g_ingame` WHERE  `pid` = 249  AND `gid` = 2 LIMIT 1     [ RunTime:0.000315s ]
[ sql ] [ DB ] CONNECT:[ UseTime:0.000858s ] mysql:dbname=game;host=127.0.0.1;port=3306;charset=utf8
[ sql ] [ SQL ] SHOW COLUMNS FROM `g_user` [ RunTime:0.000692s ]
[ sql ] [ SQL ] SELECT MAX(user) AS tp_max FROM `g_user` LIMIT 1   [ RunTime:0.000348s ]
[ sql ] [ DB ] CONNECT:[ UseTime:0.000856s ] mysql:dbname=game;host=127.0.0.1;port=3306;charset=utf8
[ sql ] [ SQL ] SHOW COLUMNS FROM `g_game` [ RunTime:0.000706s ]
[ sql ] [ SQL ] SELECT * FROM `g_game` WHERE  `state` = 1   [ RunTime:0.000393s ]
[ sql ] [ DB ] CONNECT:[ UseTime:0.000740s ] mysql:dbname=game;host=127.0.0.1;port=3306;charset=utf8
[ sql ] [ SQL ] SHOW COLUMNS FROM `g_config` [ RunTime:0.000647s ]
[ sql ] [ SQL ] SELECT * FROM `g_config` LIMIT 1   [ RunTime:0.000306s ]

---------------------------------------------------------------
[ 2017-09-18T17:15:55+08:00 ] 127.0.0.1 127.0.0.1 GET /xcx
[ log ] localhost/xcx [运行时间：0.034032s][吞吐率：29.38req/s] [内存消耗：2,066.82kb] [文件加载：38]
[ info ] [ LANG ] /Users/zhujunjie/www/game/thinkphp/lang/zh-cn.php
[ info ] [ ROUTE ] array (
  'type' => 'module',
  'module' => 
  array (
    0 => 'xcx',
    1 => NULL,
    2 => NULL,
  ),
)
[ info ] [ HEADER ] array (
  'host' => 'localhost',
  'connection' => 'keep-alive',
  'upgrade-insecure-requests' => '1',
  'user-agent' => 'Mozilla/5.0 (Macintosh; Intel Mac OS X 10_11_6) AppleWebKit/537.36 (KHTML, like Gecko) Chrome/60.0.3112.113 Safari/537.36',
  'accept' => 'text/html,application/xhtml+xml,application/xml;q=0.9,image/webp,image/apng,*/*;q=0.8',
  'accept-encoding' => 'gzip, deflate, br',
  'accept-language' => 'zh-CN,zh;q=0.8,en;q=0.6',
  'cookie' => 'pgv_pvi=5277088768; PHPSESSID=aggr4qn1tfrv36gek6lrjj7me4',
  'content-type' => '',
  'content-length' => '',
)
[ info ] [ PARAM ] array (
)
[ info ] [ LOG ] INIT File

---------------------------------------------------------------
