[ 2017-10-12T00:00:08+08:00 ] 127.0.0.1 127.0.0.1 GET /
[ log ] admin.guochen.com/ [运行时间：0.018706s][吞吐率：53.46req/s] [内存消耗：2,406.94kb] [文件加载：43]
[ info ] [ LANG ] /Users/zhujunjie/www/guochen/thinkphp/lang/zh-cn.php
[ info ] [ ROUTE ] array (
  'type' => 'module',
  'module' => 
  array (
    0 => '',
    1 => NULL,
    2 => NULL,
  ),
)
[ info ] [ HEADER ] array (
  'host' => 'admin.guochen.com',
  'connection' => 'keep-alive',
  'user-agent' => 'Mozilla/5.0 (Macintosh; Intel Mac OS X 10_11_6) AppleWebKit/537.36 (KHTML, like Gecko) Chrome/61.0.3163.100 Safari/537.36',
  'upgrade-insecure-requests' => '1',
  'accept' => 'text/html,application/xhtml+xml,application/xml;q=0.9,image/webp,image/apng,*/*;q=0.8',
  'accept-encoding' => 'gzip, deflate',
  'accept-language' => 'zh-CN,zh;q=0.8,en;q=0.6',
  'cookie' => 'pgv_pvi=2859075584',
  'content-type' => '',
  'content-length' => '',
)
[ info ] [ PARAM ] array (
)
[ info ] [ RUN ] app\index\controller\Index->index[ /Users/zhujunjie/www/guochen/apps/index/controller/Index.php ]
[ info ] [ VIEW ] /Users/zhujunjie/www/guochen/public/../apps/index/view/index/index.html [ array (
) ]
[ info ] [ LOG ] INIT File

---------------------------------------------------------------
[ 2017-10-12T00:00:08+08:00 ] 127.0.0.1 127.0.0.1 GET /static/admin/css/animate.min.css
[ log ] admin.guochen.com/static/admin/css/animate.min.css [运行时间：0.022473s][吞吐率：44.50req/s] [内存消耗：2,071.68kb] [文件加载：38]
[ info ] [ LANG ] /Users/zhujunjie/www/guochen/thinkphp/lang/zh-cn.php
[ info ] [ ROUTE ] array (
  'type' => 'module',
  'module' => 
  array (
    0 => 'static',
    1 => 'admin',
    2 => 'css',
  ),
)
[ info ] [ HEADER ] array (
  'host' => 'admin.guochen.com',
  'connection' => 'keep-alive',
  'user-agent' => 'Mozilla/5.0 (Macintosh; Intel Mac OS X 10_11_6) AppleWebKit/537.36 (KHTML, like Gecko) Chrome/61.0.3163.100 Safari/537.36',
  'accept' => 'text/css,*/*;q=0.1',
  'referer' => 'http://admin.guochen.com/',
  'accept-encoding' => 'gzip, deflate',
  'accept-language' => 'zh-CN,zh;q=0.8,en;q=0.6',
  'cookie' => 'pgv_pvi=2859075584',
  'content-type' => '',
  'content-length' => '',
)
[ info ] [ PARAM ] array (
)
[ info ] [ LOG ] INIT File

---------------------------------------------------------------
[ 2017-10-12T00:00:08+08:00 ] 127.0.0.1 127.0.0.1 GET /static/admin/css/style.min.css?v=4.0.0
[ log ] admin.guochen.com/static/admin/css/style.min.css?v=4.0.0 [运行时间：0.023493s][吞吐率：42.57req/s] [内存消耗：2,072.16kb] [文件加载：38]
[ info ] [ LANG ] /Users/zhujunjie/www/guochen/thinkphp/lang/zh-cn.php
[ info ] [ ROUTE ] array (
  'type' => 'module',
  'module' => 
  array (
    0 => 'static',
    1 => 'admin',
    2 => 'css',
  ),
)
[ info ] [ HEADER ] array (
  'host' => 'admin.guochen.com',
  'connection' => 'keep-alive',
  'user-agent' => 'Mozilla/5.0 (Macintosh; Intel Mac OS X 10_11_6) AppleWebKit/537.36 (KHTML, like Gecko) Chrome/61.0.3163.100 Safari/537.36',
  'accept' => 'text/css,*/*;q=0.1',
  'referer' => 'http://admin.guochen.com/',
  'accept-encoding' => 'gzip, deflate',
  'accept-language' => 'zh-CN,zh;q=0.8,en;q=0.6',
  'cookie' => 'pgv_pvi=2859075584',
  'content-type' => '',
  'content-length' => '',
)
[ info ] [ PARAM ] array (
  'v' => '4.0.0',
)
[ info ] [ LOG ] INIT File

---------------------------------------------------------------
[ 2017-10-12T00:00:08+08:00 ] 127.0.0.1 127.0.0.1 GET /static/admin/css/font-awesome.min.css?v=4.4.0
[ log ] admin.guochen.com/static/admin/css/font-awesome.min.css?v=4.4.0 [运行时间：0.023265s][吞吐率：42.98req/s] [内存消耗：2,072.42kb] [文件加载：38]
[ info ] [ LANG ] /Users/zhujunjie/www/guochen/thinkphp/lang/zh-cn.php
[ info ] [ ROUTE ] array (
  'type' => 'module',
  'module' => 
  array (
    0 => 'static',
    1 => 'admin',
    2 => 'css',
  ),
)
[ info ] [ HEADER ] array (
  'host' => 'admin.guochen.com',
  'connection' => 'keep-alive',
  'user-agent' => 'Mozilla/5.0 (Macintosh; Intel Mac OS X 10_11_6) AppleWebKit/537.36 (KHTML, like Gecko) Chrome/61.0.3163.100 Safari/537.36',
  'accept' => 'text/css,*/*;q=0.1',
  'referer' => 'http://admin.guochen.com/',
  'accept-encoding' => 'gzip, deflate',
  'accept-language' => 'zh-CN,zh;q=0.8,en;q=0.6',
  'cookie' => 'pgv_pvi=2859075584',
  'content-type' => '',
  'content-length' => '',
)
[ info ] [ PARAM ] array (
  'v' => '4.4.0',
)
[ info ] [ LOG ] INIT File

---------------------------------------------------------------
[ 2017-10-12T00:00:08+08:00 ] 127.0.0.1 127.0.0.1 GET /static/admin/css/plugins/dataTables/dataTables.bootstrap.css
[ log ] admin.guochen.com/static/admin/css/plugins/dataTables/dataTables.bootstrap.css [运行时间：0.024741s][吞吐率：40.42req/s] [内存消耗：2,072.57kb] [文件加载：38]
[ info ] [ LANG ] /Users/zhujunjie/www/guochen/thinkphp/lang/zh-cn.php
[ info ] [ ROUTE ] array (
  'type' => 'module',
  'module' => 
  array (
    0 => 'static',
    1 => 'admin',
    2 => 'css',
  ),
)
[ info ] [ HEADER ] array (
  'host' => 'admin.guochen.com',
  'connection' => 'keep-alive',
  'user-agent' => 'Mozilla/5.0 (Macintosh; Intel Mac OS X 10_11_6) AppleWebKit/537.36 (KHTML, like Gecko) Chrome/61.0.3163.100 Safari/537.36',
  'accept' => 'text/css,*/*;q=0.1',
  'referer' => 'http://admin.guochen.com/',
  'accept-encoding' => 'gzip, deflate',
  'accept-language' => 'zh-CN,zh;q=0.8,en;q=0.6',
  'cookie' => 'pgv_pvi=2859075584',
  'content-type' => '',
  'content-length' => '',
)
[ info ] [ PARAM ] array (
  'plugins' => 'dataTables',
)
[ info ] [ LOG ] INIT File

---------------------------------------------------------------
[ 2017-10-12T00:02:15+08:00 ] 127.0.0.1 127.0.0.1 GET /
[ log ] admin.guochen.com/ [运行时间：0.016659s][吞吐率：60.03req/s] [内存消耗：2,407.24kb] [文件加载：43]
[ info ] [ LANG ] /Users/zhujunjie/www/guochen/thinkphp/lang/zh-cn.php
[ info ] [ ROUTE ] array (
  'type' => 'module',
  'module' => 
  array (
    0 => '',
    1 => NULL,
    2 => NULL,
  ),
)
[ info ] [ HEADER ] array (
  'host' => 'admin.guochen.com',
  'connection' => 'keep-alive',
  'cache-control' => 'max-age=0',
  'user-agent' => 'Mozilla/5.0 (Macintosh; Intel Mac OS X 10_11_6) AppleWebKit/537.36 (KHTML, like Gecko) Chrome/61.0.3163.100 Safari/537.36',
  'upgrade-insecure-requests' => '1',
  'accept' => 'text/html,application/xhtml+xml,application/xml;q=0.9,image/webp,image/apng,*/*;q=0.8',
  'accept-encoding' => 'gzip, deflate',
  'accept-language' => 'zh-CN,zh;q=0.8,en;q=0.6',
  'cookie' => 'pgv_pvi=2859075584',
  'content-type' => '',
  'content-length' => '',
)
[ info ] [ PARAM ] array (
)
[ info ] [ RUN ] app\index\controller\Index->index[ /Users/zhujunjie/www/guochen/apps/index/controller/Index.php ]
[ info ] [ VIEW ] /Users/zhujunjie/www/guochen/public/../apps/index/view/index/index.html [ array (
) ]
[ info ] [ LOG ] INIT File

---------------------------------------------------------------
[ 2017-10-12T00:02:15+08:00 ] 127.0.0.1 127.0.0.1 GET /static/admin/css/animate.min.css
[ log ] admin.guochen.com/static/admin/css/animate.min.css [运行时间：0.026617s][吞吐率：37.57req/s] [内存消耗：2,071.68kb] [文件加载：38]
[ info ] [ LANG ] /Users/zhujunjie/www/guochen/thinkphp/lang/zh-cn.php
[ info ] [ ROUTE ] array (
  'type' => 'module',
  'module' => 
  array (
    0 => 'static',
    1 => 'admin',
    2 => 'css',
  ),
)
[ info ] [ HEADER ] array (
  'host' => 'admin.guochen.com',
  'connection' => 'keep-alive',
  'user-agent' => 'Mozilla/5.0 (Macintosh; Intel Mac OS X 10_11_6) AppleWebKit/537.36 (KHTML, like Gecko) Chrome/61.0.3163.100 Safari/537.36',
  'accept' => 'text/css,*/*;q=0.1',
  'referer' => 'http://admin.guochen.com/',
  'accept-encoding' => 'gzip, deflate',
  'accept-language' => 'zh-CN,zh;q=0.8,en;q=0.6',
  'cookie' => 'pgv_pvi=2859075584',
  'content-type' => '',
  'content-length' => '',
)
[ info ] [ PARAM ] array (
)
[ info ] [ LOG ] INIT File

---------------------------------------------------------------
[ 2017-10-12T00:02:15+08:00 ] 127.0.0.1 127.0.0.1 GET /static/admin/css/font-awesome.min.css?v=4.4.0
[ log ] admin.guochen.com/static/admin/css/font-awesome.min.css?v=4.4.0 [运行时间：0.030383s][吞吐率：32.91req/s] [内存消耗：2,072.42kb] [文件加载：38]
[ info ] [ LANG ] /Users/zhujunjie/www/guochen/thinkphp/lang/zh-cn.php
[ info ] [ ROUTE ] array (
  'type' => 'module',
  'module' => 
  array (
    0 => 'static',
    1 => 'admin',
    2 => 'css',
  ),
)
[ info ] [ HEADER ] array (
  'host' => 'admin.guochen.com',
  'connection' => 'keep-alive',
  'user-agent' => 'Mozilla/5.0 (Macintosh; Intel Mac OS X 10_11_6) AppleWebKit/537.36 (KHTML, like Gecko) Chrome/61.0.3163.100 Safari/537.36',
  'accept' => 'text/css,*/*;q=0.1',
  'referer' => 'http://admin.guochen.com/',
  'accept-encoding' => 'gzip, deflate',
  'accept-language' => 'zh-CN,zh;q=0.8,en;q=0.6',
  'cookie' => 'pgv_pvi=2859075584',
  'content-type' => '',
  'content-length' => '',
)
[ info ] [ PARAM ] array (
  'v' => '4.4.0',
)
[ info ] [ LOG ] INIT File

---------------------------------------------------------------
[ 2017-10-12T00:02:15+08:00 ] 127.0.0.1 127.0.0.1 GET /static/admin/css/plugins/dataTables/dataTables.bootstrap.css
[ log ] admin.guochen.com/static/admin/css/plugins/dataTables/dataTables.bootstrap.css [运行时间：0.033184s][吞吐率：30.13req/s] [内存消耗：2,072.57kb] [文件加载：38]
[ info ] [ LANG ] /Users/zhujunjie/www/guochen/thinkphp/lang/zh-cn.php
[ info ] [ ROUTE ] array (
  'type' => 'module',
  'module' => 
  array (
    0 => 'static',
    1 => 'admin',
    2 => 'css',
  ),
)
[ info ] [ HEADER ] array (
  'host' => 'admin.guochen.com',
  'connection' => 'keep-alive',
  'user-agent' => 'Mozilla/5.0 (Macintosh; Intel Mac OS X 10_11_6) AppleWebKit/537.36 (KHTML, like Gecko) Chrome/61.0.3163.100 Safari/537.36',
  'accept' => 'text/css,*/*;q=0.1',
  'referer' => 'http://admin.guochen.com/',
  'accept-encoding' => 'gzip, deflate',
  'accept-language' => 'zh-CN,zh;q=0.8,en;q=0.6',
  'cookie' => 'pgv_pvi=2859075584',
  'content-type' => '',
  'content-length' => '',
)
[ info ] [ PARAM ] array (
  'plugins' => 'dataTables',
)
[ info ] [ LOG ] INIT File

---------------------------------------------------------------
[ 2017-10-12T00:02:15+08:00 ] 127.0.0.1 127.0.0.1 GET /static/admin/css/style.min.css?v=4.0.0
[ log ] admin.guochen.com/static/admin/css/style.min.css?v=4.0.0 [运行时间：0.024869s][吞吐率：40.21req/s] [内存消耗：2,072.16kb] [文件加载：38]
[ info ] [ LANG ] /Users/zhujunjie/www/guochen/thinkphp/lang/zh-cn.php
[ info ] [ ROUTE ] array (
  'type' => 'module',
  'module' => 
  array (
    0 => 'static',
    1 => 'admin',
    2 => 'css',
  ),
)
[ info ] [ HEADER ] array (
  'host' => 'admin.guochen.com',
  'connection' => 'keep-alive',
  'user-agent' => 'Mozilla/5.0 (Macintosh; Intel Mac OS X 10_11_6) AppleWebKit/537.36 (KHTML, like Gecko) Chrome/61.0.3163.100 Safari/537.36',
  'accept' => 'text/css,*/*;q=0.1',
  'referer' => 'http://admin.guochen.com/',
  'accept-encoding' => 'gzip, deflate',
  'accept-language' => 'zh-CN,zh;q=0.8,en;q=0.6',
  'cookie' => 'pgv_pvi=2859075584',
  'content-type' => '',
  'content-length' => '',
)
[ info ] [ PARAM ] array (
  'v' => '4.0.0',
)
[ info ] [ LOG ] INIT File

---------------------------------------------------------------
[ 2017-10-12T00:03:21+08:00 ] 127.0.0.1 127.0.0.1 GET /
[ log ] admin.guochen.com/ [运行时间：0.015327s][吞吐率：65.24req/s] [内存消耗：2,407.53kb] [文件加载：43]
[ info ] [ LANG ] /Users/zhujunjie/www/guochen/thinkphp/lang/zh-cn.php
[ info ] [ ROUTE ] array (
  'type' => 'module',
  'module' => 
  array (
    0 => '',
    1 => NULL,
    2 => NULL,
  ),
)
[ info ] [ HEADER ] array (
  'host' => 'admin.guochen.com',
  'connection' => 'keep-alive',
  'cache-control' => 'max-age=0',
  'user-agent' => 'Mozilla/5.0 (Macintosh; Intel Mac OS X 10_11_6) AppleWebKit/537.36 (KHTML, like Gecko) Chrome/61.0.3163.100 Safari/537.36',
  'upgrade-insecure-requests' => '1',
  'accept' => 'text/html,application/xhtml+xml,application/xml;q=0.9,image/webp,image/apng,*/*;q=0.8',
  'accept-encoding' => 'gzip, deflate',
  'accept-language' => 'zh-CN,zh;q=0.8,en;q=0.6',
  'cookie' => 'pgv_pvi=2859075584',
  'content-type' => '',
  'content-length' => '',
)
[ info ] [ PARAM ] array (
)
[ info ] [ RUN ] app\index\controller\Index->index[ /Users/zhujunjie/www/guochen/apps/index/controller/Index.php ]
[ info ] [ VIEW ] /Users/zhujunjie/www/guochen/public/../apps/index/view/index/index.html [ array (
) ]
[ info ] [ LOG ] INIT File

---------------------------------------------------------------
[ 2017-10-12T00:03:21+08:00 ] 127.0.0.1 127.0.0.1 GET /static/admin/css/animate.min.css
[ log ] admin.guochen.com/static/admin/css/animate.min.css [运行时间：0.025870s][吞吐率：38.66req/s] [内存消耗：2,071.73kb] [文件加载：38]
[ info ] [ LANG ] /Users/zhujunjie/www/guochen/thinkphp/lang/zh-cn.php
[ info ] [ ROUTE ] array (
  'type' => 'module',
  'module' => 
  array (
    0 => 'static',
    1 => 'admin',
    2 => 'css',
  ),
)
[ info ] [ HEADER ] array (
  'host' => 'admin.guochen.com',
  'connection' => 'keep-alive',
  'user-agent' => 'Mozilla/5.0 (Macintosh; Intel Mac OS X 10_11_6) AppleWebKit/537.36 (KHTML, like Gecko) Chrome/61.0.3163.100 Safari/537.36',
  'accept' => 'text/css,*/*;q=0.1',
  'referer' => 'http://admin.guochen.com/',
  'accept-encoding' => 'gzip, deflate',
  'accept-language' => 'zh-CN,zh;q=0.8,en;q=0.6',
  'cookie' => 'pgv_pvi=2859075584',
  'content-type' => '',
  'content-length' => '',
)
[ info ] [ PARAM ] array (
)
[ info ] [ LOG ] INIT File

---------------------------------------------------------------
[ 2017-10-12T00:03:21+08:00 ] 127.0.0.1 127.0.0.1 GET /static/admin/css/plugins/dataTables/dataTables.bootstrap.css
[ log ] admin.guochen.com/static/admin/css/plugins/dataTables/dataTables.bootstrap.css [运行时间：0.026188s][吞吐率：38.19req/s] [内存消耗：2,072.63kb] [文件加载：38]
[ info ] [ LANG ] /Users/zhujunjie/www/guochen/thinkphp/lang/zh-cn.php
[ info ] [ ROUTE ] array (
  'type' => 'module',
  'module' => 
  array (
    0 => 'static',
    1 => 'admin',
    2 => 'css',
  ),
)
[ info ] [ HEADER ] array (
  'host' => 'admin.guochen.com',
  'connection' => 'keep-alive',
  'user-agent' => 'Mozilla/5.0 (Macintosh; Intel Mac OS X 10_11_6) AppleWebKit/537.36 (KHTML, like Gecko) Chrome/61.0.3163.100 Safari/537.36',
  'accept' => 'text/css,*/*;q=0.1',
  'referer' => 'http://admin.guochen.com/',
  'accept-encoding' => 'gzip, deflate',
  'accept-language' => 'zh-CN,zh;q=0.8,en;q=0.6',
  'cookie' => 'pgv_pvi=2859075584',
  'content-type' => '',
  'content-length' => '',
)
[ info ] [ PARAM ] array (
  'plugins' => 'dataTables',
)
[ info ] [ LOG ] INIT File

---------------------------------------------------------------
[ 2017-10-12T00:03:21+08:00 ] 127.0.0.1 127.0.0.1 GET /static/admin/css/style.min.css?v=4.0.0
[ log ] admin.guochen.com/static/admin/css/style.min.css?v=4.0.0 [运行时间：0.024024s][吞吐率：41.63req/s] [内存消耗：2,072.09kb] [文件加载：38]
[ info ] [ LANG ] /Users/zhujunjie/www/guochen/thinkphp/lang/zh-cn.php
[ info ] [ ROUTE ] array (
  'type' => 'module',
  'module' => 
  array (
    0 => 'static',
    1 => 'admin',
    2 => 'css',
  ),
)
[ info ] [ HEADER ] array (
  'host' => 'admin.guochen.com',
  'connection' => 'keep-alive',
  'user-agent' => 'Mozilla/5.0 (Macintosh; Intel Mac OS X 10_11_6) AppleWebKit/537.36 (KHTML, like Gecko) Chrome/61.0.3163.100 Safari/537.36',
  'accept' => 'text/css,*/*;q=0.1',
  'referer' => 'http://admin.guochen.com/',
  'accept-encoding' => 'gzip, deflate',
  'accept-language' => 'zh-CN,zh;q=0.8,en;q=0.6',
  'cookie' => 'pgv_pvi=2859075584',
  'content-type' => '',
  'content-length' => '',
)
[ info ] [ PARAM ] array (
  'v' => '4.0.0',
)
[ info ] [ LOG ] INIT File

---------------------------------------------------------------
[ 2017-10-12T00:03:21+08:00 ] 127.0.0.1 127.0.0.1 GET /static/admin/css/font-awesome.min.css?v=4.4.0
[ log ] admin.guochen.com/static/admin/css/font-awesome.min.css?v=4.4.0 [运行时间：0.035240s][吞吐率：28.38req/s] [内存消耗：2,072.19kb] [文件加载：38]
[ info ] [ LANG ] /Users/zhujunjie/www/guochen/thinkphp/lang/zh-cn.php
[ info ] [ ROUTE ] array (
  'type' => 'module',
  'module' => 
  array (
    0 => 'static',
    1 => 'admin',
    2 => 'css',
  ),
)
[ info ] [ HEADER ] array (
  'host' => 'admin.guochen.com',
  'connection' => 'keep-alive',
  'user-agent' => 'Mozilla/5.0 (Macintosh; Intel Mac OS X 10_11_6) AppleWebKit/537.36 (KHTML, like Gecko) Chrome/61.0.3163.100 Safari/537.36',
  'accept' => 'text/css,*/*;q=0.1',
  'referer' => 'http://admin.guochen.com/',
  'accept-encoding' => 'gzip, deflate',
  'accept-language' => 'zh-CN,zh;q=0.8,en;q=0.6',
  'cookie' => 'pgv_pvi=2859075584',
  'content-type' => '',
  'content-length' => '',
)
[ info ] [ PARAM ] array (
  'v' => '4.4.0',
)
[ info ] [ LOG ] INIT File

---------------------------------------------------------------
[ 2017-10-12T00:05:26+08:00 ] 127.0.0.1 127.0.0.1 GET /
[ log ] admin.guochen.com/ [运行时间：0.014891s][吞吐率：67.15req/s] [内存消耗：2,403.28kb] [文件加载：42]
[ info ] [ LANG ] /Users/zhujunjie/www/guochen/thinkphp/lang/zh-cn.php
[ info ] [ ROUTE ] array (
  'type' => 'module',
  'module' => 
  array (
    0 => '',
    1 => NULL,
    2 => NULL,
  ),
)
[ info ] [ HEADER ] array (
  'host' => 'admin.guochen.com',
  'connection' => 'keep-alive',
  'cache-control' => 'max-age=0',
  'user-agent' => 'Mozilla/5.0 (Macintosh; Intel Mac OS X 10_11_6) AppleWebKit/537.36 (KHTML, like Gecko) Chrome/61.0.3163.100 Safari/537.36',
  'upgrade-insecure-requests' => '1',
  'accept' => 'text/html,application/xhtml+xml,application/xml;q=0.9,image/webp,image/apng,*/*;q=0.8',
  'accept-encoding' => 'gzip, deflate',
  'accept-language' => 'zh-CN,zh;q=0.8,en;q=0.6',
  'cookie' => 'pgv_pvi=2859075584',
  'content-type' => '',
  'content-length' => '',
)
[ info ] [ PARAM ] array (
)
[ info ] [ RUN ] app\index\controller\Index->index[ /Users/zhujunjie/www/guochen/apps/index/controller/Index.php ]
[ info ] [ VIEW ] /Users/zhujunjie/www/guochen/public/../apps/index/view/index/index.html [ array (
) ]
[ info ] [ LOG ] INIT File

---------------------------------------------------------------
[ 2017-10-12T00:05:27+08:00 ] 127.0.0.1 127.0.0.1 GET /static/admin/css/font-awesome.min.css?v=4.4.0
[ log ] admin.guochen.com/static/admin/css/font-awesome.min.css?v=4.4.0 [运行时间：0.026601s][吞吐率：37.59req/s] [内存消耗：2,068.30kb] [文件加载：37]
[ info ] [ LANG ] /Users/zhujunjie/www/guochen/thinkphp/lang/zh-cn.php
[ info ] [ ROUTE ] array (
  'type' => 'module',
  'module' => 
  array (
    0 => 'static',
    1 => 'admin',
    2 => 'css',
  ),
)
[ info ] [ HEADER ] array (
  'host' => 'admin.guochen.com',
  'connection' => 'keep-alive',
  'user-agent' => 'Mozilla/5.0 (Macintosh; Intel Mac OS X 10_11_6) AppleWebKit/537.36 (KHTML, like Gecko) Chrome/61.0.3163.100 Safari/537.36',
  'accept' => 'text/css,*/*;q=0.1',
  'referer' => 'http://admin.guochen.com/',
  'accept-encoding' => 'gzip, deflate',
  'accept-language' => 'zh-CN,zh;q=0.8,en;q=0.6',
  'cookie' => 'pgv_pvi=2859075584',
  'content-type' => '',
  'content-length' => '',
)
[ info ] [ PARAM ] array (
  'v' => '4.4.0',
)
[ info ] [ LOG ] INIT File

---------------------------------------------------------------
[ 2017-10-12T00:05:27+08:00 ] 127.0.0.1 127.0.0.1 GET /static/admin/css/animate.min.css
[ log ] admin.guochen.com/static/admin/css/animate.min.css [运行时间：0.027505s][吞吐率：36.36req/s] [内存消耗：2,067.70kb] [文件加载：37]
[ info ] [ LANG ] /Users/zhujunjie/www/guochen/thinkphp/lang/zh-cn.php
[ info ] [ ROUTE ] array (
  'type' => 'module',
  'module' => 
  array (
    0 => 'static',
    1 => 'admin',
    2 => 'css',
  ),
)
[ info ] [ HEADER ] array (
  'host' => 'admin.guochen.com',
  'connection' => 'keep-alive',
  'user-agent' => 'Mozilla/5.0 (Macintosh; Intel Mac OS X 10_11_6) AppleWebKit/537.36 (KHTML, like Gecko) Chrome/61.0.3163.100 Safari/537.36',
  'accept' => 'text/css,*/*;q=0.1',
  'referer' => 'http://admin.guochen.com/',
  'accept-encoding' => 'gzip, deflate',
  'accept-language' => 'zh-CN,zh;q=0.8,en;q=0.6',
  'cookie' => 'pgv_pvi=2859075584',
  'content-type' => '',
  'content-length' => '',
)
[ info ] [ PARAM ] array (
)
[ info ] [ LOG ] INIT File

---------------------------------------------------------------
[ 2017-10-12T00:05:27+08:00 ] 127.0.0.1 127.0.0.1 GET /static/admin/css/plugins/dataTables/dataTables.bootstrap.css
[ log ] admin.guochen.com/static/admin/css/plugins/dataTables/dataTables.bootstrap.css [运行时间：0.025193s][吞吐率：39.69req/s] [内存消耗：2,068.65kb] [文件加载：37]
[ info ] [ LANG ] /Users/zhujunjie/www/guochen/thinkphp/lang/zh-cn.php
[ info ] [ ROUTE ] array (
  'type' => 'module',
  'module' => 
  array (
    0 => 'static',
    1 => 'admin',
    2 => 'css',
  ),
)
[ info ] [ HEADER ] array (
  'host' => 'admin.guochen.com',
  'connection' => 'keep-alive',
  'user-agent' => 'Mozilla/5.0 (Macintosh; Intel Mac OS X 10_11_6) AppleWebKit/537.36 (KHTML, like Gecko) Chrome/61.0.3163.100 Safari/537.36',
  'accept' => 'text/css,*/*;q=0.1',
  'referer' => 'http://admin.guochen.com/',
  'accept-encoding' => 'gzip, deflate',
  'accept-language' => 'zh-CN,zh;q=0.8,en;q=0.6',
  'cookie' => 'pgv_pvi=2859075584',
  'content-type' => '',
  'content-length' => '',
)
[ info ] [ PARAM ] array (
  'plugins' => 'dataTables',
)
[ info ] [ LOG ] INIT File

---------------------------------------------------------------
[ 2017-10-12T00:05:27+08:00 ] 127.0.0.1 127.0.0.1 GET /static/admin/css/style.min.css?v=4.0.0
[ log ] admin.guochen.com/static/admin/css/style.min.css?v=4.0.0 [运行时间：0.033803s][吞吐率：29.58req/s] [内存消耗：2,068.16kb] [文件加载：37]
[ info ] [ LANG ] /Users/zhujunjie/www/guochen/thinkphp/lang/zh-cn.php
[ info ] [ ROUTE ] array (
  'type' => 'module',
  'module' => 
  array (
    0 => 'static',
    1 => 'admin',
    2 => 'css',
  ),
)
[ info ] [ HEADER ] array (
  'host' => 'admin.guochen.com',
  'connection' => 'keep-alive',
  'user-agent' => 'Mozilla/5.0 (Macintosh; Intel Mac OS X 10_11_6) AppleWebKit/537.36 (KHTML, like Gecko) Chrome/61.0.3163.100 Safari/537.36',
  'accept' => 'text/css,*/*;q=0.1',
  'referer' => 'http://admin.guochen.com/',
  'accept-encoding' => 'gzip, deflate',
  'accept-language' => 'zh-CN,zh;q=0.8,en;q=0.6',
  'cookie' => 'pgv_pvi=2859075584',
  'content-type' => '',
  'content-length' => '',
)
[ info ] [ PARAM ] array (
  'v' => '4.0.0',
)
[ info ] [ LOG ] INIT File

---------------------------------------------------------------
[ 2017-10-12T00:07:45+08:00 ] 127.0.0.1 127.0.0.1 GET /admin/index/index.html?v=4.0
[ log ] www.guochen.com/admin/index/index.html?v=4.0 [运行时间：0.016101s][吞吐率：62.11req/s] [内存消耗：2,504.89kb] [文件加载：44]
[ info ] [ LANG ] /Users/zhujunjie/www/guochen/thinkphp/lang/zh-cn.php
[ info ] [ ROUTE ] array (
  'type' => 'module',
  'module' => 
  array (
    0 => 'admin',
    1 => 'index',
    2 => 'index',
  ),
)
[ info ] [ HEADER ] array (
  'host' => 'www.guochen.com',
  'connection' => 'keep-alive',
  'cache-control' => 'max-age=0',
  'user-agent' => 'Mozilla/5.0 (Macintosh; Intel Mac OS X 10_11_6) AppleWebKit/537.36 (KHTML, like Gecko) Chrome/61.0.3163.100 Safari/537.36',
  'upgrade-insecure-requests' => '1',
  'accept' => 'text/html,application/xhtml+xml,application/xml;q=0.9,image/webp,image/apng,*/*;q=0.8',
  'referer' => 'http://www.guochen.com/admin/index/index.html?v=4.0',
  'accept-encoding' => 'gzip, deflate',
  'accept-language' => 'zh-CN,zh;q=0.8,en;q=0.6',
  'cookie' => 'pgv_pvi=2859075584; PHPSESSID=rr4o5l1pjmpotrvbq0kdgqekh4',
  'content-type' => '',
  'content-length' => '',
)
[ info ] [ PARAM ] array (
  'v' => '4.0',
)
[ info ] [ RUN ] app\admin\controller\Index->index[ /Users/zhujunjie/www/guochen/apps/admin/controller/Index.php ]
[ info ] [ VIEW ] /Users/zhujunjie/www/guochen/public/../apps/admin/view/index/index.html [ array (
) ]
[ info ] [ LOG ] INIT File

---------------------------------------------------------------
[ 2017-10-12T00:07:45+08:00 ] 127.0.0.1 127.0.0.1 GET /admin/index/index2
[ log ] www.guochen.com/admin/index/index2 [运行时间：0.022868s][吞吐率：43.73req/s] [内存消耗：2,494.40kb] [文件加载：45]
[ info ] [ LANG ] /Users/zhujunjie/www/guochen/thinkphp/lang/zh-cn.php
[ info ] [ ROUTE ] array (
  'type' => 'module',
  'module' => 
  array (
    0 => 'admin',
    1 => 'index',
    2 => 'index2',
  ),
)
[ info ] [ HEADER ] array (
  'host' => 'www.guochen.com',
  'connection' => 'keep-alive',
  'upgrade-insecure-requests' => '1',
  'user-agent' => 'Mozilla/5.0 (Macintosh; Intel Mac OS X 10_11_6) AppleWebKit/537.36 (KHTML, like Gecko) Chrome/61.0.3163.100 Safari/537.36',
  'accept' => 'text/html,application/xhtml+xml,application/xml;q=0.9,image/webp,image/apng,*/*;q=0.8',
  'referer' => 'http://www.guochen.com/admin/index/index.html?v=4.0',
  'accept-encoding' => 'gzip, deflate',
  'accept-language' => 'zh-CN,zh;q=0.8,en;q=0.6',
  'cookie' => 'pgv_pvi=2859075584; PHPSESSID=rr4o5l1pjmpotrvbq0kdgqekh4',
  'content-type' => '',
  'content-length' => '',
)
[ info ] [ PARAM ] array (
)
[ info ] [ LOG ] INIT File

---------------------------------------------------------------
[ 2017-10-12T00:07:48+08:00 ] 127.0.0.1 127.0.0.1 GET /
[ log ] admin.guochen.com/ [运行时间：0.015929s][吞吐率：62.78req/s] [内存消耗：2,500.05kb] [文件加载：44]
[ info ] [ LANG ] /Users/zhujunjie/www/guochen/thinkphp/lang/zh-cn.php
[ info ] [ BIND ] 'admin'
[ info ] [ ROUTE ] array (
  'type' => 'module',
  'module' => 
  array (
    0 => 'admin',
    1 => NULL,
    2 => NULL,
  ),
)
[ info ] [ HEADER ] array (
  'host' => 'admin.guochen.com',
  'connection' => 'keep-alive',
  'cache-control' => 'max-age=0',
  'user-agent' => 'Mozilla/5.0 (Macintosh; Intel Mac OS X 10_11_6) AppleWebKit/537.36 (KHTML, like Gecko) Chrome/61.0.3163.100 Safari/537.36',
  'upgrade-insecure-requests' => '1',
  'accept' => 'text/html,application/xhtml+xml,application/xml;q=0.9,image/webp,image/apng,*/*;q=0.8',
  'accept-encoding' => 'gzip, deflate',
  'accept-language' => 'zh-CN,zh;q=0.8,en;q=0.6',
  'cookie' => 'pgv_pvi=2859075584',
  'content-type' => '',
  'content-length' => '',
)
[ info ] [ PARAM ] array (
)
[ info ] [ RUN ] app\admin\controller\Index->index[ /Users/zhujunjie/www/guochen/apps/admin/controller/Index.php ]
[ info ] [ VIEW ] /Users/zhujunjie/www/guochen/public/../apps/admin/view/index/index.html [ array (
) ]
[ info ] [ LOG ] INIT File

---------------------------------------------------------------
[ 2017-10-12T00:07:48+08:00 ] 127.0.0.1 127.0.0.1 GET /admin/index/index2
[ log ] admin.guochen.com/admin/index/index2 [运行时间：0.015457s][吞吐率：64.70req/s] [内存消耗：2,074.00kb] [文件加载：38]
[ info ] [ LANG ] /Users/zhujunjie/www/guochen/thinkphp/lang/zh-cn.php
[ info ] [ BIND ] 'admin'
[ info ] [ ROUTE ] array (
  'type' => 'module',
  'module' => 
  array (
    0 => 'admin',
    1 => 'admin',
    2 => 'index',
  ),
)
[ info ] [ HEADER ] array (
  'host' => 'admin.guochen.com',
  'connection' => 'keep-alive',
  'upgrade-insecure-requests' => '1',
  'user-agent' => 'Mozilla/5.0 (Macintosh; Intel Mac OS X 10_11_6) AppleWebKit/537.36 (KHTML, like Gecko) Chrome/61.0.3163.100 Safari/537.36',
  'accept' => 'text/html,application/xhtml+xml,application/xml;q=0.9,image/webp,image/apng,*/*;q=0.8',
  'referer' => 'http://admin.guochen.com/',
  'accept-encoding' => 'gzip, deflate',
  'accept-language' => 'zh-CN,zh;q=0.8,en;q=0.6',
  'cookie' => 'pgv_pvi=2859075584',
  'content-type' => '',
  'content-length' => '',
)
[ info ] [ PARAM ] array (
)
[ info ] [ LOG ] INIT File

---------------------------------------------------------------
[ 2017-10-12T00:08:02+08:00 ] 127.0.0.1 127.0.0.1 GET /admin/news/index?v=4.0
[ log ] admin.guochen.com/admin/news/index?v=4.0 [运行时间：0.018889s][吞吐率：52.94req/s] [内存消耗：2,074.24kb] [文件加载：38]
[ info ] [ LANG ] /Users/zhujunjie/www/guochen/thinkphp/lang/zh-cn.php
[ info ] [ BIND ] 'admin'
[ info ] [ ROUTE ] array (
  'type' => 'module',
  'module' => 
  array (
    0 => 'admin',
    1 => 'admin',
    2 => 'news',
  ),
)
[ info ] [ HEADER ] array (
  'host' => 'admin.guochen.com',
  'connection' => 'keep-alive',
  'upgrade-insecure-requests' => '1',
  'user-agent' => 'Mozilla/5.0 (Macintosh; Intel Mac OS X 10_11_6) AppleWebKit/537.36 (KHTML, like Gecko) Chrome/61.0.3163.100 Safari/537.36',
  'accept' => 'text/html,application/xhtml+xml,application/xml;q=0.9,image/webp,image/apng,*/*;q=0.8',
  'referer' => 'http://admin.guochen.com/',
  'accept-encoding' => 'gzip, deflate',
  'accept-language' => 'zh-CN,zh;q=0.8,en;q=0.6',
  'cookie' => 'pgv_pvi=2859075584',
  'content-type' => '',
  'content-length' => '',
)
[ info ] [ PARAM ] array (
  'v' => '4.0',
)
[ info ] [ LOG ] INIT File

---------------------------------------------------------------
[ 2017-10-12T00:08:06+08:00 ] 127.0.0.1 127.0.0.1 GET /user/index.html?v=4.0
[ log ] admin.guochen.com/user/index.html?v=4.0 [运行时间：0.020571s][吞吐率：48.61req/s] [内存消耗：2,074.23kb] [文件加载：38]
[ info ] [ LANG ] /Users/zhujunjie/www/guochen/thinkphp/lang/zh-cn.php
[ info ] [ BIND ] 'admin'
[ info ] [ ROUTE ] array (
  'type' => 'module',
  'module' => 
  array (
    0 => 'admin',
    1 => 'user',
    2 => 'index',
  ),
)
[ info ] [ HEADER ] array (
  'host' => 'admin.guochen.com',
  'connection' => 'keep-alive',
  'upgrade-insecure-requests' => '1',
  'user-agent' => 'Mozilla/5.0 (Macintosh; Intel Mac OS X 10_11_6) AppleWebKit/537.36 (KHTML, like Gecko) Chrome/61.0.3163.100 Safari/537.36',
  'accept' => 'text/html,application/xhtml+xml,application/xml;q=0.9,image/webp,image/apng,*/*;q=0.8',
  'referer' => 'http://admin.guochen.com/',
  'accept-encoding' => 'gzip, deflate',
  'accept-language' => 'zh-CN,zh;q=0.8,en;q=0.6',
  'cookie' => 'pgv_pvi=2859075584',
  'content-type' => '',
  'content-length' => '',
)
[ info ] [ PARAM ] array (
  'v' => '4.0',
)
[ info ] [ LOG ] INIT File

---------------------------------------------------------------
[ 2017-10-12T00:08:10+08:00 ] 127.0.0.1 127.0.0.1 GET /admin/news/index?v=4.0
[ log ] admin.guochen.com/admin/news/index?v=4.0 [运行时间：0.017035s][吞吐率：58.70req/s] [内存消耗：2,074.27kb] [文件加载：38]
[ info ] [ LANG ] /Users/zhujunjie/www/guochen/thinkphp/lang/zh-cn.php
[ info ] [ BIND ] 'admin'
[ info ] [ ROUTE ] array (
  'type' => 'module',
  'module' => 
  array (
    0 => 'admin',
    1 => 'admin',
    2 => 'news',
  ),
)
[ info ] [ HEADER ] array (
  'host' => 'admin.guochen.com',
  'connection' => 'keep-alive',
  'upgrade-insecure-requests' => '1',
  'user-agent' => 'Mozilla/5.0 (Macintosh; Intel Mac OS X 10_11_6) AppleWebKit/537.36 (KHTML, like Gecko) Chrome/61.0.3163.100 Safari/537.36',
  'accept' => 'text/html,application/xhtml+xml,application/xml;q=0.9,image/webp,image/apng,*/*;q=0.8',
  'referer' => 'http://admin.guochen.com/',
  'accept-encoding' => 'gzip, deflate',
  'accept-language' => 'zh-CN,zh;q=0.8,en;q=0.6',
  'cookie' => 'pgv_pvi=2859075584',
  'content-type' => '',
  'content-length' => '',
)
[ info ] [ PARAM ] array (
  'v' => '4.0',
)
[ info ] [ LOG ] INIT File

---------------------------------------------------------------
[ 2017-10-12T00:11:53+08:00 ] 127.0.0.1 127.0.0.1 GET /
[ log ] admin.guochen.com/ [运行时间：0.015702s][吞吐率：63.69req/s] [内存消耗：2,500.05kb] [文件加载：44]
[ info ] [ LANG ] /Users/zhujunjie/www/guochen/thinkphp/lang/zh-cn.php
[ info ] [ BIND ] 'admin'
[ info ] [ ROUTE ] array (
  'type' => 'module',
  'module' => 
  array (
    0 => 'admin',
    1 => NULL,
    2 => NULL,
  ),
)
[ info ] [ HEADER ] array (
  'host' => 'admin.guochen.com',
  'connection' => 'keep-alive',
  'cache-control' => 'max-age=0',
  'user-agent' => 'Mozilla/5.0 (Macintosh; Intel Mac OS X 10_11_6) AppleWebKit/537.36 (KHTML, like Gecko) Chrome/61.0.3163.100 Safari/537.36',
  'upgrade-insecure-requests' => '1',
  'accept' => 'text/html,application/xhtml+xml,application/xml;q=0.9,image/webp,image/apng,*/*;q=0.8',
  'accept-encoding' => 'gzip, deflate',
  'accept-language' => 'zh-CN,zh;q=0.8,en;q=0.6',
  'cookie' => 'pgv_pvi=2859075584',
  'content-type' => '',
  'content-length' => '',
)
[ info ] [ PARAM ] array (
)
[ info ] [ RUN ] app\admin\controller\Index->index[ /Users/zhujunjie/www/guochen/apps/admin/controller/Index.php ]
[ info ] [ VIEW ] /Users/zhujunjie/www/guochen/public/../apps/admin/view/index/index.html [ array (
) ]
[ info ] [ LOG ] INIT File

---------------------------------------------------------------
[ 2017-10-12T00:11:53+08:00 ] 127.0.0.1 127.0.0.1 GET /admin/index/index2
[ log ] admin.guochen.com/admin/index/index2 [运行时间：0.019131s][吞吐率：52.27req/s] [内存消耗：2,074.00kb] [文件加载：38]
[ info ] [ LANG ] /Users/zhujunjie/www/guochen/thinkphp/lang/zh-cn.php
[ info ] [ BIND ] 'admin'
[ info ] [ ROUTE ] array (
  'type' => 'module',
  'module' => 
  array (
    0 => 'admin',
    1 => 'admin',
    2 => 'index',
  ),
)
[ info ] [ HEADER ] array (
  'host' => 'admin.guochen.com',
  'connection' => 'keep-alive',
  'upgrade-insecure-requests' => '1',
  'user-agent' => 'Mozilla/5.0 (Macintosh; Intel Mac OS X 10_11_6) AppleWebKit/537.36 (KHTML, like Gecko) Chrome/61.0.3163.100 Safari/537.36',
  'accept' => 'text/html,application/xhtml+xml,application/xml;q=0.9,image/webp,image/apng,*/*;q=0.8',
  'referer' => 'http://admin.guochen.com/',
  'accept-encoding' => 'gzip, deflate',
  'accept-language' => 'zh-CN,zh;q=0.8,en;q=0.6',
  'cookie' => 'pgv_pvi=2859075584',
  'content-type' => '',
  'content-length' => '',
)
[ info ] [ PARAM ] array (
)
[ info ] [ LOG ] INIT File

---------------------------------------------------------------
[ 2017-10-12T09:07:04+08:00 ] 127.0.0.1 127.0.0.1 GET /admin/news/index?v=4.0
[ log ] admin.guochen.com/admin/news/index?v=4.0 [运行时间：0.057449s][吞吐率：17.41req/s] [内存消耗：2,074.24kb] [文件加载：38]
[ info ] [ LANG ] /Users/zhujunjie/www/guochen/thinkphp/lang/zh-cn.php
[ info ] [ BIND ] 'admin'
[ info ] [ ROUTE ] array (
  'type' => 'module',
  'module' => 
  array (
    0 => 'admin',
    1 => 'admin',
    2 => 'news',
  ),
)
[ info ] [ HEADER ] array (
  'host' => 'admin.guochen.com',
  'connection' => 'keep-alive',
  'upgrade-insecure-requests' => '1',
  'user-agent' => 'Mozilla/5.0 (Macintosh; Intel Mac OS X 10_11_6) AppleWebKit/537.36 (KHTML, like Gecko) Chrome/61.0.3163.100 Safari/537.36',
  'accept' => 'text/html,application/xhtml+xml,application/xml;q=0.9,image/webp,image/apng,*/*;q=0.8',
  'referer' => 'http://admin.guochen.com/',
  'accept-encoding' => 'gzip, deflate',
  'accept-language' => 'zh-CN,zh;q=0.8,en;q=0.6',
  'cookie' => 'pgv_pvi=2859075584',
  'content-type' => '',
  'content-length' => '',
)
[ info ] [ PARAM ] array (
  'v' => '4.0',
)
[ info ] [ LOG ] INIT File

---------------------------------------------------------------
[ 2017-10-12T09:07:14+08:00 ] 127.0.0.1 127.0.0.1 GET /user/index.html?v=4.0
[ log ] admin.guochen.com/user/index.html?v=4.0 [运行时间：0.043129s][吞吐率：23.19req/s] [内存消耗：2,074.21kb] [文件加载：38]
[ info ] [ LANG ] /Users/zhujunjie/www/guochen/thinkphp/lang/zh-cn.php
[ info ] [ BIND ] 'admin'
[ info ] [ ROUTE ] array (
  'type' => 'module',
  'module' => 
  array (
    0 => 'admin',
    1 => 'user',
    2 => 'index',
  ),
)
[ info ] [ HEADER ] array (
  'host' => 'admin.guochen.com',
  'connection' => 'keep-alive',
  'upgrade-insecure-requests' => '1',
  'user-agent' => 'Mozilla/5.0 (Macintosh; Intel Mac OS X 10_11_6) AppleWebKit/537.36 (KHTML, like Gecko) Chrome/61.0.3163.100 Safari/537.36',
  'accept' => 'text/html,application/xhtml+xml,application/xml;q=0.9,image/webp,image/apng,*/*;q=0.8',
  'referer' => 'http://admin.guochen.com/',
  'accept-encoding' => 'gzip, deflate',
  'accept-language' => 'zh-CN,zh;q=0.8,en;q=0.6',
  'cookie' => 'pgv_pvi=2859075584',
  'content-type' => '',
  'content-length' => '',
)
[ info ] [ PARAM ] array (
  'v' => '4.0',
)
[ info ] [ LOG ] INIT File

---------------------------------------------------------------
