[ 2017-10-20T09:06:02+08:00 ] 127.0.0.1 127.0.0.1 GET /role/index?v=4.0
[ log ] admin.guochen.com/role/index?v=4.0 [运行时间：0.197581s][吞吐率：5.06req/s] [内存消耗：3,472.51kb] [文件加载：51]
[ info ] [ LANG ] /Users/zhujunjie/www/guochen/thinkphp/lang/zh-cn.php
[ info ] [ BIND ] 'admin'
[ info ] [ ROUTE ] array (
  'type' => 'module',
  'module' => 
  array (
    0 => 'admin',
    1 => 'role',
    2 => 'index',
  ),
)
[ info ] [ HEADER ] array (
  'host' => 'admin.guochen.com',
  'connection' => 'keep-alive',
  'cache-control' => 'max-age=0',
  'upgrade-insecure-requests' => '1',
  'user-agent' => 'Mozilla/5.0 (Macintosh; Intel Mac OS X 10_11_6) AppleWebKit/537.36 (KHTML, like Gecko) Chrome/61.0.3163.100 Safari/537.36',
  'accept' => 'text/html,application/xhtml+xml,application/xml;q=0.9,image/webp,image/apng,*/*;q=0.8',
  'referer' => 'http://admin.guochen.com/role/index?v=4.0',
  'accept-encoding' => 'gzip, deflate',
  'accept-language' => 'zh-CN,zh;q=0.8,en;q=0.6',
  'cookie' => 'pgv_pvi=2859075584; PHPSESSID=5q43jg4toa02qnsousshd0mt92',
  'content-type' => '',
  'content-length' => '',
)
[ info ] [ PARAM ] array (
  'v' => '4.0',
)
[ info ] [ SESSION ] INIT array (
  'id' => '',
  'var_session_id' => '',
  'prefix' => 'think',
  'type' => '',
  'auto_start' => true,
)
[ info ] [ RUN ] app\admin\controller\Role->index[ /Users/zhujunjie/www/guochen/apps/admin/controller/Role.php ]
[ info ] [ DB ] INIT mysql
[ info ] [ DB ] INIT mysql
[ info ] [ VIEW ] /Users/zhujunjie/www/guochen/public/../apps/admin/view/role/index.html [ array (
  0 => 'list',
) ]
[ info ] [ LOG ] INIT File
[ sql ] [ DB ] CONNECT:[ UseTime:0.013399s ] mysql:dbname=guochen;host=127.0.0.1;port=3306;charset=utf8
[ sql ] [ SQL ] SHOW COLUMNS FROM `gc_auth_detail` [ RunTime:0.033286s ]
[ sql ] [ SQL ] SELECT * FROM `gc_auth_detail`  [ RunTime:0.002676s ]
[ sql ] [ DB ] CONNECT:[ UseTime:0.012551s ] mysql:dbname=guochen;host=127.0.0.1;port=3306;charset=utf8
[ sql ] [ SQL ] SHOW COLUMNS FROM `gc_node` [ RunTime:0.003016s ]
[ sql ] [ SQL ] SELECT `remark` FROM `gc_node` WHERE  `id` IN (1,2)    [ RunTime:0.003567s ]

---------------------------------------------------------------
[ 2017-10-20T10:15:00+08:00 ] 127.0.0.1 127.0.0.1 GET /role/index?v=4.0
[ log ] admin.guochen.com/role/index?v=4.0 [运行时间：0.075620s][吞吐率：13.22req/s] [内存消耗：3,701.35kb] [文件加载：53]
[ info ] [ LANG ] /Users/zhujunjie/www/guochen/thinkphp/lang/zh-cn.php
[ info ] [ BIND ] 'admin'
[ info ] [ ROUTE ] array (
  'type' => 'module',
  'module' => 
  array (
    0 => 'admin',
    1 => 'role',
    2 => 'index',
  ),
)
[ info ] [ HEADER ] array (
  'host' => 'admin.guochen.com',
  'connection' => 'keep-alive',
  'cache-control' => 'max-age=0',
  'upgrade-insecure-requests' => '1',
  'user-agent' => 'Mozilla/5.0 (Macintosh; Intel Mac OS X 10_11_6) AppleWebKit/537.36 (KHTML, like Gecko) Chrome/61.0.3163.100 Safari/537.36',
  'accept' => 'text/html,application/xhtml+xml,application/xml;q=0.9,image/webp,image/apng,*/*;q=0.8',
  'referer' => 'http://admin.guochen.com/role/index?v=4.0',
  'accept-encoding' => 'gzip, deflate',
  'accept-language' => 'zh-CN,zh;q=0.8,en;q=0.6',
  'cookie' => 'pgv_pvi=2859075584; PHPSESSID=5q43jg4toa02qnsousshd0mt92',
  'content-type' => '',
  'content-length' => '',
)
[ info ] [ PARAM ] array (
  'v' => '4.0',
)
[ info ] [ SESSION ] INIT array (
  'id' => '',
  'var_session_id' => '',
  'prefix' => 'think',
  'type' => '',
  'auto_start' => true,
)
[ info ] [ RUN ] app\admin\controller\Role->index[ /Users/zhujunjie/www/guochen/apps/admin/controller/Role.php ]
[ info ] [ DB ] INIT mysql
[ info ] [ DB ] INIT mysql
[ info ] [ VIEW ] /Users/zhujunjie/www/guochen/public/../apps/admin/view/role/index.html [ array (
  0 => 'list',
) ]
[ info ] [ LOG ] INIT File
[ sql ] [ DB ] CONNECT:[ UseTime:0.001220s ] mysql:dbname=guochen;host=127.0.0.1;port=3306;charset=utf8
[ sql ] [ SQL ] SHOW COLUMNS FROM `gc_auth_detail` [ RunTime:0.001361s ]
[ sql ] [ SQL ] SELECT * FROM `gc_auth_detail`  [ RunTime:0.000437s ]
[ sql ] [ DB ] CONNECT:[ UseTime:0.001037s ] mysql:dbname=guochen;host=127.0.0.1;port=3306;charset=utf8
[ sql ] [ SQL ] SHOW COLUMNS FROM `gc_node` [ RunTime:0.006819s ]
[ sql ] [ SQL ] SELECT `remark` FROM `gc_node` WHERE  `id` IN (1,2)    [ RunTime:0.000801s ]

---------------------------------------------------------------
[ 2017-10-20T10:15:02+08:00 ] 127.0.0.1 127.0.0.1 GET /role/edit?auth_code=1
[ log ] admin.guochen.com/role/edit?auth_code=1 [运行时间：0.063480s][吞吐率：15.75req/s] [内存消耗：3,705.34kb] [文件加载：53]
[ info ] [ LANG ] /Users/zhujunjie/www/guochen/thinkphp/lang/zh-cn.php
[ info ] [ BIND ] 'admin'
[ info ] [ ROUTE ] array (
  'type' => 'module',
  'module' => 
  array (
    0 => 'admin',
    1 => 'role',
    2 => 'edit',
  ),
)
[ info ] [ HEADER ] array (
  'host' => 'admin.guochen.com',
  'connection' => 'keep-alive',
  'upgrade-insecure-requests' => '1',
  'user-agent' => 'Mozilla/5.0 (Macintosh; Intel Mac OS X 10_11_6) AppleWebKit/537.36 (KHTML, like Gecko) Chrome/61.0.3163.100 Safari/537.36',
  'accept' => 'text/html,application/xhtml+xml,application/xml;q=0.9,image/webp,image/apng,*/*;q=0.8',
  'referer' => 'http://admin.guochen.com/role/index?v=4.0',
  'accept-encoding' => 'gzip, deflate',
  'accept-language' => 'zh-CN,zh;q=0.8,en;q=0.6',
  'cookie' => 'pgv_pvi=2859075584; PHPSESSID=5q43jg4toa02qnsousshd0mt92',
  'content-type' => '',
  'content-length' => '',
)
[ info ] [ PARAM ] array (
  'auth_code' => '1',
)
[ info ] [ SESSION ] INIT array (
  'id' => '',
  'var_session_id' => '',
  'prefix' => 'think',
  'type' => '',
  'auto_start' => true,
)
[ info ] [ RUN ] app\admin\controller\Role->edit[ /Users/zhujunjie/www/guochen/apps/admin/controller/Role.php ]
[ info ] [ DB ] INIT mysql
[ info ] [ DB ] INIT mysql
[ info ] [ VIEW ] /Users/zhujunjie/www/guochen/public/../apps/admin/view/role/edit.html [ array (
  0 => 'node',
  1 => 'data',
) ]
[ info ] [ LOG ] INIT File
[ sql ] [ DB ] CONNECT:[ UseTime:0.002741s ] mysql:dbname=guochen;host=127.0.0.1;port=3306;charset=utf8
[ sql ] [ SQL ] SHOW COLUMNS FROM `gc_auth_detail` [ RunTime:0.001308s ]
[ sql ] [ SQL ] SELECT * FROM `gc_auth_detail` WHERE  `auth_code` = 0 LIMIT 1    [ RunTime:0.002640s ]
[ sql ] [ DB ] CONNECT:[ UseTime:0.006368s ] mysql:dbname=guochen;host=127.0.0.1;port=3306;charset=utf8
[ sql ] [ SQL ] SHOW COLUMNS FROM `gc_node` [ RunTime:0.000822s ]
[ sql ] [ SQL ] SELECT `id`,`remark` FROM `gc_node` ORDER BY sort asc  [ RunTime:0.001052s ]

---------------------------------------------------------------
[ 2017-10-20T10:20:33+08:00 ] 127.0.0.1 127.0.0.1 GET /role/edit?auth_code=1
[ log ] admin.guochen.com/role/edit?auth_code=1 [运行时间：0.041766s][吞吐率：23.94req/s] [内存消耗：3,706.75kb] [文件加载：53]
[ info ] [ LANG ] /Users/zhujunjie/www/guochen/thinkphp/lang/zh-cn.php
[ info ] [ BIND ] 'admin'
[ info ] [ ROUTE ] array (
  'type' => 'module',
  'module' => 
  array (
    0 => 'admin',
    1 => 'role',
    2 => 'edit',
  ),
)
[ info ] [ HEADER ] array (
  'host' => 'admin.guochen.com',
  'connection' => 'keep-alive',
  'cache-control' => 'max-age=0',
  'upgrade-insecure-requests' => '1',
  'user-agent' => 'Mozilla/5.0 (Macintosh; Intel Mac OS X 10_11_6) AppleWebKit/537.36 (KHTML, like Gecko) Chrome/61.0.3163.100 Safari/537.36',
  'accept' => 'text/html,application/xhtml+xml,application/xml;q=0.9,image/webp,image/apng,*/*;q=0.8',
  'referer' => 'http://admin.guochen.com/role/edit?auth_code=1',
  'accept-encoding' => 'gzip, deflate',
  'accept-language' => 'zh-CN,zh;q=0.8,en;q=0.6',
  'cookie' => 'pgv_pvi=2859075584; PHPSESSID=5q43jg4toa02qnsousshd0mt92',
  'content-type' => '',
  'content-length' => '',
)
[ info ] [ PARAM ] array (
  'auth_code' => '1',
)
[ info ] [ SESSION ] INIT array (
  'id' => '',
  'var_session_id' => '',
  'prefix' => 'think',
  'type' => '',
  'auto_start' => true,
)
[ info ] [ RUN ] app\admin\controller\Role->edit[ /Users/zhujunjie/www/guochen/apps/admin/controller/Role.php ]
[ info ] [ DB ] INIT mysql
[ info ] [ DB ] INIT mysql
[ info ] [ VIEW ] /Users/zhujunjie/www/guochen/public/../apps/admin/view/role/edit.html [ array (
  0 => 'node',
  1 => 'data',
) ]
[ info ] [ LOG ] INIT File
[ sql ] [ DB ] CONNECT:[ UseTime:0.000902s ] mysql:dbname=guochen;host=127.0.0.1;port=3306;charset=utf8
[ sql ] [ SQL ] SHOW COLUMNS FROM `gc_auth_detail` [ RunTime:0.000857s ]
[ sql ] [ SQL ] SELECT * FROM `gc_auth_detail` WHERE  `auth_code` = 0 LIMIT 1    [ RunTime:0.000458s ]
[ sql ] [ DB ] CONNECT:[ UseTime:0.002444s ] mysql:dbname=guochen;host=127.0.0.1;port=3306;charset=utf8
[ sql ] [ SQL ] SHOW COLUMNS FROM `gc_node` [ RunTime:0.001750s ]
[ sql ] [ SQL ] SELECT `id`,`remark` FROM `gc_node` ORDER BY sort asc  [ RunTime:0.000914s ]

---------------------------------------------------------------
[ 2017-10-20T10:20:46+08:00 ] 127.0.0.1 127.0.0.1 GET /role/edit?auth_code=1
[ log ] admin.guochen.com/role/edit?auth_code=1 [运行时间：0.033349s][吞吐率：29.99req/s] [内存消耗：3,706.88kb] [文件加载：53]
[ info ] [ LANG ] /Users/zhujunjie/www/guochen/thinkphp/lang/zh-cn.php
[ info ] [ BIND ] 'admin'
[ info ] [ ROUTE ] array (
  'type' => 'module',
  'module' => 
  array (
    0 => 'admin',
    1 => 'role',
    2 => 'edit',
  ),
)
[ info ] [ HEADER ] array (
  'host' => 'admin.guochen.com',
  'connection' => 'keep-alive',
  'cache-control' => 'max-age=0',
  'upgrade-insecure-requests' => '1',
  'user-agent' => 'Mozilla/5.0 (Macintosh; Intel Mac OS X 10_11_6) AppleWebKit/537.36 (KHTML, like Gecko) Chrome/61.0.3163.100 Safari/537.36',
  'accept' => 'text/html,application/xhtml+xml,application/xml;q=0.9,image/webp,image/apng,*/*;q=0.8',
  'referer' => 'http://admin.guochen.com/role/edit?auth_code=1',
  'accept-encoding' => 'gzip, deflate',
  'accept-language' => 'zh-CN,zh;q=0.8,en;q=0.6',
  'cookie' => 'pgv_pvi=2859075584; PHPSESSID=5q43jg4toa02qnsousshd0mt92',
  'content-type' => '',
  'content-length' => '',
)
[ info ] [ PARAM ] array (
  'auth_code' => '1',
)
[ info ] [ SESSION ] INIT array (
  'id' => '',
  'var_session_id' => '',
  'prefix' => 'think',
  'type' => '',
  'auto_start' => true,
)
[ info ] [ RUN ] app\admin\controller\Role->edit[ /Users/zhujunjie/www/guochen/apps/admin/controller/Role.php ]
[ info ] [ DB ] INIT mysql
[ info ] [ DB ] INIT mysql
[ info ] [ VIEW ] /Users/zhujunjie/www/guochen/public/../apps/admin/view/role/edit.html [ array (
  0 => 'node',
  1 => 'data',
) ]
[ info ] [ LOG ] INIT File
[ sql ] [ DB ] CONNECT:[ UseTime:0.001033s ] mysql:dbname=guochen;host=127.0.0.1;port=3306;charset=utf8
[ sql ] [ SQL ] SHOW COLUMNS FROM `gc_auth_detail` [ RunTime:0.000930s ]
[ sql ] [ SQL ] SELECT * FROM `gc_auth_detail` WHERE  `auth_code` = 0 LIMIT 1    [ RunTime:0.000502s ]
[ sql ] [ DB ] CONNECT:[ UseTime:0.000885s ] mysql:dbname=guochen;host=127.0.0.1;port=3306;charset=utf8
[ sql ] [ SQL ] SHOW COLUMNS FROM `gc_node` [ RunTime:0.000761s ]
[ sql ] [ SQL ] SELECT `id`,`remark` FROM `gc_node` ORDER BY sort asc  [ RunTime:0.000433s ]

---------------------------------------------------------------
[ 2017-10-20T10:21:12+08:00 ] 127.0.0.1 127.0.0.1 GET /role/edit?auth_code=1
[ log ] admin.guochen.com/role/edit?auth_code=1 [运行时间：0.032110s][吞吐率：31.14req/s] [内存消耗：3,706.95kb] [文件加载：53]
[ info ] [ LANG ] /Users/zhujunjie/www/guochen/thinkphp/lang/zh-cn.php
[ info ] [ BIND ] 'admin'
[ info ] [ ROUTE ] array (
  'type' => 'module',
  'module' => 
  array (
    0 => 'admin',
    1 => 'role',
    2 => 'edit',
  ),
)
[ info ] [ HEADER ] array (
  'host' => 'admin.guochen.com',
  'connection' => 'keep-alive',
  'cache-control' => 'max-age=0',
  'upgrade-insecure-requests' => '1',
  'user-agent' => 'Mozilla/5.0 (Macintosh; Intel Mac OS X 10_11_6) AppleWebKit/537.36 (KHTML, like Gecko) Chrome/61.0.3163.100 Safari/537.36',
  'accept' => 'text/html,application/xhtml+xml,application/xml;q=0.9,image/webp,image/apng,*/*;q=0.8',
  'referer' => 'http://admin.guochen.com/role/edit?auth_code=1',
  'accept-encoding' => 'gzip, deflate',
  'accept-language' => 'zh-CN,zh;q=0.8,en;q=0.6',
  'cookie' => 'pgv_pvi=2859075584; PHPSESSID=5q43jg4toa02qnsousshd0mt92',
  'content-type' => '',
  'content-length' => '',
)
[ info ] [ PARAM ] array (
  'auth_code' => '1',
)
[ info ] [ SESSION ] INIT array (
  'id' => '',
  'var_session_id' => '',
  'prefix' => 'think',
  'type' => '',
  'auto_start' => true,
)
[ info ] [ RUN ] app\admin\controller\Role->edit[ /Users/zhujunjie/www/guochen/apps/admin/controller/Role.php ]
[ info ] [ DB ] INIT mysql
[ info ] [ DB ] INIT mysql
[ info ] [ VIEW ] /Users/zhujunjie/www/guochen/public/../apps/admin/view/role/edit.html [ array (
  0 => 'node',
  1 => 'data',
) ]
[ info ] [ LOG ] INIT File
[ sql ] [ DB ] CONNECT:[ UseTime:0.000989s ] mysql:dbname=guochen;host=127.0.0.1;port=3306;charset=utf8
[ sql ] [ SQL ] SHOW COLUMNS FROM `gc_auth_detail` [ RunTime:0.000797s ]
[ sql ] [ SQL ] SELECT * FROM `gc_auth_detail` WHERE  `auth_code` = 0 LIMIT 1    [ RunTime:0.000463s ]
[ sql ] [ DB ] CONNECT:[ UseTime:0.000920s ] mysql:dbname=guochen;host=127.0.0.1;port=3306;charset=utf8
[ sql ] [ SQL ] SHOW COLUMNS FROM `gc_node` [ RunTime:0.000737s ]
[ sql ] [ SQL ] SELECT `id`,`remark` FROM `gc_node` ORDER BY sort asc  [ RunTime:0.000386s ]

---------------------------------------------------------------
[ 2017-10-20T10:21:48+08:00 ] 127.0.0.1 127.0.0.1 GET /role/edit?auth_code=1
[ log ] admin.guochen.com/role/edit?auth_code=1 [运行时间：0.034195s][吞吐率：29.24req/s] [内存消耗：3,706.99kb] [文件加载：53]
[ info ] [ LANG ] /Users/zhujunjie/www/guochen/thinkphp/lang/zh-cn.php
[ info ] [ BIND ] 'admin'
[ info ] [ ROUTE ] array (
  'type' => 'module',
  'module' => 
  array (
    0 => 'admin',
    1 => 'role',
    2 => 'edit',
  ),
)
[ info ] [ HEADER ] array (
  'host' => 'admin.guochen.com',
  'connection' => 'keep-alive',
  'cache-control' => 'max-age=0',
  'upgrade-insecure-requests' => '1',
  'user-agent' => 'Mozilla/5.0 (Macintosh; Intel Mac OS X 10_11_6) AppleWebKit/537.36 (KHTML, like Gecko) Chrome/61.0.3163.100 Safari/537.36',
  'accept' => 'text/html,application/xhtml+xml,application/xml;q=0.9,image/webp,image/apng,*/*;q=0.8',
  'referer' => 'http://admin.guochen.com/role/edit?auth_code=1',
  'accept-encoding' => 'gzip, deflate',
  'accept-language' => 'zh-CN,zh;q=0.8,en;q=0.6',
  'cookie' => 'pgv_pvi=2859075584; PHPSESSID=5q43jg4toa02qnsousshd0mt92',
  'content-type' => '',
  'content-length' => '',
)
[ info ] [ PARAM ] array (
  'auth_code' => '1',
)
[ info ] [ SESSION ] INIT array (
  'id' => '',
  'var_session_id' => '',
  'prefix' => 'think',
  'type' => '',
  'auto_start' => true,
)
[ info ] [ RUN ] app\admin\controller\Role->edit[ /Users/zhujunjie/www/guochen/apps/admin/controller/Role.php ]
[ info ] [ DB ] INIT mysql
[ info ] [ DB ] INIT mysql
[ info ] [ VIEW ] /Users/zhujunjie/www/guochen/public/../apps/admin/view/role/edit.html [ array (
  0 => 'node',
  1 => 'data',
) ]
[ info ] [ LOG ] INIT File
[ sql ] [ DB ] CONNECT:[ UseTime:0.000896s ] mysql:dbname=guochen;host=127.0.0.1;port=3306;charset=utf8
[ sql ] [ SQL ] SHOW COLUMNS FROM `gc_auth_detail` [ RunTime:0.000748s ]
[ sql ] [ SQL ] SELECT * FROM `gc_auth_detail` WHERE  `auth_code` = 0 LIMIT 1    [ RunTime:0.000467s ]
[ sql ] [ DB ] CONNECT:[ UseTime:0.001051s ] mysql:dbname=guochen;host=127.0.0.1;port=3306;charset=utf8
[ sql ] [ SQL ] SHOW COLUMNS FROM `gc_node` [ RunTime:0.001023s ]
[ sql ] [ SQL ] SELECT `id`,`remark` FROM `gc_node` ORDER BY sort asc  [ RunTime:0.001245s ]

---------------------------------------------------------------
[ 2017-10-20T10:22:00+08:00 ] 127.0.0.1 127.0.0.1 GET /role/edit?auth_code=1
[ log ] admin.guochen.com/role/edit?auth_code=1 [运行时间：0.032227s][吞吐率：31.03req/s] [内存消耗：3,706.79kb] [文件加载：53]
[ info ] [ LANG ] /Users/zhujunjie/www/guochen/thinkphp/lang/zh-cn.php
[ info ] [ BIND ] 'admin'
[ info ] [ ROUTE ] array (
  'type' => 'module',
  'module' => 
  array (
    0 => 'admin',
    1 => 'role',
    2 => 'edit',
  ),
)
[ info ] [ HEADER ] array (
  'host' => 'admin.guochen.com',
  'connection' => 'keep-alive',
  'cache-control' => 'max-age=0',
  'upgrade-insecure-requests' => '1',
  'user-agent' => 'Mozilla/5.0 (Macintosh; Intel Mac OS X 10_11_6) AppleWebKit/537.36 (KHTML, like Gecko) Chrome/61.0.3163.100 Safari/537.36',
  'accept' => 'text/html,application/xhtml+xml,application/xml;q=0.9,image/webp,image/apng,*/*;q=0.8',
  'referer' => 'http://admin.guochen.com/role/edit?auth_code=1',
  'accept-encoding' => 'gzip, deflate',
  'accept-language' => 'zh-CN,zh;q=0.8,en;q=0.6',
  'cookie' => 'pgv_pvi=2859075584; PHPSESSID=5q43jg4toa02qnsousshd0mt92',
  'content-type' => '',
  'content-length' => '',
)
[ info ] [ PARAM ] array (
  'auth_code' => '1',
)
[ info ] [ SESSION ] INIT array (
  'id' => '',
  'var_session_id' => '',
  'prefix' => 'think',
  'type' => '',
  'auto_start' => true,
)
[ info ] [ RUN ] app\admin\controller\Role->edit[ /Users/zhujunjie/www/guochen/apps/admin/controller/Role.php ]
[ info ] [ DB ] INIT mysql
[ info ] [ DB ] INIT mysql
[ info ] [ VIEW ] /Users/zhujunjie/www/guochen/public/../apps/admin/view/role/edit.html [ array (
  0 => 'node',
  1 => 'data',
) ]
[ info ] [ LOG ] INIT File
[ sql ] [ DB ] CONNECT:[ UseTime:0.000928s ] mysql:dbname=guochen;host=127.0.0.1;port=3306;charset=utf8
[ sql ] [ SQL ] SHOW COLUMNS FROM `gc_auth_detail` [ RunTime:0.000794s ]
[ sql ] [ SQL ] SELECT * FROM `gc_auth_detail` WHERE  `auth_code` = 0 LIMIT 1    [ RunTime:0.000711s ]
[ sql ] [ DB ] CONNECT:[ UseTime:0.002065s ] mysql:dbname=guochen;host=127.0.0.1;port=3306;charset=utf8
[ sql ] [ SQL ] SHOW COLUMNS FROM `gc_node` [ RunTime:0.001949s ]
[ sql ] [ SQL ] SELECT `id`,`remark` FROM `gc_node` ORDER BY sort asc  [ RunTime:0.000453s ]

---------------------------------------------------------------
[ 2017-10-20T10:22:01+08:00 ] 127.0.0.1 127.0.0.1 GET /role/edit?auth_code=1
[ log ] admin.guochen.com/role/edit?auth_code=1 [运行时间：0.031961s][吞吐率：31.29req/s] [内存消耗：3,477.59kb] [文件加载：51]
[ info ] [ LANG ] /Users/zhujunjie/www/guochen/thinkphp/lang/zh-cn.php
[ info ] [ BIND ] 'admin'
[ info ] [ ROUTE ] array (
  'type' => 'module',
  'module' => 
  array (
    0 => 'admin',
    1 => 'role',
    2 => 'edit',
  ),
)
[ info ] [ HEADER ] array (
  'host' => 'admin.guochen.com',
  'connection' => 'keep-alive',
  'cache-control' => 'max-age=0',
  'upgrade-insecure-requests' => '1',
  'user-agent' => 'Mozilla/5.0 (Macintosh; Intel Mac OS X 10_11_6) AppleWebKit/537.36 (KHTML, like Gecko) Chrome/61.0.3163.100 Safari/537.36',
  'accept' => 'text/html,application/xhtml+xml,application/xml;q=0.9,image/webp,image/apng,*/*;q=0.8',
  'referer' => 'http://admin.guochen.com/role/edit?auth_code=1',
  'accept-encoding' => 'gzip, deflate',
  'accept-language' => 'zh-CN,zh;q=0.8,en;q=0.6',
  'cookie' => 'pgv_pvi=2859075584; PHPSESSID=5q43jg4toa02qnsousshd0mt92',
  'content-type' => '',
  'content-length' => '',
)
[ info ] [ PARAM ] array (
  'auth_code' => '1',
)
[ info ] [ SESSION ] INIT array (
  'id' => '',
  'var_session_id' => '',
  'prefix' => 'think',
  'type' => '',
  'auto_start' => true,
)
[ info ] [ RUN ] app\admin\controller\Role->edit[ /Users/zhujunjie/www/guochen/apps/admin/controller/Role.php ]
[ info ] [ DB ] INIT mysql
[ info ] [ DB ] INIT mysql
[ info ] [ VIEW ] /Users/zhujunjie/www/guochen/public/../apps/admin/view/role/edit.html [ array (
  0 => 'node',
  1 => 'data',
) ]
[ info ] [ LOG ] INIT File
[ sql ] [ DB ] CONNECT:[ UseTime:0.000892s ] mysql:dbname=guochen;host=127.0.0.1;port=3306;charset=utf8
[ sql ] [ SQL ] SHOW COLUMNS FROM `gc_auth_detail` [ RunTime:0.000661s ]
[ sql ] [ SQL ] SELECT * FROM `gc_auth_detail` WHERE  `auth_code` = 0 LIMIT 1    [ RunTime:0.001820s ]
[ sql ] [ DB ] CONNECT:[ UseTime:0.000915s ] mysql:dbname=guochen;host=127.0.0.1;port=3306;charset=utf8
[ sql ] [ SQL ] SHOW COLUMNS FROM `gc_node` [ RunTime:0.000587s ]
[ sql ] [ SQL ] SELECT `id`,`remark` FROM `gc_node` ORDER BY sort asc  [ RunTime:0.000383s ]

---------------------------------------------------------------
[ 2017-10-20T10:22:50+08:00 ] 127.0.0.1 127.0.0.1 GET /role/edit?auth_code=1
[ log ] admin.guochen.com/role/edit?auth_code=1 [运行时间：0.047155s][吞吐率：21.21req/s] [内存消耗：3,412.52kb] [文件加载：49]
[ info ] [ LANG ] /Users/zhujunjie/www/guochen/thinkphp/lang/zh-cn.php
[ info ] [ BIND ] 'admin'
[ info ] [ ROUTE ] array (
  'type' => 'module',
  'module' => 
  array (
    0 => 'admin',
    1 => 'role',
    2 => 'edit',
  ),
)
[ info ] [ HEADER ] array (
  'host' => 'admin.guochen.com',
  'connection' => 'keep-alive',
  'cache-control' => 'max-age=0',
  'upgrade-insecure-requests' => '1',
  'user-agent' => 'Mozilla/5.0 (Macintosh; Intel Mac OS X 10_11_6) AppleWebKit/537.36 (KHTML, like Gecko) Chrome/61.0.3163.100 Safari/537.36',
  'accept' => 'text/html,application/xhtml+xml,application/xml;q=0.9,image/webp,image/apng,*/*;q=0.8',
  'referer' => 'http://admin.guochen.com/role/edit?auth_code=1',
  'accept-encoding' => 'gzip, deflate',
  'accept-language' => 'zh-CN,zh;q=0.8,en;q=0.6',
  'cookie' => 'pgv_pvi=2859075584; PHPSESSID=5q43jg4toa02qnsousshd0mt92',
  'content-type' => '',
  'content-length' => '',
)
[ info ] [ PARAM ] array (
  'auth_code' => '1',
)
[ info ] [ SESSION ] INIT array (
  'id' => '',
  'var_session_id' => '',
  'prefix' => 'think',
  'type' => '',
  'auto_start' => true,
)
[ info ] [ RUN ] app\admin\controller\Role->edit[ /Users/zhujunjie/www/guochen/apps/admin/controller/Role.php ]
[ info ] [ DB ] INIT mysql
[ info ] [ LOG ] INIT File
[ sql ] [ DB ] CONNECT:[ UseTime:0.002611s ] mysql:dbname=guochen;host=127.0.0.1;port=3306;charset=utf8
[ sql ] [ SQL ] SHOW COLUMNS FROM `gc_auth_detail` [ RunTime:0.001602s ]
[ sql ] [ SQL ] SELECT * FROM `gc_auth_detail` WHERE  `auth_code` = 0 LIMIT 1    [ RunTime:0.000666s ]

---------------------------------------------------------------
[ 2017-10-20T10:23:23+08:00 ] 127.0.0.1 127.0.0.1 GET /role/index?v=4.0
[ log ] admin.guochen.com/role/index?v=4.0 [运行时间：0.026177s][吞吐率：38.20req/s] [内存消耗：3,477.98kb] [文件加载：51]
[ info ] [ LANG ] /Users/zhujunjie/www/guochen/thinkphp/lang/zh-cn.php
[ info ] [ BIND ] 'admin'
[ info ] [ ROUTE ] array (
  'type' => 'module',
  'module' => 
  array (
    0 => 'admin',
    1 => 'role',
    2 => 'index',
  ),
)
[ info ] [ HEADER ] array (
  'host' => 'admin.guochen.com',
  'connection' => 'keep-alive',
  'user-agent' => 'Mozilla/5.0 (Macintosh; Intel Mac OS X 10_11_6) AppleWebKit/537.36 (KHTML, like Gecko) Chrome/61.0.3163.100 Safari/537.36',
  'upgrade-insecure-requests' => '1',
  'accept' => 'text/html,application/xhtml+xml,application/xml;q=0.9,image/webp,image/apng,*/*;q=0.8',
  'referer' => 'http://admin.guochen.com/role/index?v=4.0',
  'accept-encoding' => 'gzip, deflate',
  'accept-language' => 'zh-CN,zh;q=0.8,en;q=0.6',
  'cookie' => 'pgv_pvi=2859075584; PHPSESSID=5q43jg4toa02qnsousshd0mt92',
  'content-type' => '',
  'content-length' => '',
)
[ info ] [ PARAM ] array (
  'v' => '4.0',
)
[ info ] [ SESSION ] INIT array (
  'id' => '',
  'var_session_id' => '',
  'prefix' => 'think',
  'type' => '',
  'auto_start' => true,
)
[ info ] [ RUN ] app\admin\controller\Role->index[ /Users/zhujunjie/www/guochen/apps/admin/controller/Role.php ]
[ info ] [ DB ] INIT mysql
[ info ] [ DB ] INIT mysql
[ info ] [ VIEW ] /Users/zhujunjie/www/guochen/public/../apps/admin/view/role/index.html [ array (
  0 => 'list',
) ]
[ info ] [ LOG ] INIT File
[ sql ] [ DB ] CONNECT:[ UseTime:0.000904s ] mysql:dbname=guochen;host=127.0.0.1;port=3306;charset=utf8
[ sql ] [ SQL ] SHOW COLUMNS FROM `gc_auth_detail` [ RunTime:0.000751s ]
[ sql ] [ SQL ] SELECT * FROM `gc_auth_detail`  [ RunTime:0.000401s ]
[ sql ] [ DB ] CONNECT:[ UseTime:0.000861s ] mysql:dbname=guochen;host=127.0.0.1;port=3306;charset=utf8
[ sql ] [ SQL ] SHOW COLUMNS FROM `gc_node` [ RunTime:0.000793s ]
[ sql ] [ SQL ] SELECT `remark` FROM `gc_node` WHERE  `id` IN (1,2)    [ RunTime:0.000485s ]

---------------------------------------------------------------
[ 2017-10-20T10:23:25+08:00 ] 127.0.0.1 127.0.0.1 GET /role/index?v=4.0
[ log ] admin.guochen.com/role/index?v=4.0 [运行时间：0.033558s][吞吐率：29.80req/s] [内存消耗：3,478.32kb] [文件加载：51]
[ info ] [ LANG ] /Users/zhujunjie/www/guochen/thinkphp/lang/zh-cn.php
[ info ] [ BIND ] 'admin'
[ info ] [ ROUTE ] array (
  'type' => 'module',
  'module' => 
  array (
    0 => 'admin',
    1 => 'role',
    2 => 'index',
  ),
)
[ info ] [ HEADER ] array (
  'host' => 'admin.guochen.com',
  'connection' => 'keep-alive',
  'cache-control' => 'max-age=0',
  'upgrade-insecure-requests' => '1',
  'user-agent' => 'Mozilla/5.0 (Macintosh; Intel Mac OS X 10_11_6) AppleWebKit/537.36 (KHTML, like Gecko) Chrome/61.0.3163.100 Safari/537.36',
  'accept' => 'text/html,application/xhtml+xml,application/xml;q=0.9,image/webp,image/apng,*/*;q=0.8',
  'referer' => 'http://admin.guochen.com/role/index?v=4.0',
  'accept-encoding' => 'gzip, deflate',
  'accept-language' => 'zh-CN,zh;q=0.8,en;q=0.6',
  'cookie' => 'pgv_pvi=2859075584; PHPSESSID=5q43jg4toa02qnsousshd0mt92',
  'content-type' => '',
  'content-length' => '',
)
[ info ] [ PARAM ] array (
  'v' => '4.0',
)
[ info ] [ SESSION ] INIT array (
  'id' => '',
  'var_session_id' => '',
  'prefix' => 'think',
  'type' => '',
  'auto_start' => true,
)
[ info ] [ RUN ] app\admin\controller\Role->index[ /Users/zhujunjie/www/guochen/apps/admin/controller/Role.php ]
[ info ] [ DB ] INIT mysql
[ info ] [ DB ] INIT mysql
[ info ] [ VIEW ] /Users/zhujunjie/www/guochen/public/../apps/admin/view/role/index.html [ array (
  0 => 'list',
) ]
[ info ] [ LOG ] INIT File
[ sql ] [ DB ] CONNECT:[ UseTime:0.003844s ] mysql:dbname=guochen;host=127.0.0.1;port=3306;charset=utf8
[ sql ] [ SQL ] SHOW COLUMNS FROM `gc_auth_detail` [ RunTime:0.001428s ]
[ sql ] [ SQL ] SELECT * FROM `gc_auth_detail`  [ RunTime:0.000630s ]
[ sql ] [ DB ] CONNECT:[ UseTime:0.002472s ] mysql:dbname=guochen;host=127.0.0.1;port=3306;charset=utf8
[ sql ] [ SQL ] SHOW COLUMNS FROM `gc_node` [ RunTime:0.000974s ]
[ sql ] [ SQL ] SELECT `remark` FROM `gc_node` WHERE  `id` IN (1,2)    [ RunTime:0.000429s ]

---------------------------------------------------------------
[ 2017-10-20T10:23:27+08:00 ] 127.0.0.1 127.0.0.1 GET /role/edit?auth_code=1
[ log ] admin.guochen.com/role/edit?auth_code=1 [运行时间：0.028234s][吞吐率：35.42req/s] [内存消耗：3,413.59kb] [文件加载：49]
[ info ] [ LANG ] /Users/zhujunjie/www/guochen/thinkphp/lang/zh-cn.php
[ info ] [ BIND ] 'admin'
[ info ] [ ROUTE ] array (
  'type' => 'module',
  'module' => 
  array (
    0 => 'admin',
    1 => 'role',
    2 => 'edit',
  ),
)
[ info ] [ HEADER ] array (
  'host' => 'admin.guochen.com',
  'connection' => 'keep-alive',
  'upgrade-insecure-requests' => '1',
  'user-agent' => 'Mozilla/5.0 (Macintosh; Intel Mac OS X 10_11_6) AppleWebKit/537.36 (KHTML, like Gecko) Chrome/61.0.3163.100 Safari/537.36',
  'accept' => 'text/html,application/xhtml+xml,application/xml;q=0.9,image/webp,image/apng,*/*;q=0.8',
  'referer' => 'http://admin.guochen.com/role/index?v=4.0',
  'accept-encoding' => 'gzip, deflate',
  'accept-language' => 'zh-CN,zh;q=0.8,en;q=0.6',
  'cookie' => 'pgv_pvi=2859075584; PHPSESSID=5q43jg4toa02qnsousshd0mt92',
  'content-type' => '',
  'content-length' => '',
)
[ info ] [ PARAM ] array (
  'auth_code' => '1',
)
[ info ] [ SESSION ] INIT array (
  'id' => '',
  'var_session_id' => '',
  'prefix' => 'think',
  'type' => '',
  'auto_start' => true,
)
[ info ] [ RUN ] app\admin\controller\Role->edit[ /Users/zhujunjie/www/guochen/apps/admin/controller/Role.php ]
[ info ] [ DB ] INIT mysql
[ info ] [ LOG ] INIT File
[ sql ] [ DB ] CONNECT:[ UseTime:0.000961s ] mysql:dbname=guochen;host=127.0.0.1;port=3306;charset=utf8
[ sql ] [ SQL ] SHOW COLUMNS FROM `gc_auth_detail` [ RunTime:0.001019s ]
[ sql ] [ SQL ] SELECT * FROM `gc_auth_detail` WHERE  `auth_code` = 1 LIMIT 1    [ RunTime:0.002291s ]

---------------------------------------------------------------
[ 2017-10-20T10:23:49+08:00 ] 127.0.0.1 127.0.0.1 GET /role/edit?auth_code=1
[ log ] admin.guochen.com/role/edit?auth_code=1 [运行时间：0.035130s][吞吐率：28.47req/s] [内存消耗：3,805.36kb] [文件加载：57]
[ info ] [ LANG ] /Users/zhujunjie/www/guochen/thinkphp/lang/zh-cn.php
[ info ] [ BIND ] 'admin'
[ info ] [ ROUTE ] array (
  'type' => 'module',
  'module' => 
  array (
    0 => 'admin',
    1 => 'role',
    2 => 'edit',
  ),
)
[ info ] [ HEADER ] array (
  'host' => 'admin.guochen.com',
  'connection' => 'keep-alive',
  'cache-control' => 'max-age=0',
  'upgrade-insecure-requests' => '1',
  'user-agent' => 'Mozilla/5.0 (Macintosh; Intel Mac OS X 10_11_6) AppleWebKit/537.36 (KHTML, like Gecko) Chrome/61.0.3163.100 Safari/537.36',
  'accept' => 'text/html,application/xhtml+xml,application/xml;q=0.9,image/webp,image/apng,*/*;q=0.8',
  'referer' => 'http://admin.guochen.com/role/index?v=4.0',
  'accept-encoding' => 'gzip, deflate',
  'accept-language' => 'zh-CN,zh;q=0.8,en;q=0.6',
  'cookie' => 'pgv_pvi=2859075584; PHPSESSID=5q43jg4toa02qnsousshd0mt92',
  'content-type' => '',
  'content-length' => '',
)
[ info ] [ PARAM ] array (
  'auth_code' => '1',
)
[ info ] [ SESSION ] INIT array (
  'id' => '',
  'var_session_id' => '',
  'prefix' => 'think',
  'type' => '',
  'auto_start' => true,
)
[ info ] [ RUN ] app\admin\controller\Role->edit[ /Users/zhujunjie/www/guochen/apps/admin/controller/Role.php ]
[ info ] [ DB ] INIT mysql
[ info ] [ DB ] INIT mysql
[ info ] [ VIEW ] /Users/zhujunjie/www/guochen/public/../apps/admin/view/role/edit.html [ array (
  0 => 'node',
  1 => 'data',
) ]
[ info ] [ LOG ] INIT File
[ sql ] [ DB ] CONNECT:[ UseTime:0.001219s ] mysql:dbname=guochen;host=127.0.0.1;port=3306;charset=utf8
[ sql ] [ SQL ] SHOW COLUMNS FROM `gc_auth_detail` [ RunTime:0.000717s ]
[ sql ] [ SQL ] SELECT * FROM `gc_auth_detail` WHERE  `auth_code` = 1 LIMIT 1    [ RunTime:0.000462s ]
[ sql ] [ DB ] CONNECT:[ UseTime:0.001026s ] mysql:dbname=guochen;host=127.0.0.1;port=3306;charset=utf8
[ sql ] [ SQL ] SHOW COLUMNS FROM `gc_node` [ RunTime:0.000678s ]
[ sql ] [ SQL ] SELECT `id`,`remark` FROM `gc_node` ORDER BY sort asc  [ RunTime:0.000345s ]
[ error ] [8]未定义数组索引: auth_code[/Users/zhujunjie/www/guochen/runtime/temp/61a17f9903f4f1cc154274d4bcdf58e8.php:47]

---------------------------------------------------------------
[ 2017-10-20T10:24:17+08:00 ] 127.0.0.1 127.0.0.1 GET /role/edit?auth_code=1
[ log ] admin.guochen.com/role/edit?auth_code=1 [运行时间：0.021824s][吞吐率：45.82req/s] [内存消耗：3,413.52kb] [文件加载：49]
[ info ] [ LANG ] /Users/zhujunjie/www/guochen/thinkphp/lang/zh-cn.php
[ info ] [ BIND ] 'admin'
[ info ] [ ROUTE ] array (
  'type' => 'module',
  'module' => 
  array (
    0 => 'admin',
    1 => 'role',
    2 => 'edit',
  ),
)
[ info ] [ HEADER ] array (
  'host' => 'admin.guochen.com',
  'connection' => 'keep-alive',
  'cache-control' => 'max-age=0',
  'upgrade-insecure-requests' => '1',
  'user-agent' => 'Mozilla/5.0 (Macintosh; Intel Mac OS X 10_11_6) AppleWebKit/537.36 (KHTML, like Gecko) Chrome/61.0.3163.100 Safari/537.36',
  'accept' => 'text/html,application/xhtml+xml,application/xml;q=0.9,image/webp,image/apng,*/*;q=0.8',
  'referer' => 'http://admin.guochen.com/role/index?v=4.0',
  'accept-encoding' => 'gzip, deflate',
  'accept-language' => 'zh-CN,zh;q=0.8,en;q=0.6',
  'cookie' => 'pgv_pvi=2859075584; PHPSESSID=5q43jg4toa02qnsousshd0mt92',
  'content-type' => '',
  'content-length' => '',
)
[ info ] [ PARAM ] array (
  'auth_code' => '1',
)
[ info ] [ SESSION ] INIT array (
  'id' => '',
  'var_session_id' => '',
  'prefix' => 'think',
  'type' => '',
  'auto_start' => true,
)
[ info ] [ RUN ] app\admin\controller\Role->edit[ /Users/zhujunjie/www/guochen/apps/admin/controller/Role.php ]
[ info ] [ DB ] INIT mysql
[ info ] [ LOG ] INIT File
[ sql ] [ DB ] CONNECT:[ UseTime:0.001016s ] mysql:dbname=guochen;host=127.0.0.1;port=3306;charset=utf8
[ sql ] [ SQL ] SHOW COLUMNS FROM `gc_auth_detail` [ RunTime:0.000749s ]
[ sql ] [ SQL ] SELECT * FROM `gc_auth_detail` WHERE  `auth_code` = 1 LIMIT 1    [ RunTime:0.000486s ]

---------------------------------------------------------------
[ 2017-10-20T10:25:03+08:00 ] 127.0.0.1 127.0.0.1 GET /role/edit?auth_code=1
[ log ] admin.guochen.com/role/edit?auth_code=1 [运行时间：0.052042s][吞吐率：19.22req/s] [内存消耗：3,805.56kb] [文件加载：57]
[ info ] [ LANG ] /Users/zhujunjie/www/guochen/thinkphp/lang/zh-cn.php
[ info ] [ BIND ] 'admin'
[ info ] [ ROUTE ] array (
  'type' => 'module',
  'module' => 
  array (
    0 => 'admin',
    1 => 'role',
    2 => 'edit',
  ),
)
[ info ] [ HEADER ] array (
  'host' => 'admin.guochen.com',
  'connection' => 'keep-alive',
  'cache-control' => 'max-age=0',
  'upgrade-insecure-requests' => '1',
  'user-agent' => 'Mozilla/5.0 (Macintosh; Intel Mac OS X 10_11_6) AppleWebKit/537.36 (KHTML, like Gecko) Chrome/61.0.3163.100 Safari/537.36',
  'accept' => 'text/html,application/xhtml+xml,application/xml;q=0.9,image/webp,image/apng,*/*;q=0.8',
  'referer' => 'http://admin.guochen.com/role/index?v=4.0',
  'accept-encoding' => 'gzip, deflate',
  'accept-language' => 'zh-CN,zh;q=0.8,en;q=0.6',
  'cookie' => 'pgv_pvi=2859075584; PHPSESSID=5q43jg4toa02qnsousshd0mt92',
  'content-type' => '',
  'content-length' => '',
)
[ info ] [ PARAM ] array (
  'auth_code' => '1',
)
[ info ] [ SESSION ] INIT array (
  'id' => '',
  'var_session_id' => '',
  'prefix' => 'think',
  'type' => '',
  'auto_start' => true,
)
[ info ] [ RUN ] app\admin\controller\Role->edit[ /Users/zhujunjie/www/guochen/apps/admin/controller/Role.php ]
[ info ] [ DB ] INIT mysql
[ info ] [ DB ] INIT mysql
[ info ] [ VIEW ] /Users/zhujunjie/www/guochen/public/../apps/admin/view/role/edit.html [ array (
  0 => 'node',
  1 => 'data',
) ]
[ info ] [ LOG ] INIT File
[ sql ] [ DB ] CONNECT:[ UseTime:0.000981s ] mysql:dbname=guochen;host=127.0.0.1;port=3306;charset=utf8
[ sql ] [ SQL ] SHOW COLUMNS FROM `gc_auth_detail` [ RunTime:0.002057s ]
[ sql ] [ SQL ] SELECT * FROM `gc_auth_detail` WHERE  `auth_code` = 1 LIMIT 1    [ RunTime:0.000449s ]
[ sql ] [ DB ] CONNECT:[ UseTime:0.000932s ] mysql:dbname=guochen;host=127.0.0.1;port=3306;charset=utf8
[ sql ] [ SQL ] SHOW COLUMNS FROM `gc_node` [ RunTime:0.000829s ]
[ sql ] [ SQL ] SELECT `id`,`remark` FROM `gc_node` ORDER BY sort asc  [ RunTime:0.000380s ]
[ error ] [8]未定义数组索引: auth_code[/Users/zhujunjie/www/guochen/runtime/temp/61a17f9903f4f1cc154274d4bcdf58e8.php:47]

---------------------------------------------------------------
[ 2017-10-20T10:26:49+08:00 ] 127.0.0.1 127.0.0.1 GET /role/edit?auth_code=1
[ log ] admin.guochen.com/role/edit?auth_code=1 [运行时间：0.029460s][吞吐率：33.94req/s] [内存消耗：3,805.95kb] [文件加载：57]
[ info ] [ LANG ] /Users/zhujunjie/www/guochen/thinkphp/lang/zh-cn.php
[ info ] [ BIND ] 'admin'
[ info ] [ ROUTE ] array (
  'type' => 'module',
  'module' => 
  array (
    0 => 'admin',
    1 => 'role',
    2 => 'edit',
  ),
)
[ info ] [ HEADER ] array (
  'host' => 'admin.guochen.com',
  'connection' => 'keep-alive',
  'cache-control' => 'max-age=0',
  'upgrade-insecure-requests' => '1',
  'user-agent' => 'Mozilla/5.0 (Macintosh; Intel Mac OS X 10_11_6) AppleWebKit/537.36 (KHTML, like Gecko) Chrome/61.0.3163.100 Safari/537.36',
  'accept' => 'text/html,application/xhtml+xml,application/xml;q=0.9,image/webp,image/apng,*/*;q=0.8',
  'referer' => 'http://admin.guochen.com/role/index?v=4.0',
  'accept-encoding' => 'gzip, deflate',
  'accept-language' => 'zh-CN,zh;q=0.8,en;q=0.6',
  'cookie' => 'pgv_pvi=2859075584; PHPSESSID=5q43jg4toa02qnsousshd0mt92',
  'content-type' => '',
  'content-length' => '',
)
[ info ] [ PARAM ] array (
  'auth_code' => '1',
)
[ info ] [ SESSION ] INIT array (
  'id' => '',
  'var_session_id' => '',
  'prefix' => 'think',
  'type' => '',
  'auto_start' => true,
)
[ info ] [ RUN ] app\admin\controller\Role->edit[ /Users/zhujunjie/www/guochen/apps/admin/controller/Role.php ]
[ info ] [ DB ] INIT mysql
[ info ] [ DB ] INIT mysql
[ info ] [ VIEW ] /Users/zhujunjie/www/guochen/public/../apps/admin/view/role/edit.html [ array (
  0 => 'node',
  1 => 'data',
) ]
[ info ] [ LOG ] INIT File
[ sql ] [ DB ] CONNECT:[ UseTime:0.000932s ] mysql:dbname=guochen;host=127.0.0.1;port=3306;charset=utf8
[ sql ] [ SQL ] SHOW COLUMNS FROM `gc_auth_detail` [ RunTime:0.000778s ]
[ sql ] [ SQL ] SELECT * FROM `gc_auth_detail` WHERE  `auth_code` = 1 LIMIT 1    [ RunTime:0.000492s ]
[ sql ] [ DB ] CONNECT:[ UseTime:0.000853s ] mysql:dbname=guochen;host=127.0.0.1;port=3306;charset=utf8
[ sql ] [ SQL ] SHOW COLUMNS FROM `gc_node` [ RunTime:0.000722s ]
[ sql ] [ SQL ] SELECT `id`,`remark` FROM `gc_node` ORDER BY sort asc  [ RunTime:0.000355s ]
[ error ] [8]未定义数组索引: auth_code[/Users/zhujunjie/www/guochen/runtime/temp/61a17f9903f4f1cc154274d4bcdf58e8.php:47]

---------------------------------------------------------------
[ 2017-10-20T10:27:15+08:00 ] 127.0.0.1 127.0.0.1 GET /role/edit?auth_code=1
[ log ] admin.guochen.com/role/edit?auth_code=1 [运行时间：0.022065s][吞吐率：45.32req/s] [内存消耗：3,413.81kb] [文件加载：49]
[ info ] [ LANG ] /Users/zhujunjie/www/guochen/thinkphp/lang/zh-cn.php
[ info ] [ BIND ] 'admin'
[ info ] [ ROUTE ] array (
  'type' => 'module',
  'module' => 
  array (
    0 => 'admin',
    1 => 'role',
    2 => 'edit',
  ),
)
[ info ] [ HEADER ] array (
  'host' => 'admin.guochen.com',
  'connection' => 'keep-alive',
  'cache-control' => 'max-age=0',
  'upgrade-insecure-requests' => '1',
  'user-agent' => 'Mozilla/5.0 (Macintosh; Intel Mac OS X 10_11_6) AppleWebKit/537.36 (KHTML, like Gecko) Chrome/61.0.3163.100 Safari/537.36',
  'accept' => 'text/html,application/xhtml+xml,application/xml;q=0.9,image/webp,image/apng,*/*;q=0.8',
  'referer' => 'http://admin.guochen.com/role/index?v=4.0',
  'accept-encoding' => 'gzip, deflate',
  'accept-language' => 'zh-CN,zh;q=0.8,en;q=0.6',
  'cookie' => 'pgv_pvi=2859075584; PHPSESSID=5q43jg4toa02qnsousshd0mt92',
  'content-type' => '',
  'content-length' => '',
)
[ info ] [ PARAM ] array (
  'auth_code' => '1',
)
[ info ] [ SESSION ] INIT array (
  'id' => '',
  'var_session_id' => '',
  'prefix' => 'think',
  'type' => '',
  'auto_start' => true,
)
[ info ] [ RUN ] app\admin\controller\Role->edit[ /Users/zhujunjie/www/guochen/apps/admin/controller/Role.php ]
[ info ] [ DB ] INIT mysql
[ info ] [ LOG ] INIT File
[ sql ] [ DB ] CONNECT:[ UseTime:0.000892s ] mysql:dbname=guochen;host=127.0.0.1;port=3306;charset=utf8
[ sql ] [ SQL ] SHOW COLUMNS FROM `gc_auth_detail` [ RunTime:0.002204s ]
[ sql ] [ SQL ] SELECT * FROM `gc_auth_detail` WHERE  `auth_code` = 1 LIMIT 1    [ RunTime:0.000454s ]

---------------------------------------------------------------
[ 2017-10-20T10:27:37+08:00 ] 127.0.0.1 127.0.0.1 GET /role/edit?auth_code=1
[ log ] admin.guochen.com/role/edit?auth_code=1 [运行时间：0.025479s][吞吐率：39.25req/s] [内存消耗：3,479.42kb] [文件加载：51]
[ info ] [ LANG ] /Users/zhujunjie/www/guochen/thinkphp/lang/zh-cn.php
[ info ] [ BIND ] 'admin'
[ info ] [ ROUTE ] array (
  'type' => 'module',
  'module' => 
  array (
    0 => 'admin',
    1 => 'role',
    2 => 'edit',
  ),
)
[ info ] [ HEADER ] array (
  'host' => 'admin.guochen.com',
  'connection' => 'keep-alive',
  'cache-control' => 'max-age=0',
  'upgrade-insecure-requests' => '1',
  'user-agent' => 'Mozilla/5.0 (Macintosh; Intel Mac OS X 10_11_6) AppleWebKit/537.36 (KHTML, like Gecko) Chrome/61.0.3163.100 Safari/537.36',
  'accept' => 'text/html,application/xhtml+xml,application/xml;q=0.9,image/webp,image/apng,*/*;q=0.8',
  'referer' => 'http://admin.guochen.com/role/index?v=4.0',
  'accept-encoding' => 'gzip, deflate',
  'accept-language' => 'zh-CN,zh;q=0.8,en;q=0.6',
  'cookie' => 'pgv_pvi=2859075584; PHPSESSID=5q43jg4toa02qnsousshd0mt92',
  'content-type' => '',
  'content-length' => '',
)
[ info ] [ PARAM ] array (
  'auth_code' => '1',
)
[ info ] [ SESSION ] INIT array (
  'id' => '',
  'var_session_id' => '',
  'prefix' => 'think',
  'type' => '',
  'auto_start' => true,
)
[ info ] [ RUN ] app\admin\controller\Role->edit[ /Users/zhujunjie/www/guochen/apps/admin/controller/Role.php ]
[ info ] [ DB ] INIT mysql
[ info ] [ DB ] INIT mysql
[ info ] [ VIEW ] /Users/zhujunjie/www/guochen/public/../apps/admin/view/role/edit.html [ array (
  0 => 'node',
  1 => 'data',
) ]
[ info ] [ LOG ] INIT File
[ sql ] [ DB ] CONNECT:[ UseTime:0.000882s ] mysql:dbname=guochen;host=127.0.0.1;port=3306;charset=utf8
[ sql ] [ SQL ] SHOW COLUMNS FROM `gc_auth_detail` [ RunTime:0.000719s ]
[ sql ] [ SQL ] SELECT * FROM `gc_auth_detail` WHERE  `auth_code` = 1 LIMIT 1    [ RunTime:0.000422s ]
[ sql ] [ DB ] CONNECT:[ UseTime:0.000885s ] mysql:dbname=guochen;host=127.0.0.1;port=3306;charset=utf8
[ sql ] [ SQL ] SHOW COLUMNS FROM `gc_node` [ RunTime:0.000735s ]
[ sql ] [ SQL ] SELECT `id`,`remark` FROM `gc_node` ORDER BY sort asc  [ RunTime:0.000349s ]

---------------------------------------------------------------
[ 2017-10-20T10:30:36+08:00 ] 127.0.0.1 127.0.0.1 GET /role/edit?auth_code=1
[ log ] admin.guochen.com/role/edit?auth_code=1 [运行时间：0.037259s][吞吐率：26.84req/s] [内存消耗：3,709.03kb] [文件加载：53]
[ info ] [ LANG ] /Users/zhujunjie/www/guochen/thinkphp/lang/zh-cn.php
[ info ] [ BIND ] 'admin'
[ info ] [ ROUTE ] array (
  'type' => 'module',
  'module' => 
  array (
    0 => 'admin',
    1 => 'role',
    2 => 'edit',
  ),
)
[ info ] [ HEADER ] array (
  'host' => 'admin.guochen.com',
  'connection' => 'keep-alive',
  'cache-control' => 'max-age=0',
  'upgrade-insecure-requests' => '1',
  'user-agent' => 'Mozilla/5.0 (Macintosh; Intel Mac OS X 10_11_6) AppleWebKit/537.36 (KHTML, like Gecko) Chrome/61.0.3163.100 Safari/537.36',
  'accept' => 'text/html,application/xhtml+xml,application/xml;q=0.9,image/webp,image/apng,*/*;q=0.8',
  'referer' => 'http://admin.guochen.com/role/edit?auth_code=1',
  'accept-encoding' => 'gzip, deflate',
  'accept-language' => 'zh-CN,zh;q=0.8,en;q=0.6',
  'cookie' => 'pgv_pvi=2859075584; PHPSESSID=5q43jg4toa02qnsousshd0mt92',
  'content-type' => '',
  'content-length' => '',
)
[ info ] [ PARAM ] array (
  'auth_code' => '1',
)
[ info ] [ SESSION ] INIT array (
  'id' => '',
  'var_session_id' => '',
  'prefix' => 'think',
  'type' => '',
  'auto_start' => true,
)
[ info ] [ RUN ] app\admin\controller\Role->edit[ /Users/zhujunjie/www/guochen/apps/admin/controller/Role.php ]
[ info ] [ DB ] INIT mysql
[ info ] [ DB ] INIT mysql
[ info ] [ VIEW ] /Users/zhujunjie/www/guochen/public/../apps/admin/view/role/edit.html [ array (
  0 => 'node',
  1 => 'data',
) ]
[ info ] [ LOG ] INIT File
[ sql ] [ DB ] CONNECT:[ UseTime:0.001177s ] mysql:dbname=guochen;host=127.0.0.1;port=3306;charset=utf8
[ sql ] [ SQL ] SHOW COLUMNS FROM `gc_auth_detail` [ RunTime:0.000761s ]
[ sql ] [ SQL ] SELECT * FROM `gc_auth_detail` WHERE  `auth_code` = 1 LIMIT 1    [ RunTime:0.000854s ]
[ sql ] [ DB ] CONNECT:[ UseTime:0.000938s ] mysql:dbname=guochen;host=127.0.0.1;port=3306;charset=utf8
[ sql ] [ SQL ] SHOW COLUMNS FROM `gc_node` [ RunTime:0.000769s ]
[ sql ] [ SQL ] SELECT `id`,`remark` FROM `gc_node` ORDER BY sort asc  [ RunTime:0.000414s ]

---------------------------------------------------------------
[ 2017-10-20T10:34:06+08:00 ] 127.0.0.1 127.0.0.1 GET /role/edit?auth_code=1
[ log ] admin.guochen.com/role/edit?auth_code=1 [运行时间：0.031741s][吞吐率：31.50req/s] [内存消耗：3,709.80kb] [文件加载：53]
[ info ] [ LANG ] /Users/zhujunjie/www/guochen/thinkphp/lang/zh-cn.php
[ info ] [ BIND ] 'admin'
[ info ] [ ROUTE ] array (
  'type' => 'module',
  'module' => 
  array (
    0 => 'admin',
    1 => 'role',
    2 => 'edit',
  ),
)
[ info ] [ HEADER ] array (
  'host' => 'admin.guochen.com',
  'connection' => 'keep-alive',
  'cache-control' => 'max-age=0',
  'upgrade-insecure-requests' => '1',
  'user-agent' => 'Mozilla/5.0 (Macintosh; Intel Mac OS X 10_11_6) AppleWebKit/537.36 (KHTML, like Gecko) Chrome/61.0.3163.100 Safari/537.36',
  'accept' => 'text/html,application/xhtml+xml,application/xml;q=0.9,image/webp,image/apng,*/*;q=0.8',
  'referer' => 'http://admin.guochen.com/role/edit?auth_code=1',
  'accept-encoding' => 'gzip, deflate',
  'accept-language' => 'zh-CN,zh;q=0.8,en;q=0.6',
  'cookie' => 'pgv_pvi=2859075584; PHPSESSID=5q43jg4toa02qnsousshd0mt92',
  'content-type' => '',
  'content-length' => '',
)
[ info ] [ PARAM ] array (
  'auth_code' => '1',
)
[ info ] [ SESSION ] INIT array (
  'id' => '',
  'var_session_id' => '',
  'prefix' => 'think',
  'type' => '',
  'auto_start' => true,
)
[ info ] [ RUN ] app\admin\controller\Role->edit[ /Users/zhujunjie/www/guochen/apps/admin/controller/Role.php ]
[ info ] [ DB ] INIT mysql
[ info ] [ DB ] INIT mysql
[ info ] [ VIEW ] /Users/zhujunjie/www/guochen/public/../apps/admin/view/role/edit.html [ array (
  0 => 'node',
  1 => 'data',
) ]
[ info ] [ LOG ] INIT File
[ sql ] [ DB ] CONNECT:[ UseTime:0.000945s ] mysql:dbname=guochen;host=127.0.0.1;port=3306;charset=utf8
[ sql ] [ SQL ] SHOW COLUMNS FROM `gc_auth_detail` [ RunTime:0.000750s ]
[ sql ] [ SQL ] SELECT * FROM `gc_auth_detail` WHERE  `auth_code` = 1 LIMIT 1    [ RunTime:0.000627s ]
[ sql ] [ DB ] CONNECT:[ UseTime:0.001116s ] mysql:dbname=guochen;host=127.0.0.1;port=3306;charset=utf8
[ sql ] [ SQL ] SHOW COLUMNS FROM `gc_node` [ RunTime:0.001720s ]
[ sql ] [ SQL ] SELECT `id`,`remark` FROM `gc_node` ORDER BY sort asc  [ RunTime:0.000343s ]

---------------------------------------------------------------
[ 2017-10-20T10:34:11+08:00 ] 127.0.0.1 127.0.0.1 POST /role/edit
[ log ] admin.guochen.com/role/edit [运行时间：0.033423s][吞吐率：29.92req/s] [内存消耗：3,491.39kb] [文件加载：52]
[ info ] [ LANG ] /Users/zhujunjie/www/guochen/thinkphp/lang/zh-cn.php
[ info ] [ BIND ] 'admin'
[ info ] [ ROUTE ] array (
  'type' => 'module',
  'module' => 
  array (
    0 => 'admin',
    1 => 'role',
    2 => 'edit',
  ),
)
[ info ] [ HEADER ] array (
  'host' => 'admin.guochen.com',
  'connection' => 'keep-alive',
  'content-length' => '94',
  'accept' => 'application/json, text/javascript, */*; q=0.01',
  'origin' => 'http://admin.guochen.com',
  'x-requested-with' => 'XMLHttpRequest',
  'user-agent' => 'Mozilla/5.0 (Macintosh; Intel Mac OS X 10_11_6) AppleWebKit/537.36 (KHTML, like Gecko) Chrome/61.0.3163.100 Safari/537.36',
  'content-type' => 'application/x-www-form-urlencoded; charset=UTF-8',
  'referer' => 'http://admin.guochen.com/role/edit?auth_code=1',
  'accept-encoding' => 'gzip, deflate',
  'accept-language' => 'zh-CN,zh;q=0.8,en;q=0.6',
  'cookie' => 'pgv_pvi=2859075584; PHPSESSID=5q43jg4toa02qnsousshd0mt92',
)
[ info ] [ PARAM ] array (
  'auth_code' => '1',
  'auth_name' => '管理员',
  'admin_code' => 
  array (
    0 => '1',
  ),
  'action_code' => '1',
  'sell_code' => '1',
)
[ info ] [ SESSION ] INIT array (
  'id' => '',
  'var_session_id' => '',
  'prefix' => 'think',
  'type' => '',
  'auto_start' => true,
)
[ info ] [ RUN ] app\admin\controller\Role->edit[ /Users/zhujunjie/www/guochen/apps/admin/controller/Role.php ]
[ info ] [ DB ] INIT mysql
[ info ] [ DB ] INIT mysql
[ info ] [ VIEW ] /Users/zhujunjie/www/guochen/public/../apps/admin/view/role/edit.html [ array (
  0 => 'node',
  1 => 'data',
) ]
[ info ] [ LOG ] INIT File
[ sql ] [ DB ] CONNECT:[ UseTime:0.001021s ] mysql:dbname=guochen;host=127.0.0.1;port=3306;charset=utf8
[ sql ] [ SQL ] SHOW COLUMNS FROM `gc_auth_detail` [ RunTime:0.000715s ]
[ sql ] [ SQL ] SELECT * FROM `gc_auth_detail` WHERE  `auth_code` = 1 LIMIT 1    [ RunTime:0.000458s ]
[ sql ] [ DB ] CONNECT:[ UseTime:0.000894s ] mysql:dbname=guochen;host=127.0.0.1;port=3306;charset=utf8
[ sql ] [ SQL ] SHOW COLUMNS FROM `gc_node` [ RunTime:0.000734s ]
[ sql ] [ SQL ] SELECT `id`,`remark` FROM `gc_node` ORDER BY sort asc  [ RunTime:0.000552s ]

---------------------------------------------------------------
[ 2017-10-20T10:36:01+08:00 ] 127.0.0.1 127.0.0.1 POST /role/edit
[ log ] admin.guochen.com/role/edit [运行时间：0.034723s][吞吐率：28.80req/s] [内存消耗：3,458.21kb] [文件加载：51]
[ info ] [ LANG ] /Users/zhujunjie/www/guochen/thinkphp/lang/zh-cn.php
[ info ] [ BIND ] 'admin'
[ info ] [ ROUTE ] array (
  'type' => 'module',
  'module' => 
  array (
    0 => 'admin',
    1 => 'role',
    2 => 'edit',
  ),
)
[ info ] [ HEADER ] array (
  'host' => 'admin.guochen.com',
  'connection' => 'keep-alive',
  'content-length' => '94',
  'accept' => 'application/json, text/javascript, */*; q=0.01',
  'origin' => 'http://admin.guochen.com',
  'x-requested-with' => 'XMLHttpRequest',
  'user-agent' => 'Mozilla/5.0 (Macintosh; Intel Mac OS X 10_11_6) AppleWebKit/537.36 (KHTML, like Gecko) Chrome/61.0.3163.100 Safari/537.36',
  'content-type' => 'application/x-www-form-urlencoded; charset=UTF-8',
  'referer' => 'http://admin.guochen.com/role/edit?auth_code=1',
  'accept-encoding' => 'gzip, deflate',
  'accept-language' => 'zh-CN,zh;q=0.8,en;q=0.6',
  'cookie' => 'pgv_pvi=2859075584; PHPSESSID=5q43jg4toa02qnsousshd0mt92',
)
[ info ] [ PARAM ] array (
  'auth_code' => '1',
  'auth_name' => '管理员',
  'admin_code' => 
  array (
    0 => '1',
  ),
  'action_code' => '1',
  'sell_code' => '1',
)
[ info ] [ SESSION ] INIT array (
  'id' => '',
  'var_session_id' => '',
  'prefix' => 'think',
  'type' => '',
  'auto_start' => true,
)
[ info ] [ RUN ] app\admin\controller\Role->edit[ /Users/zhujunjie/www/guochen/apps/admin/controller/Role.php ]
[ info ] [ DB ] INIT mysql
[ info ] [ LOG ] INIT File
[ sql ] [ DB ] CONNECT:[ UseTime:0.000999s ] mysql:dbname=guochen;host=127.0.0.1;port=3306;charset=utf8
[ sql ] [ SQL ] SHOW COLUMNS FROM `gc_auth_detail` [ RunTime:0.000722s ]
[ sql ] [ SQL ] UPDATE `gc_auth_detail`  SET `auth_code`=1,`auth_name`='管理员',`admin_code`='[\"1\"]',`action_code`=1,`sell_code`=1  WHERE  `auth_code` = 1         [ RunTime:0.005398s ]

---------------------------------------------------------------
[ 2017-10-20T10:36:01+08:00 ] 127.0.0.1 127.0.0.1 GET /role/index
[ log ] admin.guochen.com/role/index [运行时间：0.026342s][吞吐率：37.96req/s] [内存消耗：3,480.72kb] [文件加载：51]
[ info ] [ LANG ] /Users/zhujunjie/www/guochen/thinkphp/lang/zh-cn.php
[ info ] [ BIND ] 'admin'
[ info ] [ ROUTE ] array (
  'type' => 'module',
  'module' => 
  array (
    0 => 'admin',
    1 => 'role',
    2 => 'index',
  ),
)
[ info ] [ HEADER ] array (
  'host' => 'admin.guochen.com',
  'connection' => 'keep-alive',
  'upgrade-insecure-requests' => '1',
  'user-agent' => 'Mozilla/5.0 (Macintosh; Intel Mac OS X 10_11_6) AppleWebKit/537.36 (KHTML, like Gecko) Chrome/61.0.3163.100 Safari/537.36',
  'accept' => 'text/html,application/xhtml+xml,application/xml;q=0.9,image/webp,image/apng,*/*;q=0.8',
  'referer' => 'http://admin.guochen.com/role/edit?auth_code=1',
  'accept-encoding' => 'gzip, deflate',
  'accept-language' => 'zh-CN,zh;q=0.8,en;q=0.6',
  'cookie' => 'pgv_pvi=2859075584; PHPSESSID=5q43jg4toa02qnsousshd0mt92',
  'content-type' => '',
  'content-length' => '',
)
[ info ] [ PARAM ] array (
)
[ info ] [ SESSION ] INIT array (
  'id' => '',
  'var_session_id' => '',
  'prefix' => 'think',
  'type' => '',
  'auto_start' => true,
)
[ info ] [ RUN ] app\admin\controller\Role->index[ /Users/zhujunjie/www/guochen/apps/admin/controller/Role.php ]
[ info ] [ DB ] INIT mysql
[ info ] [ DB ] INIT mysql
[ info ] [ VIEW ] /Users/zhujunjie/www/guochen/public/../apps/admin/view/role/index.html [ array (
  0 => 'list',
) ]
[ info ] [ LOG ] INIT File
[ sql ] [ DB ] CONNECT:[ UseTime:0.000943s ] mysql:dbname=guochen;host=127.0.0.1;port=3306;charset=utf8
[ sql ] [ SQL ] SHOW COLUMNS FROM `gc_auth_detail` [ RunTime:0.000762s ]
[ sql ] [ SQL ] SELECT * FROM `gc_auth_detail`  [ RunTime:0.000429s ]
[ sql ] [ DB ] CONNECT:[ UseTime:0.000898s ] mysql:dbname=guochen;host=127.0.0.1;port=3306;charset=utf8
[ sql ] [ SQL ] SHOW COLUMNS FROM `gc_node` [ RunTime:0.000774s ]
[ sql ] [ SQL ] SELECT `remark` FROM `gc_node` WHERE  `id` IN (1)   [ RunTime:0.000472s ]

---------------------------------------------------------------
[ 2017-10-20T10:36:05+08:00 ] 127.0.0.1 127.0.0.1 GET /role/edit?auth_code=1
[ log ] admin.guochen.com/role/edit?auth_code=1 [运行时间：0.029814s][吞吐率：33.54req/s] [内存消耗：3,483.97kb] [文件加载：51]
[ info ] [ LANG ] /Users/zhujunjie/www/guochen/thinkphp/lang/zh-cn.php
[ info ] [ BIND ] 'admin'
[ info ] [ ROUTE ] array (
  'type' => 'module',
  'module' => 
  array (
    0 => 'admin',
    1 => 'role',
    2 => 'edit',
  ),
)
[ info ] [ HEADER ] array (
  'host' => 'admin.guochen.com',
  'connection' => 'keep-alive',
  'upgrade-insecure-requests' => '1',
  'user-agent' => 'Mozilla/5.0 (Macintosh; Intel Mac OS X 10_11_6) AppleWebKit/537.36 (KHTML, like Gecko) Chrome/61.0.3163.100 Safari/537.36',
  'accept' => 'text/html,application/xhtml+xml,application/xml;q=0.9,image/webp,image/apng,*/*;q=0.8',
  'referer' => 'http://admin.guochen.com/role/index',
  'accept-encoding' => 'gzip, deflate',
  'accept-language' => 'zh-CN,zh;q=0.8,en;q=0.6',
  'cookie' => 'pgv_pvi=2859075584; PHPSESSID=5q43jg4toa02qnsousshd0mt92',
  'content-type' => '',
  'content-length' => '',
)
[ info ] [ PARAM ] array (
  'auth_code' => '1',
)
[ info ] [ SESSION ] INIT array (
  'id' => '',
  'var_session_id' => '',
  'prefix' => 'think',
  'type' => '',
  'auto_start' => true,
)
[ info ] [ RUN ] app\admin\controller\Role->edit[ /Users/zhujunjie/www/guochen/apps/admin/controller/Role.php ]
[ info ] [ DB ] INIT mysql
[ info ] [ DB ] INIT mysql
[ info ] [ VIEW ] /Users/zhujunjie/www/guochen/public/../apps/admin/view/role/edit.html [ array (
  0 => 'node',
  1 => 'data',
) ]
[ info ] [ LOG ] INIT File
[ sql ] [ DB ] CONNECT:[ UseTime:0.001057s ] mysql:dbname=guochen;host=127.0.0.1;port=3306;charset=utf8
[ sql ] [ SQL ] SHOW COLUMNS FROM `gc_auth_detail` [ RunTime:0.000768s ]
[ sql ] [ SQL ] SELECT * FROM `gc_auth_detail` WHERE  `auth_code` = 1 LIMIT 1    [ RunTime:0.000776s ]
[ sql ] [ DB ] CONNECT:[ UseTime:0.001023s ] mysql:dbname=guochen;host=127.0.0.1;port=3306;charset=utf8
[ sql ] [ SQL ] SHOW COLUMNS FROM `gc_node` [ RunTime:0.000736s ]
[ sql ] [ SQL ] SELECT `id`,`remark` FROM `gc_node` ORDER BY sort asc  [ RunTime:0.000404s ]

---------------------------------------------------------------
[ 2017-10-20T10:42:17+08:00 ] 127.0.0.1 127.0.0.1 POST /role/edit
[ log ] admin.guochen.com/role/edit [运行时间：0.030176s][吞吐率：33.14req/s] [内存消耗：3,458.62kb] [文件加载：51]
[ info ] [ LANG ] /Users/zhujunjie/www/guochen/thinkphp/lang/zh-cn.php
[ info ] [ BIND ] 'admin'
[ info ] [ ROUTE ] array (
  'type' => 'module',
  'module' => 
  array (
    0 => 'admin',
    1 => 'role',
    2 => 'edit',
  ),
)
[ info ] [ HEADER ] array (
  'host' => 'admin.guochen.com',
  'connection' => 'keep-alive',
  'content-length' => '113',
  'accept' => 'application/json, text/javascript, */*; q=0.01',
  'origin' => 'http://admin.guochen.com',
  'x-requested-with' => 'XMLHttpRequest',
  'user-agent' => 'Mozilla/5.0 (Macintosh; Intel Mac OS X 10_11_6) AppleWebKit/537.36 (KHTML, like Gecko) Chrome/61.0.3163.100 Safari/537.36',
  'content-type' => 'application/x-www-form-urlencoded; charset=UTF-8',
  'referer' => 'http://admin.guochen.com/role/edit?auth_code=1',
  'accept-encoding' => 'gzip, deflate',
  'accept-language' => 'zh-CN,zh;q=0.8,en;q=0.6',
  'cookie' => 'pgv_pvi=2859075584; PHPSESSID=5q43jg4toa02qnsousshd0mt92',
)
[ info ] [ PARAM ] array (
  'auth_code' => '1',
  'auth_name' => '管理员',
  'admin_code' => 
  array (
    0 => '1',
    1 => '2',
  ),
  'action_code' => '1',
  'sell_code' => '1',
)
[ info ] [ SESSION ] INIT array (
  'id' => '',
  'var_session_id' => '',
  'prefix' => 'think',
  'type' => '',
  'auto_start' => true,
)
[ info ] [ RUN ] app\admin\controller\Role->edit[ /Users/zhujunjie/www/guochen/apps/admin/controller/Role.php ]
[ info ] [ DB ] INIT mysql
[ info ] [ LOG ] INIT File
[ sql ] [ DB ] CONNECT:[ UseTime:0.001410s ] mysql:dbname=guochen;host=127.0.0.1;port=3306;charset=utf8
[ sql ] [ SQL ] SHOW COLUMNS FROM `gc_auth_detail` [ RunTime:0.000975s ]
[ sql ] [ SQL ] UPDATE `gc_auth_detail`  SET `auth_code`=1,`auth_name`='管理员',`admin_code`='[\"1\",\"2\"]',`action_code`=1,`sell_code`=1  WHERE  `auth_code` = 1         [ RunTime:0.002294s ]

---------------------------------------------------------------
[ 2017-10-20T10:42:17+08:00 ] 127.0.0.1 127.0.0.1 GET /role/index
[ log ] admin.guochen.com/role/index [运行时间：0.024649s][吞吐率：40.57req/s] [内存消耗：3,481.81kb] [文件加载：51]
[ info ] [ LANG ] /Users/zhujunjie/www/guochen/thinkphp/lang/zh-cn.php
[ info ] [ BIND ] 'admin'
[ info ] [ ROUTE ] array (
  'type' => 'module',
  'module' => 
  array (
    0 => 'admin',
    1 => 'role',
    2 => 'index',
  ),
)
[ info ] [ HEADER ] array (
  'host' => 'admin.guochen.com',
  'connection' => 'keep-alive',
  'upgrade-insecure-requests' => '1',
  'user-agent' => 'Mozilla/5.0 (Macintosh; Intel Mac OS X 10_11_6) AppleWebKit/537.36 (KHTML, like Gecko) Chrome/61.0.3163.100 Safari/537.36',
  'accept' => 'text/html,application/xhtml+xml,application/xml;q=0.9,image/webp,image/apng,*/*;q=0.8',
  'referer' => 'http://admin.guochen.com/role/edit?auth_code=1',
  'accept-encoding' => 'gzip, deflate',
  'accept-language' => 'zh-CN,zh;q=0.8,en;q=0.6',
  'cookie' => 'pgv_pvi=2859075584; PHPSESSID=5q43jg4toa02qnsousshd0mt92',
  'content-type' => '',
  'content-length' => '',
)
[ info ] [ PARAM ] array (
)
[ info ] [ SESSION ] INIT array (
  'id' => '',
  'var_session_id' => '',
  'prefix' => 'think',
  'type' => '',
  'auto_start' => true,
)
[ info ] [ RUN ] app\admin\controller\Role->index[ /Users/zhujunjie/www/guochen/apps/admin/controller/Role.php ]
[ info ] [ DB ] INIT mysql
[ info ] [ DB ] INIT mysql
[ info ] [ VIEW ] /Users/zhujunjie/www/guochen/public/../apps/admin/view/role/index.html [ array (
  0 => 'list',
) ]
[ info ] [ LOG ] INIT File
[ sql ] [ DB ] CONNECT:[ UseTime:0.000855s ] mysql:dbname=guochen;host=127.0.0.1;port=3306;charset=utf8
[ sql ] [ SQL ] SHOW COLUMNS FROM `gc_auth_detail` [ RunTime:0.000624s ]
[ sql ] [ SQL ] SELECT * FROM `gc_auth_detail`  [ RunTime:0.000396s ]
[ sql ] [ DB ] CONNECT:[ UseTime:0.000972s ] mysql:dbname=guochen;host=127.0.0.1;port=3306;charset=utf8
[ sql ] [ SQL ] SHOW COLUMNS FROM `gc_node` [ RunTime:0.000644s ]
[ sql ] [ SQL ] SELECT `remark` FROM `gc_node` WHERE  `id` IN (1,2)    [ RunTime:0.000381s ]

---------------------------------------------------------------
[ 2017-10-20T10:43:21+08:00 ] 127.0.0.1 127.0.0.1 GET /staff/index?v=4.0
[ log ] admin.guochen.com/staff/index?v=4.0 [运行时间：0.078465s][吞吐率：12.74req/s] [内存消耗：3,627.52kb] [文件加载：55]
[ info ] [ LANG ] /Users/zhujunjie/www/guochen/thinkphp/lang/zh-cn.php
[ info ] [ BIND ] 'admin'
[ info ] [ ROUTE ] array (
  'type' => 'module',
  'module' => 
  array (
    0 => 'admin',
    1 => 'staff',
    2 => 'index',
  ),
)
[ info ] [ HEADER ] array (
  'host' => 'admin.guochen.com',
  'connection' => 'keep-alive',
  'upgrade-insecure-requests' => '1',
  'user-agent' => 'Mozilla/5.0 (Macintosh; Intel Mac OS X 10_11_6) AppleWebKit/537.36 (KHTML, like Gecko) Chrome/61.0.3163.100 Safari/537.36',
  'accept' => 'text/html,application/xhtml+xml,application/xml;q=0.9,image/webp,image/apng,*/*;q=0.8',
  'referer' => 'http://admin.guochen.com/index/index',
  'accept-encoding' => 'gzip, deflate',
  'accept-language' => 'zh-CN,zh;q=0.8,en;q=0.6',
  'cookie' => 'pgv_pvi=2859075584; PHPSESSID=5q43jg4toa02qnsousshd0mt92',
  'content-type' => '',
  'content-length' => '',
)
[ info ] [ PARAM ] array (
  'v' => '4.0',
)
[ info ] [ SESSION ] INIT array (
  'id' => '',
  'var_session_id' => '',
  'prefix' => 'think',
  'type' => '',
  'auto_start' => true,
)
[ info ] [ RUN ] app\admin\controller\Staff->index[ /Users/zhujunjie/www/guochen/apps/admin/controller/Staff.php ]
[ info ] [ DB ] INIT mysql
[ info ] [ VIEW ] /Users/zhujunjie/www/guochen/public/../apps/admin/view/staff/index.html [ array (
  0 => 'key',
  1 => 'page',
  2 => 'list',
) ]
[ info ] [ LOG ] INIT File
[ sql ] [ DB ] CONNECT:[ UseTime:0.001839s ] mysql:dbname=guochen;host=127.0.0.1;port=3306;charset=utf8
[ sql ] [ SQL ] SHOW COLUMNS FROM `gc_admin_users` [ RunTime:0.005034s ]
[ sql ] [ SQL ] SELECT COUNT(*) AS tp_count FROM `gc_admin_users` WHERE  (  1=1 ) LIMIT 1   [ RunTime:0.001268s ]
[ sql ] [ SQL ] SELECT `admin_id`,`auth_code`,`realname`,`admin_user`,`mobile`,`weixin`,`qq`,`job_number`,`sclinic_list`,`sex`,`birthday`,`reg_time` FROM `gc_admin_users` WHERE  (  1=1 ) LIMIT 0,15   [ RunTime:0.000561s ]

---------------------------------------------------------------
[ 2017-10-20T10:55:30+08:00 ] 127.0.0.1 127.0.0.1 GET /staff/index?v=4.0
[ log ] admin.guochen.com/staff/index?v=4.0 [运行时间：0.036069s][吞吐率：27.72req/s] [内存消耗：3,628.15kb] [文件加载：55]
[ info ] [ LANG ] /Users/zhujunjie/www/guochen/thinkphp/lang/zh-cn.php
[ info ] [ BIND ] 'admin'
[ info ] [ ROUTE ] array (
  'type' => 'module',
  'module' => 
  array (
    0 => 'admin',
    1 => 'staff',
    2 => 'index',
  ),
)
[ info ] [ HEADER ] array (
  'host' => 'admin.guochen.com',
  'connection' => 'keep-alive',
  'cache-control' => 'max-age=0',
  'upgrade-insecure-requests' => '1',
  'user-agent' => 'Mozilla/5.0 (Macintosh; Intel Mac OS X 10_11_6) AppleWebKit/537.36 (KHTML, like Gecko) Chrome/61.0.3163.100 Safari/537.36',
  'accept' => 'text/html,application/xhtml+xml,application/xml;q=0.9,image/webp,image/apng,*/*;q=0.8',
  'referer' => 'http://admin.guochen.com/staff/index?v=4.0',
  'accept-encoding' => 'gzip, deflate',
  'accept-language' => 'zh-CN,zh;q=0.8,en;q=0.6',
  'cookie' => 'pgv_pvi=2859075584; PHPSESSID=5q43jg4toa02qnsousshd0mt92',
  'content-type' => '',
  'content-length' => '',
)
[ info ] [ PARAM ] array (
  'v' => '4.0',
)
[ info ] [ SESSION ] INIT array (
  'id' => '',
  'var_session_id' => '',
  'prefix' => 'think',
  'type' => '',
  'auto_start' => true,
)
[ info ] [ RUN ] app\admin\controller\Staff->index[ /Users/zhujunjie/www/guochen/apps/admin/controller/Staff.php ]
[ info ] [ DB ] INIT mysql
[ info ] [ VIEW ] /Users/zhujunjie/www/guochen/public/../apps/admin/view/staff/index.html [ array (
  0 => 'key',
  1 => 'page',
  2 => 'list',
) ]
[ info ] [ LOG ] INIT File
[ sql ] [ DB ] CONNECT:[ UseTime:0.000975s ] mysql:dbname=guochen;host=127.0.0.1;port=3306;charset=utf8
[ sql ] [ SQL ] SHOW COLUMNS FROM `gc_admin_users` [ RunTime:0.000853s ]
[ sql ] [ SQL ] SELECT COUNT(*) AS tp_count FROM `gc_admin_users` WHERE  (  1=1 ) LIMIT 1   [ RunTime:0.000371s ]
[ sql ] [ SQL ] SELECT `admin_id`,`auth_code`,`realname`,`admin_user`,`mobile`,`weixin`,`qq`,`job_number`,`sclinic_list`,`sex`,`birthday`,`reg_time` FROM `gc_admin_users` WHERE  (  1=1 ) LIMIT 0,15   [ RunTime:0.000462s ]

---------------------------------------------------------------
[ 2017-10-20T11:02:48+08:00 ] 127.0.0.1 127.0.0.1 GET /staff/index?v=4.0
[ log ] admin.guochen.com/staff/index?v=4.0 [运行时间：0.033046s][吞吐率：30.26req/s] [内存消耗：3,880.84kb] [文件加载：57]
[ info ] [ LANG ] /Users/zhujunjie/www/guochen/thinkphp/lang/zh-cn.php
[ info ] [ BIND ] 'admin'
[ info ] [ ROUTE ] array (
  'type' => 'module',
  'module' => 
  array (
    0 => 'admin',
    1 => 'staff',
    2 => 'index',
  ),
)
[ info ] [ HEADER ] array (
  'host' => 'admin.guochen.com',
  'connection' => 'keep-alive',
  'cache-control' => 'max-age=0',
  'upgrade-insecure-requests' => '1',
  'user-agent' => 'Mozilla/5.0 (Macintosh; Intel Mac OS X 10_11_6) AppleWebKit/537.36 (KHTML, like Gecko) Chrome/61.0.3163.100 Safari/537.36',
  'accept' => 'text/html,application/xhtml+xml,application/xml;q=0.9,image/webp,image/apng,*/*;q=0.8',
  'referer' => 'http://admin.guochen.com/staff/index?v=4.0',
  'accept-encoding' => 'gzip, deflate',
  'accept-language' => 'zh-CN,zh;q=0.8,en;q=0.6',
  'cookie' => 'pgv_pvi=2859075584; PHPSESSID=5q43jg4toa02qnsousshd0mt92',
  'content-type' => '',
  'content-length' => '',
)
[ info ] [ PARAM ] array (
  'v' => '4.0',
)
[ info ] [ SESSION ] INIT array (
  'id' => '',
  'var_session_id' => '',
  'prefix' => 'think',
  'type' => '',
  'auto_start' => true,
)
[ info ] [ RUN ] app\admin\controller\Staff->index[ /Users/zhujunjie/www/guochen/apps/admin/controller/Staff.php ]
[ info ] [ DB ] INIT mysql
[ info ] [ VIEW ] /Users/zhujunjie/www/guochen/public/../apps/admin/view/staff/index.html [ array (
  0 => 'key',
  1 => 'page',
  2 => 'list',
) ]
[ info ] [ DB ] INIT mysql
[ info ] [ LOG ] INIT File
[ sql ] [ DB ] CONNECT:[ UseTime:0.000920s ] mysql:dbname=guochen;host=127.0.0.1;port=3306;charset=utf8
[ sql ] [ SQL ] SHOW COLUMNS FROM `gc_admin_users` [ RunTime:0.000863s ]
[ sql ] [ SQL ] SELECT COUNT(*) AS tp_count FROM `gc_admin_users` WHERE  (  1=1 ) LIMIT 1   [ RunTime:0.000415s ]
[ sql ] [ SQL ] SELECT `admin_id`,`auth_code`,`realname`,`admin_user`,`mobile`,`weixin`,`qq`,`job_number`,`sclinic_list`,`sex`,`birthday`,`reg_time` FROM `gc_admin_users` WHERE  (  1=1 ) LIMIT 0,15   [ RunTime:0.000461s ]
[ sql ] [ DB ] CONNECT:[ UseTime:0.000928s ] mysql:dbname=guochen;host=127.0.0.1;port=3306;charset=utf8
[ sql ] [ SQL ] SHOW COLUMNS FROM `gc_auth_detail` [ RunTime:0.000769s ]
[ sql ] [ SQL ] SELECT `auth_name` FROM `gc_auth_detail` WHERE  `auth_code` = 1 LIMIT 1    [ RunTime:0.000405s ]

---------------------------------------------------------------
